Change Component Designator: Old Designator=*15 New Designator=*1
Change Component Designator: Old Designator=BT? New Designator=BT1
Change Component Designator: Old Designator=C35 New Designator=C36
Change Component Designator: Old Designator=C36 New Designator=C37
Change Component Designator: Old Designator=C37 New Designator=C35
Change Component Designator: Old Designator=C41 New Designator=C42
Change Component Designator: Old Designator=C42 New Designator=C43
Change Component Designator: Old Designator=C43 New Designator=C44
Change Component Designator: Old Designator=C44 New Designator=C45
Change Component Designator: Old Designator=C45 New Designator=C46
Change Component Designator: Old Designator=C46 New Designator=C47
Change Component Designator: Old Designator=C47 New Designator=C48
Change Component Designator: Old Designator=C48 New Designator=C49
Change Component Designator: Old Designator=C49 New Designator=C50
Change Component Designator: Old Designator=C50 New Designator=C51
Change Component Designator: Old Designator=C51 New Designator=C52
Change Component Designator: Old Designator=C52 New Designator=C53
Change Component Designator: Old Designator=C53 New Designator=C54
Change Component Designator: Old Designator=C54 New Designator=C55
Change Component Designator: Old Designator=C55 New Designator=C56
Change Component Designator: Old Designator=C56 New Designator=C58
Change Component Designator: Old Designator=C57 New Designator=C59
Change Component Designator: Old Designator=C58 New Designator=C60
Change Component Designator: Old Designator=C59 New Designator=C61
Change Component Designator: Old Designator=C60 New Designator=C62
Change Component Designator: Old Designator=C61 New Designator=C63
Change Component Designator: Old Designator=C62 New Designator=C64
Change Component Designator: Old Designator=C63 New Designator=C65
Change Component Designator: Old Designator=C64 New Designator=C66
Change Component Designator: Old Designator=C65 New Designator=C67
Change Component Designator: Old Designator=C66 New Designator=C68
Change Component Designator: Old Designator=C67 New Designator=C69
Change Component Designator: Old Designator=C69 New Designator=C70
Change Component Designator: Old Designator=C70 New Designator=C72
Change Component Designator: Old Designator=C72 New Designator=C73
Change Component Designator: Old Designator=C73 New Designator=C41
Change Component Designator: Old Designator=C76 New Designator=C77
Change Component Designator: Old Designator=C77 New Designator=C78
Change Component Designator: Old Designator=C78 New Designator=C80
Change Component Designator: Old Designator=C79 New Designator=C81
Change Component Designator: Old Designator=C80 New Designator=C82
Change Component Designator: Old Designator=C81 New Designator=C79
Change Component Designator: Old Designator=C82 New Designator=C57
Change Component Designator: Old Designator=C83 New Designator=C84
Change Component Designator: Old Designator=C84 New Designator=C85
Change Component Designator: Old Designator=C85 New Designator=C83
Change Component Designator: Old Designator=C? New Designator=C76
Change Component Designator: Old Designator=D7 New Designator=D6
Change Component Designator: Old Designator=D8 New Designator=D7
Change Component Designator: Old Designator=D9 New Designator=D8
Change Component Designator: Old Designator=D10 New Designator=D9
Change Component Designator: Old Designator=D11 New Designator=D10
Change Component Designator: Old Designator=D12 New Designator=D11
Change Component Designator: Old Designator=D13 New Designator=D12
Change Component Designator: Old Designator=D14 New Designator=D13
Change Component Designator: Old Designator=D15 New Designator=D14
Change Component Designator: Old Designator=D17 New Designator=D15
Change Component Designator: Old Designator=D18 New Designator=D16
Change Component Designator: Old Designator=D19 New Designator=D17
Change Component Designator: Old Designator=D20 New Designator=D18
Change Component Designator: Old Designator=D21 New Designator=D19
Change Component Designator: Old Designator=D22 New Designator=D20
Change Component Designator: Old Designator=D23 New Designator=D21
Change Component Designator: Old Designator=D24 New Designator=D22
Change Component Designator: Old Designator=D25 New Designator=D23
Change Component Designator: Old Designator=D26 New Designator=D24
Change Component Designator: Old Designator=D27 New Designator=D25
Change Component Designator: Old Designator=K? New Designator=K2
Change Component Designator: Old Designator=K? New Designator=K4
Change Component Designator: Old Designator=K? New Designator=K5
Change Component Designator: Old Designator=L2 New Designator=L3
Change Component Designator: Old Designator=L6 New Designator=L5
Change Component Designator: Old Designator=L7 New Designator=L6
Change Component Designator: Old Designator=L8 New Designator=L7
Change Component Designator: Old Designator=L9 New Designator=L8
Change Component Designator: Old Designator=L? New Designator=L2
Change Component Designator: Old Designator=L? New Designator=L9
Change Component Designator: Old Designator=L? New Designator=L2
Change Component Designator: Old Designator=L? New Designator=L9
Change Component Designator: Old Designator=LED? New Designator=LED1
Change Component Designator: Old Designator=M? New Designator=M1
Change Component Designator: Old Designator=M? New Designator=M2
Change Component Designator: Old Designator=M? New Designator=M3
Change Component Designator: Old Designator=M? New Designator=M4
Change Component Designator: Old Designator=P1 New Designator=P9
Change Component Designator: Old Designator=P? New Designator=P1
Change Component Designator: Old Designator=P? New Designator=P2
Change Component Designator: Old Designator=P? New Designator=P3
Change Component Designator: Old Designator=P? New Designator=P4
Change Component Designator: Old Designator=P? New Designator=P5
Change Component Designator: Old Designator=P? New Designator=P6
Change Component Designator: Old Designator=P? New Designator=P7
Change Component Designator: Old Designator=P? New Designator=P8
Change Component Designator: Old Designator=P? New Designator=P10
Change Component Designator: Old Designator=P? New Designator=P11
Change Component Designator: Old Designator=P? New Designator=P12
Change Component Designator: Old Designator=P? New Designator=P13
Change Component Designator: Old Designator=Q? New Designator=Q5
Change Component Designator: Old Designator=R2 New Designator=R3
Change Component Designator: Old Designator=R3 New Designator=R5
Change Component Designator: Old Designator=R5 New Designator=R2
Change Component Designator: Old Designator=R99 New Designator=R100
Change Component Designator: Old Designator=R100 New Designator=R101
Change Component Designator: Old Designator=R101 New Designator=R102
Change Component Designator: Old Designator=R102 New Designator=R107
Change Component Designator: Old Designator=R104 New Designator=R106
Change Component Designator: Old Designator=R105 New Designator=R99
Change Component Designator: Old Designator=R106 New Designator=R108
Change Component Designator: Old Designator=R107 New Designator=R104
Change Component Designator: Old Designator=R108 New Designator=R105
Change Component Designator: Old Designator=R112 New Designator=R114
Change Component Designator: Old Designator=R113 New Designator=R115
Change Component Designator: Old Designator=R114 New Designator=R116
Change Component Designator: Old Designator=R115 New Designator=R113
Change Component Designator: Old Designator=R116 New Designator=R112
Change Component Designator: Old Designator=R123 New Designator=R124
Change Component Designator: Old Designator=R124 New Designator=R125
Change Component Designator: Old Designator=R125 New Designator=R126
Change Component Designator: Old Designator=R126 New Designator=R123
Change Component Designator: Old Designator=T? New Designator=T1
Change Component Designator: Old Designator=U4 New Designator=U5
Change Component Designator: Old Designator=U5 New Designator=U6
Change Component Designator: Old Designator=U6 New Designator=U7
Change Component Designator: Old Designator=U? New Designator=U4
Change Component Designator: Old Designator=U? New Designator=U4
Change Component Designator: Old Designator=U? New Designator=U4
Change Component Designator: Old Designator=U? New Designator=U4
Change Component Designator: Old Designator=U? New Designator=U1
Change Component Designator: Old Designator=U? New Designator=U9
Change Component Designator: Old Designator=U? New Designator=U10
Change Component Designator: Old Designator=VR? New Designator=VR1
