Change Component Designator: OldDesignator=*1 NewDesignator=P?
Added Member To Class: ClassName=INV.OG5K.PW.V1 Member=Component C22
Added Member To Class: ClassName=INV.OG5K.PW.V1 Member=Component C28 223J630V
Added Member To Class: ClassName=INV.OG5K.PW.V1 Member=Component C30
Added Member To Class: ClassName=INV.OG5K.PW.V1 Member=Component C31
Added Member To Class: ClassName=INV.OG5K.PW.V1 Member=Component C33 33uF/160V
Added Member To Class: ClassName=INV.OG5K.PW.V1 Member=Component C34 33uF/160V
Added Member To Class: ClassName=INV.OG5K.PW.V1 Member=Component C67
Added Member To Class: ClassName=INV.OG5K.PW.V1 Member=Component C68
Added Member To Class: ClassName=INV.OG5K.PW.V1 Member=Component C69 470uF/25V
Added Member To Class: ClassName=INV.OG5K.PW.V1 Member=Component C77
Added Member To Class: ClassName=INV.OG5K.PW.V1 Member=Component C80
Added Member To Class: ClassName=INV.OG5K.PW.V1 Member=Component C83
Added Member To Class: ClassName=INV.OG5K.PW.V1 Member=Component R3 1K/0603
Added Member To Class: ClassName=INV.OG5K.PW.V1 Member=Component R108 10K/0805
Added Member To Class: ClassName=INV.OG5K.PW.V1 Member=Component R112 4.3K
Added Member To Class: ClassName=INV.OG5K.PW.V1 Member=Component R115 1K
Added Member To Class: ClassName=INV.OG5K.PW.V1 Member=Component R116 100K
Added Member To Class: ClassName=INV.OG5K.PW.V1 Member=Component R117 0.33R/2010
Added Member To Class: ClassName=INV.OG5K.PW.V1 Member=Component R120 0.33R/2010
Added Member To Class: ClassName=INV.OG5K.PW.V1 Member=Component R121 5.1K
Added Member To Class: ClassName=INV.OG5K.PW.V1 Member=Component R126 1.3K
