Change Component Designator: Old Designator=*2 New Designator=*8
Change Component Designator: Old Designator=*3 New Designator=*7
Change Component Designator: Old Designator=*4 New Designator=*5
Change Component Designator: Old Designator=*5 New Designator=*4
Change Component Designator: Old Designator=*7 New Designator=*2
Change Component Designator: Old Designator=*8 New Designator=*3
Change Component Designator: Old Designator=C2 New Designator=C3
Change Component Designator: Old Designator=C3 New Designator=C2
Change Component Designator: Old Designator=C7 New Designator=C8
Change Component Designator: Old Designator=C8 New Designator=C7
Change Component Designator: Old Designator=C10 New Designator=C11
Change Component Designator: Old Designator=C11 New Designator=C10
Change Component Designator: Old Designator=C12 New Designator=C13
Change Component Designator: Old Designator=C13 New Designator=C12
Change Component Designator: Old Designator=C16 New Designator=C17
Change Component Designator: Old Designator=C17 New Designator=C16
Change Component Designator: Old Designator=C41 New Designator=C48
Change Component Designator: Old Designator=C42 New Designator=C41
Change Component Designator: Old Designator=C43 New Designator=C42
Change Component Designator: Old Designator=C44 New Designator=C43
Change Component Designator: Old Designator=C45 New Designator=C44
Change Component Designator: Old Designator=C46 New Designator=C45
Change Component Designator: Old Designator=C47 New Designator=C46
Change Component Designator: Old Designator=C48 New Designator=C47
Change Component Designator: Old Designator=C90 New Designator=C92
Change Component Designator: Old Designator=C91 New Designator=C90
Change Component Designator: Old Designator=C92 New Designator=C91
Change Component Designator: Old Designator=D26 New Designator=D27
Change Component Designator: Old Designator=D27 New Designator=D26
Change Component Designator: Old Designator=K2 New Designator=K3
Change Component Designator: Old Designator=K3 New Designator=K2
Change Component Designator: Old Designator=L2 New Designator=L3
Change Component Designator: Old Designator=L3 New Designator=L2
Change Component Designator: Old Designator=R4 New Designator=R6
Change Component Designator: Old Designator=R5 New Designator=R7
Change Component Designator: Old Designator=R6 New Designator=R5
Change Component Designator: Old Designator=R7 New Designator=R4
Change Component Designator: Old Designator=R9 New Designator=R15
Change Component Designator: Old Designator=R10 New Designator=R18
Change Component Designator: Old Designator=R11 New Designator=R19
Change Component Designator: Old Designator=R12 New Designator=R24
Change Component Designator: Old Designator=R13 New Designator=R12
Change Component Designator: Old Designator=R14 New Designator=R11
Change Component Designator: Old Designator=R15 New Designator=R10
Change Component Designator: Old Designator=R16 New Designator=R9
Change Component Designator: Old Designator=R17 New Designator=R35
Change Component Designator: Old Designator=R18 New Designator=R36
Change Component Designator: Old Designator=R19 New Designator=R13
Change Component Designator: Old Designator=R20 New Designator=R14
Change Component Designator: Old Designator=R21 New Designator=R39
Change Component Designator: Old Designator=R22 New Designator=R40
Change Component Designator: Old Designator=R23 New Designator=R41
Change Component Designator: Old Designator=R24 New Designator=R42
Change Component Designator: Old Designator=R25 New Designator=R43
Change Component Designator: Old Designator=R26 New Designator=R23
Change Component Designator: Old Designator=R27 New Designator=R22
Change Component Designator: Old Designator=R28 New Designator=R21
Change Component Designator: Old Designator=R29 New Designator=R20
Change Component Designator: Old Designator=R30 New Designator=R16
Change Component Designator: Old Designator=R31 New Designator=R17
Change Component Designator: Old Designator=R32 New Designator=R44
Change Component Designator: Old Designator=R33 New Designator=R45
Change Component Designator: Old Designator=R34 New Designator=R46
Change Component Designator: Old Designator=R35 New Designator=R30
Change Component Designator: Old Designator=R36 New Designator=R29
Change Component Designator: Old Designator=R37 New Designator=R28
Change Component Designator: Old Designator=R38 New Designator=R27
Change Component Designator: Old Designator=R39 New Designator=R47
Change Component Designator: Old Designator=R40 New Designator=R25
Change Component Designator: Old Designator=R41 New Designator=R26
Change Component Designator: Old Designator=R42 New Designator=R48
Change Component Designator: Old Designator=R43 New Designator=R34
Change Component Designator: Old Designator=R44 New Designator=R33
Change Component Designator: Old Designator=R45 New Designator=R32
Change Component Designator: Old Designator=R46 New Designator=R31
Change Component Designator: Old Designator=R47 New Designator=R49
Change Component Designator: Old Designator=R48 New Designator=R50
Change Component Designator: Old Designator=R49 New Designator=R37
Change Component Designator: Old Designator=R50 New Designator=R38
Change Component Designator: Old Designator=U1 New Designator=U2
Change Component Designator: Old Designator=U2 New Designator=U1
Change Component Designator: Old Designator=U? New Designator=U3
