Removed Pin From Net: NetName=NetC7_2 Pin=M3-
Removed Pin From Net: NetName=NetC7_2 Pin=M3-
Removed Pin From Net: NetName=NetC7_2 Pin=M3-
Removed Pin From Net: NetName=NetC7_2 Pin=M3-
Removed Pin From Net: NetName=NetC7_2 Pin=M3-
Removed Pin From Net: NetName=NetC7_2 Pin=M3-
Removed Pin From Net: NetName=NetC7_2 Pin=M3-
Removed Pin From Net: NetName=NetC7_2 Pin=M3-
Added Component: Designator=D16(SOT23-132)
Add component (AddParameter): Name = "Availability"; Value = "Unavailable"; VariantName = "[No Variations]"
Add component (AddParameter): Name = "MF"; Value = ""; VariantName = "[No Variations]"
Add component (AddParameter): Name = "MP"; Value = "STTH2003CG-TR"; VariantName = "[No Variations]"
Add component (AddParameter): Name = "Package"; Value = "None"; VariantName = "[No Variations]"
Add component (AddParameter): Name = "Price"; Value = "None"; VariantName = "[No Variations]"
Add component (AddParameter): Name = "Value"; Value = ""; VariantName = "[No Variations]"
Added Component: Designator=P7(Copper Pipe 4 DIP)
Added Pin To Net: NetName=Net1_1 Pin=D16-1
Added Pin To Net: NetName=Net1_1 Pin=D16-2
Added Pin To Net: NetName=NetD16_3 Pin=D16-3
Added Pin To Net: NetName=NetK5_1 Pin=P7-1
Added Pin To Net: NetName=NetK5_1 Pin=P7-1
Added Pin To Net: NetName=NetK5_1 Pin=P7-1
Added Pin To Net: NetName=NetK5_1 Pin=P7-1
Added Pin To Net: NetName=NetK5_1 Pin=P7-1
Added Member To Class: ClassName=INV.OG5K.PW.V1 Member=Component D16 BAV70-A4
Added Member To Class: ClassName=INV.OG5K.PW.V1 Member=Component P7 EVN PE
