Removed Pin From Net: NetName=NetH2_1 Pin=H2-1
Removed Pin From Net: NetName=GND_FB Pin=H2-2
Removed Pin From Net: NetName=NetC68_2 Pin=H2-3
Removed Pin From Net: NetName=+12V Pin=H2-4
Removed Pin From Net: NetName=NetH2_1 Pin=R102-1
Change Component Footprint: Designator=C18 Old Footprint=CAP-10X17-N New Footprint=CAP-TH_BD8.0-P3.50-D0.6-FD
Change Footprint: Footprint Not Found Jump2
Change Footprint: Footprint Not Found SOIC127P600X175-8N
Change Component Footprint: Designator=H1 Old Footprint=XH2.54M-4 New Footprint=Header4
Change Component Footprint: Designator=H2 Old Footprint=XH2.54M-4 New Footprint=SOT23-132
Change Component Comment : Designator=H2 Old Comment=FAN2 New Comment=BAV70-A4
Change Component Designator: OldDesignator=C8 NewDesignator=C9
Change Component Designator: OldDesignator=C9 NewDesignator=C8
Change Component Designator: OldDesignator=H1 NewDesignator=H2
Change Component Designator: OldDesignator=H2 NewDesignator=D15
Change Component Designator: OldDesignator=J1 NewDesignator=H1
Change Component Designator: OldDesignator=J2 NewDesignator=J1
Change Component Designator: OldDesignator=J3 NewDesignator=J2
Change Component Designator: OldDesignator=J4 NewDesignator=J3
Change Component Designator: OldDesignator=J5 NewDesignator=J4
Change Component Designator: OldDesignator=Q3 NewDesignator=Q4
Change Component Designator: OldDesignator=Q4 NewDesignator=Q6
Change Component Designator: OldDesignator=Q5 NewDesignator=Q7
Change Component Designator: OldDesignator=R97 NewDesignator=R98
Change Component Designator: OldDesignator=R98 NewDesignator=R97
Change Component Designator: OldDesignator=R112 NewDesignator=R113
Change Component Designator: OldDesignator=R113 NewDesignator=R112
Change component parameters: Designator = "H2" ("D15"); Footprint = "XH2.54M-4"; UniqueID = "\FDGYYSAR" ("\FDGYYSAR")
Change component parameters (AddParameter): Name = "Availability"; Value = "Unavailable"; VariantName = "[No Variations]"
Change component parameters (AddParameter): Name = "MF"; Value = ""; VariantName = "[No Variations]"
Change component parameters (AddParameter): Name = "MP"; Value = "STTH2003CG-TR"; VariantName = "[No Variations]"
Change component parameters (AddParameter): Name = "Package"; Value = "None"; VariantName = "[No Variations]"
Change component parameters (AddParameter): Name = "Price"; Value = "None"; VariantName = "[No Variations]"
Change component parameters (AddParameter): Name = "Value"; Value = ""; VariantName = "[No Variations]"
Added Component: Designator=H3(Header4)
Add component (AddParameter): Name = "Chung_Loai"; Value = "C?m"; VariantName = "[No Variations]"
Add component (AddParameter): Name = "Don_Vi"; Value = "Con"; VariantName = "[No Variations]"
Add component (AddParameter): Name = "Ghi_Chu"; Value = ""; VariantName = "[No Variations]"
Add component (AddParameter): Name = "Kieu_Chan"; Value = ""; VariantName = "[No Variations]"
Add component (AddParameter): Name = "Ma_Hang"; Value = "MH001285"; VariantName = "[No Variations]"
Add component (AddParameter): Name = "Ten_Linh_Kien"; Value = "Header 4P XH2.54-4P Ð?c Th?ng"; VariantName = "[No Variations]"
Added Component: Designator=Q3(SOT23-123)
Added Component: Designator=Q5(SOT23-123)
Added Pin To Net: NetName=NetC68_2 Pin=D15-1
Added Pin To Net: NetName=NetC38_2 Pin=D15-2
Added Pin To Net: NetName=NetD15_3 Pin=D15-3
Added Pin To Net: NetName=NetH2_1 Pin=H2-1
Added Pin To Net: NetName=GND_FB Pin=H3-2
Added Pin To Net: NetName=NetC68_2 Pin=H3-3
Added Pin To Net: NetName=+12V Pin=H3-4
Added Pin To Net: NetName=NetH2_1 Pin=Q3-2
Added Pin To Net: NetName=GND_FB Pin=Q3-3
Added Pin To Net: NetName=GND_FB Pin=Q5-3
Added Pin To Net: NetName=NetH2_1 Pin=R76-1
Change Net Name : Old Net Name=NetC9_1 New Net Name=NetC8_1
Change Net Name : Old Net Name=NetC9_2 New Net Name=NetC8_2
Change Net Name : Old Net Name=NetJ5_1 New Net Name=NetJ4_1
Change Net Name : Old Net Name=NetJ5_2 New Net Name=NetJ4_2
Change Net Name : Old Net Name=NetJ5_4 New Net Name=NetJ4_4
Change Net Name : Old Net Name=NetJ5_5 New Net Name=NetJ4_5
Change Net Name : Old Net Name=NetJ5_6 New Net Name=NetJ4_6
Change Net Name : Old Net Name=NetJ5_7 New Net Name=NetJ4_7
Change Net Name : Old Net Name=NetJ5_8 New Net Name=NetJ4_8
Change Net Name : Old Net Name=NetJ5_9 New Net Name=NetJ4_9
Change Net Name : Old Net Name=NetJ5_10 New Net Name=NetJ4_10
Change Net Name : Old Net Name=NetJ5_18 New Net Name=NetJ4_18
Change Net Name : Old Net Name=NetJ5_21 New Net Name=NetJ4_21
Change Net Name : Old Net Name=NetJ5_22 New Net Name=NetJ4_22
Change Net Name : Old Net Name=NetJ5_23 New Net Name=NetJ4_23
Change Net Name : Old Net Name=NetJ5_24 New Net Name=NetJ4_24
Change Net Name : Old Net Name=NetJ5_25 New Net Name=NetJ4_25
Change Net Name : Old Net Name=NetJ5_26 New Net Name=NetJ4_26
Change Net Name : Old Net Name=NetJ5_27 New Net Name=NetJ4_27
Change Net Name : Old Net Name=NetJ5_28 New Net Name=NetJ4_28
Change Net Name : Old Net Name=NetJ5_29 New Net Name=NetJ4_29
Change Net Name : Old Net Name=NetJ5_30 New Net Name=NetJ4_30
Change Net Name : Old Net Name=NetQ3_1 New Net Name=NetQ4_1
Change Net Name : Old Net Name=NetQ3_3 New Net Name=NetQ4_3
Change Net Name : Old Net Name=NetQ4_1 New Net Name=NetQ6_1
Change Net Name : Old Net Name=NetR112_1 New Net Name=NetR112_2
Change Net Name : Old Net Name=NetR113_1 New Net Name=NetR112_1
Added Pin To Net: NetName=NetH3_1 Pin=H3-1
Added Pin To Net: NetName=NetH3_1 Pin=Q5-2
Added Pin To Net: NetName=NetH3_1 Pin=R102-1
Added Net: Name=NetH3_1
Added Pin To Net: NetName=NetQ3_1 Pin=Q3-1
Added Pin To Net: NetName=NetQ3_1 Pin=R80-2
Added Net: Name=NetQ3_1
Added Pin To Net: NetName=NetQ5_1 Pin=Q5-1
Added Pin To Net: NetName=NetQ5_1 Pin=R116-2
Added Net: Name=NetQ5_1
Added Member To Class: ClassName=INV.OG5K.PW.V1 Member=Component C1 100uF/25V
Added Member To Class: ClassName=INV.OG5K.PW.V1 Member=Component C3 100uF/25V
Added Member To Class: ClassName=INV.OG5K.PW.V1 Member=Component C4
Added Member To Class: ClassName=INV.OG5K.PW.V1 Member=Component C5
Added Member To Class: ClassName=INV.OG5K.PW.V1 Member=Component C6
Added Member To Class: ClassName=INV.OG5K.PW.V1 Member=Component C9
Added Member To Class: ClassName=INV.OG5K.PW.V1 Member=Component C16 10n/300VAC
Added Member To Class: ClassName=INV.OG5K.PW.V1 Member=Component C22 27uF/100V
Added Member To Class: ClassName=INV.OG5K.PW.V1 Member=Component C23
Added Member To Class: ClassName=INV.OG5K.PW.V1 Member=Component C27 223J630V
Added Member To Class: ClassName=INV.OG5K.PW.V1 Member=Component C37
Added Member To Class: ClassName=INV.OG5K.PW.V1 Member=Component C53
Added Member To Class: ClassName=INV.OG5K.PW.V1 Member=Component C56
Added Member To Class: ClassName=INV.OG5K.PW.V1 Member=Component C63 223J630V
Added Member To Class: ClassName=INV.OG5K.PW.V1 Member=Component C66 470uF/25V
Added Member To Class: ClassName=INV.OG5K.PW.V1 Member=Component D4 BAV70-A4
Added Member To Class: ClassName=INV.OG5K.PW.V1 Member=Component H2 FAN1
Added Member To Class: ClassName=INV.OG5K.PW.V1 Member=Component H3 FAN2
Added Member To Class: ClassName=INV.OG5K.PW.V1 Member=Component J2 W3 +15V
Added Member To Class: ClassName=INV.OG5K.PW.V1 Member=Component J3 To_Switch
Added Member To Class: ClassName=INV.OG5K.PW.V1 Member=Component K2 RELAY HF161F-W
Added Member To Class: ClassName=INV.OG5K.PW.V1 Member=Component K4 RELAY HF161F-W
Added Member To Class: ClassName=INV.OG5K.PW.V1 Member=Component K5 RELAY HF161F-W
Added Member To Class: ClassName=INV.OG5K.PW.V1 Member=Component L1 220uH
Added Member To Class: ClassName=INV.OG5K.PW.V1 Member=Component P2 AC_L
Added Member To Class: ClassName=INV.OG5K.PW.V1 Member=Component P4 AC_N
Added Member To Class: ClassName=INV.OG5K.PW.V1 Member=Component P12 PV -
Added Member To Class: ClassName=INV.OG5K.PW.V1 Member=Component P13 NEG
Added Member To Class: ClassName=INV.OG5K.PW.V1 Member=Component Q6 MMBT4401
Added Member To Class: ClassName=INV.OG5K.PW.V1 Member=Component Q7 MMBT4401
Added Member To Class: ClassName=INV.OG5K.PW.V1 Member=Component R1 10K
Added Member To Class: ClassName=INV.OG5K.PW.V1 Member=Component R2 1K/0603
Added Member To Class: ClassName=INV.OG5K.PW.V1 Member=Component R3 2K
Added Member To Class: ClassName=INV.OG5K.PW.V1 Member=Component R4 1K/0603
Added Member To Class: ClassName=INV.OG5K.PW.V1 Member=Component R5 2K
Added Member To Class: ClassName=INV.OG5K.PW.V1 Member=Component R10 2M/1206
Added Member To Class: ClassName=INV.OG5K.PW.V1 Member=Component R12 2M/1206
Added Member To Class: ClassName=INV.OG5K.PW.V1 Member=Component R17 51K/1210
Added Member To Class: ClassName=INV.OG5K.PW.V1 Member=Component R18 5.1K
Added Member To Class: ClassName=INV.OG5K.PW.V1 Member=Component R19 10R
Added Member To Class: ClassName=INV.OG5K.PW.V1 Member=Component R20 2M/1206
Added Member To Class: ClassName=INV.OG5K.PW.V1 Member=Component R21 2M/1206
Added Member To Class: ClassName=INV.OG5K.PW.V1 Member=Component R22 2M/1206
Added Member To Class: ClassName=INV.OG5K.PW.V1 Member=Component R23 2M/1206
Added Member To Class: ClassName=INV.OG5K.PW.V1 Member=Component R24 10R
Added Member To Class: ClassName=INV.OG5K.PW.V1 Member=Component R28 2M/1206
Added Member To Class: ClassName=INV.OG5K.PW.V1 Member=Component R30 2M/1206
Added Member To Class: ClassName=INV.OG5K.PW.V1 Member=Component R39 10R
Added Member To Class: ClassName=INV.OG5K.PW.V1 Member=Component R41 499K
Added Member To Class: ClassName=INV.OG5K.PW.V1 Member=Component R42 499K
Added Member To Class: ClassName=INV.OG5K.PW.V1 Member=Component R44 5.1K
Added Member To Class: ClassName=INV.OG5K.PW.V1 Member=Component R45 200K
Added Member To Class: ClassName=INV.OG5K.PW.V1 Member=Component R46 499K
Added Member To Class: ClassName=INV.OG5K.PW.V1 Member=Component R50 499K
Added Member To Class: ClassName=INV.OG5K.PW.V1 Member=Component R51 10R
Added Member To Class: ClassName=INV.OG5K.PW.V1 Member=Component R70 10K/2010
Added Member To Class: ClassName=INV.OG5K.PW.V1 Member=Component RV3 S20K420
Added Member To Class: ClassName=INV.OG5K.PW.V1 Member=Component U8 617A-3
