Removed Pin From Net: NetName=BUTTON1 Pin=U1-59
Removed Pin From Net: NetName=BUTTON2 Pin=U1-60
Removed Pin From Net: NetName=BUTTON3 Pin=U1-61
Removed Pin From Net: NetName=BUTTON4 Pin=U1-62
Removed Pin From Net: NetName=LED1_R Pin=U1-81
Removed Pin From Net: NetName=LED1_G Pin=U1-82
Removed Pin From Net: NetName=LED2_R Pin=U1-83
Removed Pin From Net: NetName=LED2_G Pin=U1-84
Removed Pin From Net: NetName=LED3_R Pin=U1-85
Removed Pin From Net: NetName=LED3_G Pin=U1-86
Added Pin To Net: NetName=LED1_R Pin=U1-59
Added Pin To Net: NetName=LED1_G Pin=U1-60
Added Pin To Net: NetName=LED2_R Pin=U1-61
Added Pin To Net: NetName=LED2_G Pin=U1-62
Added Pin To Net: NetName=LED3_R Pin=U1-63
Added Pin To Net: NetName=LED3_G Pin=U1-64
Added Pin To Net: NetName=BUTTON1 Pin=U1-81
Added Pin To Net: NetName=BUTTON2 Pin=U1-82
Added Pin To Net: NetName=BUTTON3 Pin=U1-83
Added Pin To Net: NetName=BUTTON4 Pin=U1-84
