Added Component: Designator=1(RES-SMD-0603)
Add component (AddParameter): Name = "Class"; Value = "Passive"; VariantName = "[No Variations]"
Add component (AddParameter): Name = "Manufacturer"; Value = "Generic Components"; VariantName = "[No Variations]"
Add component (AddParameter): Name = "Published"; Value = "08/06/2000"; VariantName = "[No Variations]"
Add component (AddParameter): Name = "Publisher"; Value = "Altium Hobart Technology Centre"; VariantName = "[No Variations]"
Added Component: Designator=C41(CAP-SMD-0603)
Add component (AddParameter): Name = "Value"; Value = "33pF"; VariantName = "[No Variations]"
Added Component: Designator=C42(CAP-SMD-0603)
Add component (AddParameter): Name = "Value"; Value = "33pF"; VariantName = "[No Variations]"
Added Component: Designator=C43(CAP-SMD-0603)
Add component (AddParameter): Name = "Value"; Value = "33pF"; VariantName = "[No Variations]"
Added Component: Designator=P1(JP4-C1T)
Add component (AddParameter): Name = "ComponentLink1 Description"; Value = "Manufacturer"; VariantName = "[No Variations]"
Add component (AddParameter): Name = "ComponentLink1URL"; Value = "http://www.we-online.com"; VariantName = "[No Variations]"
Add component (AddParameter): Name = "ComponentLink2 Description"; Value = "Datasheet"; VariantName = "[No Variations]"
Add component (AddParameter): Name = "ComponentLink2URL"; Value = "http://katalog.we-online.de/em/datasheet/6130xx143121.pdf"; VariantName = "[No Variations]"
Add component (AddParameter): Name = "Created by"; Value = "Karrer Zheng"; VariantName = "[No Variations]"
Add component (AddParameter): Name = "Created Date"; Value = "29 March 2013"; VariantName = "[No Variations]"
Add component (AddParameter): Name = "Manufacturer"; Value = "W¨¹rth Elektronik eiSos GmbH"; VariantName = "[No Variations]"
Add component (AddParameter): Name = "NoPins"; Value = "04"; VariantName = "[No Variations]"
Add component (AddParameter): Name = "partNo"; Value = "613004143121"; VariantName = "[No Variations]"
Added Component: Designator=R89(RES-SMD-0603)
Add component (AddParameter): Name = "Class"; Value = "Passive"; VariantName = "[No Variations]"
Add component (AddParameter): Name = "Manufacturer"; Value = "Generic Components"; VariantName = "[No Variations]"
Add component (AddParameter): Name = "Published"; Value = "08/06/2000"; VariantName = "[No Variations]"
Add component (AddParameter): Name = "Publisher"; Value = "Altium Hobart Technology Centre"; VariantName = "[No Variations]"
Added Component: Designator=R90(RES-SMD-0603)
Add component (AddParameter): Name = "Class"; Value = "Passive"; VariantName = "[No Variations]"
Add component (AddParameter): Name = "Manufacturer"; Value = "Generic Components"; VariantName = "[No Variations]"
Add component (AddParameter): Name = "Published"; Value = "08/06/2000"; VariantName = "[No Variations]"
Add component (AddParameter): Name = "Publisher"; Value = "Altium Hobart Technology Centre"; VariantName = "[No Variations]"
Added Pin To Net: NetName=GND Pin=C41-1
Added Pin To Net: NetName=GND Pin=C42-1
Added Pin To Net: NetName=GND Pin=C43-2
Added Pin To Net: NetName=GND Pin=P1-4
Added Pin To Net: NetName=ESP_EN Pin=C43-1
Added Pin To Net: NetName=ESP_EN Pin=P1-3
Added Pin To Net: NetName=ESP_EN Pin=R89-2
Added Pin To Net: NetName=ESP_EN Pin=U3-8
Added Net: Name=ESP_EN
Added Pin To Net: NetName=ESP_RX Pin=R90-1
Added Pin To Net: NetName=ESP_RX Pin=U3-30
Added Net: Name=ESP_RX
Added Pin To Net: NetName=ESP_TX Pin=1-1
Added Pin To Net: NetName=ESP_TX Pin=U3-31
Added Net: Name=ESP_TX
Added Pin To Net: NetName=NetC41_2 Pin=C41-2
Added Pin To Net: NetName=NetC41_2 Pin=C42-2
Added Pin To Net: NetName=NetC41_2 Pin=R89-1
Added Pin To Net: NetName=NetC41_2 Pin=U3-3
Added Net: Name=NetC41_2
Added Pin To Net: NetName=UART5_RX Pin=1-2
Added Pin To Net: NetName=UART5_RX Pin=U1-83
Added Net: Name=UART5_RX
Added Pin To Net: NetName=UART5_TX Pin=R90-2
Added Pin To Net: NetName=UART5_TX Pin=U1-80
Added Net: Name=UART5_TX
Added Pin To Net: NetName=USB_N Pin=P1-2
Added Pin To Net: NetName=USB_N Pin=U3-26
Added Net: Name=USB_N
Added Pin To Net: NetName=USB_P Pin=P1-1
Added Pin To Net: NetName=USB_P Pin=U3-27
Added Net: Name=USB_P
Added Differential Pair: Name=USB
Added Member To Class: ClassName=SCH_MCU Member=Component 1 0603/470R
Added Member To Class: ClassName=SCH_MCU Member=Component C41 0603/100nF
Added Member To Class: ClassName=SCH_MCU Member=Component C42 0603/10uF
Added Member To Class: ClassName=SCH_MCU Member=Component C43 0603/100nF
Added Member To Class: ClassName=SCH_MCU Member=Component P1 JP4
Added Member To Class: ClassName=SCH_MCU Member=Component R89 0603/10K
Added Member To Class: ClassName=SCH_MCU Member=Component R90 0603/470R
