Removed Pin From Net: NetName=GND Pin=C22-1
Removed Pin From Net: NetName=VCC_5V Pin=C22-2
Removed Pin From Net: NetName=VSSA Pin=C28-2
Removed Pin From Net: NetName=GND Pin=Q10-1
Removed Pin From Net: NetName=VDDA_3.3V Pin=Q10-2
Removed Pin From Net: NetName=VDDA_3.3V Pin=R59-2
Removed Pin From Net: NetName=GND Pin=R66-1
Removed Pin From Net: NetName=VCC_5V Pin=U5-4
Removed Pin From Net: NetName=GND Pin=U5-8
Removed Member From Class: ClassName=SCH_MCU Member=C19
Removed Member From Class: ClassName=SCH_MCU Member=C22
Removed Member From Class: ClassName=SCH_MCU Member=C23
Removed Member From Class: ClassName=SCH_MCU Member=C27
Removed Member From Class: ClassName=SCH_MCU Member=C28
Removed Member From Class: ClassName=SCH_MCU Member=Q10
Removed Member From Class: ClassName=SCH_MCU Member=R46
Removed Member From Class: ClassName=SCH_MCU Member=R59
Removed Member From Class: ClassName=SCH_MCU Member=R60
Removed Member From Class: ClassName=SCH_MCU Member=R62
Removed Member From Class: ClassName=SCH_MCU Member=R63
Removed Member From Class: ClassName=SCH_MCU Member=R65
Removed Member From Class: ClassName=SCH_MCU Member=R66
Removed Member From Class: ClassName=SCH_MCU Member=R70
Removed Member From Class: ClassName=SCH_MCU Member=R71
Removed Member From Class: ClassName=SCH_MCU Member=U5
