Removed Member From Class: ClassName=SCH_MCU Member=C41
Removed Member From Class: ClassName=SCH_MCU Member=C42
Removed Member From Class: ClassName=SCH_MCU Member=C43
Removed Member From Class: ClassName=SCH_SOURCE Member=C44
Removed Member From Class: ClassName=SCH_SOURCE Member=C45
Removed Member From Class: ClassName=SCH_MCU Member=R78
Removed Member From Class: ClassName=SCH_MCU Member=R79
Removed Member From Class: ClassName=SCH_MCU Member=R80
Removed Member From Class: ClassName=SCH_MCU Member=R81
Removed Member From Class: ClassName=SCH_MCU Member=R82
Removed Member From Class: ClassName=SCH_MCU Member=R83
Removed Member From Class: ClassName=SCH_MCU Member=R86
Removed Member From Class: ClassName=SCH_MCU Member=R88
Removed Member From Class: ClassName=SCH_MCU Member=R89
Change Component Designator: OldDesignator=0603/470R NewDesignator=1
Change Component Designator: OldDesignator=C2 NewDesignator=C3
Change Component Designator: OldDesignator=C3 NewDesignator=C4
Change Component Designator: OldDesignator=C4 NewDesignator=C5
Change Component Designator: OldDesignator=C5 NewDesignator=C8
Change Component Designator: OldDesignator=C6 NewDesignator=C9
Change Component Designator: OldDesignator=C7 NewDesignator=C11
Change Component Designator: OldDesignator=C8 NewDesignator=C12
Change Component Designator: OldDesignator=C9 NewDesignator=C13
Change Component Designator: OldDesignator=C10 NewDesignator=C14
Change Component Designator: OldDesignator=C11 NewDesignator=C15
Change Component Designator: OldDesignator=C12 NewDesignator=C16
Change Component Designator: OldDesignator=C13 NewDesignator=C17
Change Component Designator: OldDesignator=C14 NewDesignator=C18
Change Component Designator: OldDesignator=C15 NewDesignator=C19
Change Component Designator: OldDesignator=C16 NewDesignator=C20
Change Component Designator: OldDesignator=C17 NewDesignator=C21
Change Component Designator: OldDesignator=C18 NewDesignator=C22
Change Component Designator: OldDesignator=C19 NewDesignator=C2
Change Component Designator: OldDesignator=C20 NewDesignator=C23
Change Component Designator: OldDesignator=C21 NewDesignator=C24
Change Component Designator: OldDesignator=C22 NewDesignator=C25
Change Component Designator: OldDesignator=C24 NewDesignator=C26
Change Component Designator: OldDesignator=C25 NewDesignator=C27
Change Component Designator: OldDesignator=C26 NewDesignator=C28
Change Component Designator: OldDesignator=C38 NewDesignator=C39
Change Component Designator: OldDesignator=C39 NewDesignator=C41
Change Component Designator: OldDesignator=C40 NewDesignator=C42
Change Component Designator: OldDesignator=C41 NewDesignator=C6
Change Component Designator: OldDesignator=C42 NewDesignator=C7
Change Component Designator: OldDesignator=C43 NewDesignator=C10
Change Component Designator: OldDesignator=C44 NewDesignator=C38
Change Component Designator: OldDesignator=C45 NewDesignator=C40
Change Component Designator: OldDesignator=J2 NewDesignator=IC3
Change Component Designator: OldDesignator=J3 NewDesignator=J2
Change Component Designator: OldDesignator=R3 NewDesignator=R4
Change Component Designator: OldDesignator=R4 NewDesignator=R5
Change Component Designator: OldDesignator=R5 NewDesignator=R7
Change Component Designator: OldDesignator=R6 NewDesignator=R8
Change Component Designator: OldDesignator=R7 NewDesignator=R9
Change Component Designator: OldDesignator=R8 NewDesignator=R10
Change Component Designator: OldDesignator=R9 NewDesignator=R11
Change Component Designator: OldDesignator=R10 NewDesignator=R12
Change Component Designator: OldDesignator=R11 NewDesignator=R13
Change Component Designator: OldDesignator=R12 NewDesignator=R14
Change Component Designator: OldDesignator=R13 NewDesignator=R17
Change Component Designator: OldDesignator=R14 NewDesignator=R18
Change Component Designator: OldDesignator=R15 NewDesignator=R20
Change Component Designator: OldDesignator=R16 NewDesignator=R21
Change Component Designator: OldDesignator=R17 NewDesignator=R22
Change Component Designator: OldDesignator=R18 NewDesignator=R23
Change Component Designator: OldDesignator=R19 NewDesignator=R24
Change Component Designator: OldDesignator=R20 NewDesignator=R25
Change Component Designator: OldDesignator=R21 NewDesignator=R26
Change Component Designator: OldDesignator=R22 NewDesignator=R27
Change Component Designator: OldDesignator=R23 NewDesignator=R28
Change Component Designator: OldDesignator=R24 NewDesignator=R29
Change Component Designator: OldDesignator=R25 NewDesignator=R31
Change Component Designator: OldDesignator=R26 NewDesignator=R32
Change Component Designator: OldDesignator=R27 NewDesignator=R34
Change Component Designator: OldDesignator=R28 NewDesignator=R35
Change Component Designator: OldDesignator=R29 NewDesignator=R36
Change Component Designator: OldDesignator=R30 NewDesignator=R37
Change Component Designator: OldDesignator=R31 NewDesignator=R38
Change Component Designator: OldDesignator=R32 NewDesignator=R39
Change Component Designator: OldDesignator=R33 NewDesignator=R40
Change Component Designator: OldDesignator=R34 NewDesignator=R41
Change Component Designator: OldDesignator=R35 NewDesignator=R42
Change Component Designator: OldDesignator=R36 NewDesignator=R43
Change Component Designator: OldDesignator=R37 NewDesignator=R44
Change Component Designator: OldDesignator=R38 NewDesignator=R45
Change Component Designator: OldDesignator=R39 NewDesignator=R46
Change Component Designator: OldDesignator=R40 NewDesignator=R47
Change Component Designator: OldDesignator=R41 NewDesignator=R48
Change Component Designator: OldDesignator=R42 NewDesignator=R49
Change Component Designator: OldDesignator=R43 NewDesignator=R50
Change Component Designator: OldDesignator=R44 NewDesignator=R51
Change Component Designator: OldDesignator=R45 NewDesignator=R52
Change Component Designator: OldDesignator=R47 NewDesignator=R53
Change Component Designator: OldDesignator=R48 NewDesignator=R54
Change Component Designator: OldDesignator=R49 NewDesignator=R55
Change Component Designator: OldDesignator=R50 NewDesignator=R56
Change Component Designator: OldDesignator=R51 NewDesignator=R60
Change Component Designator: OldDesignator=R52 NewDesignator=R61
Change Component Designator: OldDesignator=R53 NewDesignator=R62
Change Component Designator: OldDesignator=R54 NewDesignator=R57
Change Component Designator: OldDesignator=R55 NewDesignator=R58
Change Component Designator: OldDesignator=R56 NewDesignator=R59
Change Component Designator: OldDesignator=R57 NewDesignator=R64
Change Component Designator: OldDesignator=R58 NewDesignator=R65
Change Component Designator: OldDesignator=R61 NewDesignator=R67
Change Component Designator: OldDesignator=R64 NewDesignator=R69
Change Component Designator: OldDesignator=R67 NewDesignator=R71
Change Component Designator: OldDesignator=R68 NewDesignator=R73
Change Component Designator: OldDesignator=R69 NewDesignator=R74
Change Component Designator: OldDesignator=R72 NewDesignator=R75
Change Component Designator: OldDesignator=R73 NewDesignator=R78
Change Component Designator: OldDesignator=R74 NewDesignator=R79
Change Component Designator: OldDesignator=R75 NewDesignator=R80
Change Component Designator: OldDesignator=R76 NewDesignator=R81
Change Component Designator: OldDesignator=R77 NewDesignator=R82
Change Component Designator: OldDesignator=R78 NewDesignator=R3
Change Component Designator: OldDesignator=R79 NewDesignator=R6
Change Component Designator: OldDesignator=R80 NewDesignator=R15
Change Component Designator: OldDesignator=R81 NewDesignator=R16
Change Component Designator: OldDesignator=R82 NewDesignator=R30
Change Component Designator: OldDesignator=R83 NewDesignator=R33
Change Component Designator: OldDesignator=R84 NewDesignator=R63
Change Component Designator: OldDesignator=R85 NewDesignator=R66
Change Component Designator: OldDesignator=R86 NewDesignator=R68
Change Component Designator: OldDesignator=R87 NewDesignator=R70
Change Component Designator: OldDesignator=R88 NewDesignator=R72
Change Component Designator: OldDesignator=R89 NewDesignator=R19
Change Component Designator: OldDesignator=R90 NewDesignator=R76
Change Component Designator: OldDesignator=R91 NewDesignator=R77
Change Component Designator: OldDesignator=U6 NewDesignator=U5
Change Component Designator: OldDesignator=U7 NewDesignator=U6
Change Net Name : Old Net Name=Net0603/470R_1 New Net Name=Net1_1
Change Net Name : Old Net Name=NetC2_2 New Net Name=NetC3_2
Change Net Name : Old Net Name=NetC3_2 New Net Name=NetC4_2
Change Net Name : Old Net Name=NetC4_1 New Net Name=NetC5_1
Change Net Name : Old Net Name=NetC13_2 New Net Name=NetC17_2
Change Net Name : Old Net Name=NetC14_2 New Net Name=NetC18_2
Change Net Name : Old Net Name=NetC21_2 New Net Name=NetC24_2
Change Net Name : Old Net Name=NetC24_2 New Net Name=NetC26_2
Change Net Name : Old Net Name=NetC25_2 New Net Name=NetC27_2
Change Net Name : Old Net Name=NetC26_2 New Net Name=NetC28_2
Change Net Name : Old Net Name=NetJ2_1 New Net Name=NetIC3_1
Change Net Name : Old Net Name=NetJ2_2 New Net Name=NetIC3_2
Change Net Name : Old Net Name=NetJ2_12 New Net Name=NetIC3_12
Change Net Name : Old Net Name=NetJ2_13 New Net Name=NetIC3_13
Change Net Name : Old Net Name=NetJ2_14 New Net Name=NetIC3_14
Change Net Name : Old Net Name=NetJ2_15 New Net Name=NetIC3_15
Change Net Name : Old Net Name=NetJ2_16 New Net Name=NetIC3_16
Change Net Name : Old Net Name=NetJ3_4 New Net Name=NetJ2_4
Change Net Name : Old Net Name=NetJ3_5 New Net Name=NetJ2_5
Change Net Name : Old Net Name=NetR6_2 New Net Name=NetR8_2
Added Member To Class: ClassName=SCH_MCU Member=Component C23 0805/10uF
Added Member To Class: ClassName=SCH_MCU Member=Component C27 0603/22pF
Added Member To Class: ClassName=SCH_MCU Member=Component C28 0603/100nF
Added Member To Class: ClassName=SCH_SOURCE Member=Component C41 0603/100nF
Added Member To Class: ClassName=SCH_SOURCE Member=Component C42 0603/1uF
Added Member To Class: ClassName=SCH_MCU Member=Component R46 0603/10K
Added Member To Class: ClassName=SCH_MCU Member=Component R59 0603/10K
Added Member To Class: ClassName=SCH_MCU Member=Component R60 0603/4.7K
Added Member To Class: ClassName=SCH_MCU Member=Component R62 0603/4.7K
Added Member To Class: ClassName=SCH_MCU Member=Component R65 0805/200R
Added Member To Class: ClassName=SCH_MCU Member=Component R71 0603/1K
Added Member To Class: ClassName=SCH_MCU Member=Component R73 0603/470R
Added Member To Class: ClassName=SCH_MCU Member=Component R74 0603/470R
Added Member To Class: ClassName=SCH_MCU Member=Component R75 0603/470R
