Change Component Designator: Old Designator=*7 New Designator=*3
Change Component Designator: Old Designator=*10 New Designator=*4
Change Component Designator: Old Designator=AC_L New Designator=AC_L1
Change Component Designator: Old Designator=AC_N New Designator=AC_N1
Change Component Designator: Old Designator=BAT+ New Designator=BAT+1
Change Component Designator: Old Designator=BAT- New Designator=BAT-1
Change Component Designator: Old Designator=BUS + New Designator=BUS +1
Change Component Designator: Old Designator=C8 New Designator=C9
Change Component Designator: Old Designator=C9 New Designator=C10
Change Component Designator: Old Designator=C10 New Designator=C11
Change Component Designator: Old Designator=C11 New Designator=C12
Change Component Designator: Old Designator=C12 New Designator=C13
Change Component Designator: Old Designator=C13 New Designator=C14
Change Component Designator: Old Designator=C14 New Designator=C15
Change Component Designator: Old Designator=C15 New Designator=C16
Change Component Designator: Old Designator=C16 New Designator=C17
Change Component Designator: Old Designator=C17 New Designator=C18
Change Component Designator: Old Designator=C18 New Designator=C19
Change Component Designator: Old Designator=C19 New Designator=C20
Change Component Designator: Old Designator=C20 New Designator=C21
Change Component Designator: Old Designator=C21 New Designator=C22
Change Component Designator: Old Designator=C22 New Designator=C23
Change Component Designator: Old Designator=C23 New Designator=C24
Change Component Designator: Old Designator=C24 New Designator=C25
Change Component Designator: Old Designator=C25 New Designator=C26
Change Component Designator: Old Designator=C26 New Designator=C27
Change Component Designator: Old Designator=C27 New Designator=C28
Change Component Designator: Old Designator=C28 New Designator=C29
Change Component Designator: Old Designator=C29 New Designator=C31
Change Component Designator: Old Designator=C31 New Designator=C33
Change Component Designator: Old Designator=C33 New Designator=C34
Change Component Designator: Old Designator=C34 New Designator=C35
Change Component Designator: Old Designator=C35 New Designator=C36
Change Component Designator: Old Designator=C36 New Designator=C37
Change Component Designator: Old Designator=C37 New Designator=C38
Change Component Designator: Old Designator=C38 New Designator=C39
Change Component Designator: Old Designator=C39 New Designator=C40
Change Component Designator: Old Designator=C40 New Designator=C45
Change Component Designator: Old Designator=C41 New Designator=C42
Change Component Designator: Old Designator=C42 New Designator=C43
Change Component Designator: Old Designator=C43 New Designator=C44
Change Component Designator: Old Designator=C44 New Designator=C41
Change Component Designator: Old Designator=C45 New Designator=C46
Change Component Designator: Old Designator=C46 New Designator=C47
Change Component Designator: Old Designator=C47 New Designator=C48
Change Component Designator: Old Designator=C48 New Designator=C49
Change Component Designator: Old Designator=C49 New Designator=C52
Change Component Designator: Old Designator=C50 New Designator=C51
Change Component Designator: Old Designator=C51 New Designator=C50
Change Component Designator: Old Designator=C52 New Designator=C53
Change Component Designator: Old Designator=C53 New Designator=C54
Change Component Designator: Old Designator=C54 New Designator=C103
Change Component Designator: Old Designator=C55 New Designator=C56
Change Component Designator: Old Designator=C56 New Designator=C58
Change Component Designator: Old Designator=C57 New Designator=C99
Change Component Designator: Old Designator=C58 New Designator=C59
Change Component Designator: Old Designator=C59 New Designator=C60
Change Component Designator: Old Designator=C60 New Designator=C61
Change Component Designator: Old Designator=C61 New Designator=C62
Change Component Designator: Old Designator=C62 New Designator=C91
Change Component Designator: Old Designator=C63 New Designator=C78
Change Component Designator: Old Designator=C64 New Designator=C65
Change Component Designator: Old Designator=C65 New Designator=C66
Change Component Designator: Old Designator=C66 New Designator=C67
Change Component Designator: Old Designator=C67 New Designator=C68
Change Component Designator: Old Designator=C68 New Designator=C70
Change Component Designator: Old Designator=C69 New Designator=C71
Change Component Designator: Old Designator=C70 New Designator=C72
Change Component Designator: Old Designator=C71 New Designator=C73
Change Component Designator: Old Designator=C72 New Designator=C74
Change Component Designator: Old Designator=C73 New Designator=C75
Change Component Designator: Old Designator=C74 New Designator=C76
Change Component Designator: Old Designator=C75 New Designator=C77
Change Component Designator: Old Designator=C76 New Designator=C69
Change Component Designator: Old Designator=C77 New Designator=C94
Change Component Designator: Old Designator=C78 New Designator=C64
Change Component Designator: Old Designator=C79 New Designator=C95
Change Component Designator: Old Designator=C81 New Designator=C79
Change Component Designator: Old Designator=C82 New Designator=C81
Change Component Designator: Old Designator=C83 New Designator=C82
Change Component Designator: Old Designator=C84 New Designator=C83
Change Component Designator: Old Designator=C85 New Designator=C84
Change Component Designator: Old Designator=C86 New Designator=C85
Change Component Designator: Old Designator=C87 New Designator=C86
Change Component Designator: Old Designator=C88 New Designator=C87
Change Component Designator: Old Designator=C89 New Designator=C88
Change Component Designator: Old Designator=C90 New Designator=C89
Change Component Designator: Old Designator=C91 New Designator=C90
Change Component Designator: Old Designator=C92 New Designator=C63
Change Component Designator: Old Designator=C93 New Designator=C96
Change Component Designator: Old Designator=C94 New Designator=C97
Change Component Designator: Old Designator=C95 New Designator=C93
Change Component Designator: Old Designator=C96 New Designator=C92
Change Component Designator: Old Designator=C97 New Designator=C57
Change Component Designator: Old Designator=C98 New Designator=C100
Change Component Designator: Old Designator=C99 New Designator=C98
Change Component Designator: Old Designator=C100 New Designator=C101
Change Component Designator: Old Designator=C101 New Designator=C102
Change Component Designator: Old Designator=C102 New Designator=C55
Change Component Designator: Old Designator=C103 New Designator=C104
Change Component Designator: Old Designator=C104 New Designator=C105
Change Component Designator: Old Designator=C105 New Designator=C106
Change Component Designator: Old Designator=C106 New Designator=C107
Change Component Designator: Old Designator=C107 New Designator=C108
Change Component Designator: Old Designator=C108 New Designator=C109
Change Component Designator: Old Designator=C109 New Designator=C110
Change Component Designator: Old Designator=C110 New Designator=C111
Change Component Designator: Old Designator=C111 New Designator=C112
Change Component Designator: Old Designator=C112 New Designator=C113
Change Component Designator: Old Designator=C113 New Designator=C114
Change Component Designator: Old Designator=C114 New Designator=C8
Change Component Designator: Old Designator=C159 New Designator=C160
Change Component Designator: Old Designator=C160 New Designator=C161
Change Component Designator: Old Designator=C161 New Designator=C162
Change Component Designator: Old Designator=C162 New Designator=C163
Change Component Designator: Old Designator=C163 New Designator=C159
Change Component Designator: Old Designator=DZ? New Designator=DZ1
Change Component Designator: Old Designator=DZ? New Designator=DZ2
Change Component Designator: Old Designator=DZ? New Designator=DZ3
Change Component Designator: Old Designator=DZ? New Designator=DZ4
Change Component Designator: Old Designator=DZ? New Designator=DZ5
Change Component Designator: Old Designator=DZ? New Designator=DZ6
Change Component Designator: Old Designator=DZ? New Designator=DZ7
Change Component Designator: Old Designator=L1_PV+ New Designator=L4
Change Component Designator: Old Designator=L4 New Designator=L5
Change Component Designator: Old Designator=L5 New Designator=L6
Change Component Designator: Old Designator=L5 New Designator=L6
Change Component Designator: Old Designator=NEG New Designator=NEG1
Change Component Designator: Old Designator=Q11 New Designator=Q13
Change Component Designator: Old Designator=Q12 New Designator=Q14
Change Component Designator: Old Designator=Q13 New Designator=Q11
Change Component Designator: Old Designator=Q14 New Designator=Q12
Change Component Designator: Old Designator=R40 New Designator=R41
Change Component Designator: Old Designator=R41 New Designator=R40
Change Component Designator: Old Designator=R42 New Designator=R44
Change Component Designator: Old Designator=R44 New Designator=R42
Change Component Designator: Old Designator=R53 New Designator=R56
Change Component Designator: Old Designator=R54 New Designator=R57
Change Component Designator: Old Designator=R55 New Designator=R58
Change Component Designator: Old Designator=R56 New Designator=R53
Change Component Designator: Old Designator=R57 New Designator=R54
Change Component Designator: Old Designator=R58 New Designator=R55
Change Component Designator: Old Designator=R68 New Designator=R72
Change Component Designator: Old Designator=R69 New Designator=R70
Change Component Designator: Old Designator=R70 New Designator=R71
Change Component Designator: Old Designator=R71 New Designator=R68
Change Component Designator: Old Designator=R72 New Designator=R69
Change Component Designator: Old Designator=R75 New Designator=R76
Change Component Designator: Old Designator=R76 New Designator=R75
Change Component Designator: Old Designator=R80 New Designator=R146
Change Component Designator: Old Designator=R88 New Designator=R132
Change Component Designator: Old Designator=R89 New Designator=R133
Change Component Designator: Old Designator=R90 New Designator=R128
Change Component Designator: Old Designator=R91 New Designator=R121
Change Component Designator: Old Designator=R92 New Designator=R122
Change Component Designator: Old Designator=R98 New Designator=R107
Change Component Designator: Old Designator=R99 New Designator=R108
Change Component Designator: Old Designator=R100 New Designator=R109
Change Component Designator: Old Designator=R101 New Designator=R110
Change Component Designator: Old Designator=R102 New Designator=R98
Change Component Designator: Old Designator=R103 New Designator=R99
Change Component Designator: Old Designator=R104 New Designator=R100
Change Component Designator: Old Designator=R105 New Designator=R101
Change Component Designator: Old Designator=R106 New Designator=R102
Change Component Designator: Old Designator=R107 New Designator=R103
Change Component Designator: Old Designator=R108 New Designator=R104
Change Component Designator: Old Designator=R109 New Designator=R105
Change Component Designator: Old Designator=R110 New Designator=R106
Change Component Designator: Old Designator=R111 New Designator=R117
Change Component Designator: Old Designator=R112 New Designator=R118
Change Component Designator: Old Designator=R113 New Designator=R119
Change Component Designator: Old Designator=R114 New Designator=R120
Change Component Designator: Old Designator=R115 New Designator=R125
Change Component Designator: Old Designator=R116 New Designator=R126
Change Component Designator: Old Designator=R117 New Designator=R127
Change Component Designator: Old Designator=R118 New Designator=R129
Change Component Designator: Old Designator=R119 New Designator=R111
Change Component Designator: Old Designator=R120 New Designator=R112
Change Component Designator: Old Designator=R121 New Designator=R113
Change Component Designator: Old Designator=R122 New Designator=R114
Change Component Designator: Old Designator=R123 New Designator=R115
Change Component Designator: Old Designator=R124 New Designator=R116
Change Component Designator: Old Designator=R125 New Designator=R142
Change Component Designator: Old Designator=R126 New Designator=R143
Change Component Designator: Old Designator=R127 New Designator=R91
Change Component Designator: Old Designator=R128 New Designator=R92
Change Component Designator: Old Designator=R129 New Designator=R144
Change Component Designator: Old Designator=R130 New Designator=R145
Change Component Designator: Old Designator=R131 New Designator=R124
Change Component Designator: Old Designator=R132 New Designator=R123
Change Component Designator: Old Designator=R133 New Designator=R153
Change Component Designator: Old Designator=R134 New Designator=R154
Change Component Designator: Old Designator=R135 New Designator=R90
Change Component Designator: Old Designator=R136 New Designator=R130
Change Component Designator: Old Designator=R137 New Designator=R131
Change Component Designator: Old Designator=R138 New Designator=R88
Change Component Designator: Old Designator=R139 New Designator=R89
Change Component Designator: Old Designator=R140 New Designator=R135
Change Component Designator: Old Designator=R141 New Designator=R134
Change Component Designator: Old Designator=R142 New Designator=R139
Change Component Designator: Old Designator=R143 New Designator=R136
Change Component Designator: Old Designator=R144 New Designator=R137
Change Component Designator: Old Designator=R145 New Designator=R138
Change Component Designator: Old Designator=R146 New Designator=R140
Change Component Designator: Old Designator=R147 New Designator=R141
Change Component Designator: Old Designator=R148 New Designator=R80
Change Component Designator: Old Designator=R149 New Designator=R147
Change Component Designator: Old Designator=R150 New Designator=R148
Change Component Designator: Old Designator=R151 New Designator=R150
Change Component Designator: Old Designator=R152 New Designator=R149
Change Component Designator: Old Designator=R153 New Designator=R151
Change Component Designator: Old Designator=R154 New Designator=R152
Change Component Designator: Old Designator=U3 New Designator=U4
Change Component Designator: Old Designator=U4 New Designator=U3
Change Component Designator: Old Designator=U10 New Designator=U16
Change Component Designator: Old Designator=U16 New Designator=U10
Change Component Designator: Old Designator=V2 New Designator=V3
Change Component Designator: Old Designator=V3 New Designator=V2
Change Component Designator: Old Designator=V5 New Designator=V6
Change Component Designator: Old Designator=V6 New Designator=V5
Change Component Designator: Old Designator=V7 New Designator=V8
Change Component Designator: Old Designator=V8 New Designator=V7
