Change Component Designator: Old Designator=214 New Designator=1
Change Component Designator: Old Designator=BAT+ New Designator=BAT+1
Change Component Designator: Old Designator=BAT- New Designator=BAT-1
Change Component Designator: Old Designator=C47 New Designator=C53
Change Component Designator: Old Designator=C48 New Designator=C47
Change Component Designator: Old Designator=C49 New Designator=C48
Change Component Designator: Old Designator=C50 New Designator=C49
Change Component Designator: Old Designator=C51 New Designator=C50
Change Component Designator: Old Designator=C52 New Designator=C51
Change Component Designator: Old Designator=C53 New Designator=C52
Change Component Designator: Old Designator=C55 New Designator=C58
Change Component Designator: Old Designator=C56 New Designator=C55
Change Component Designator: Old Designator=C57 New Designator=C56
Change Component Designator: Old Designator=C58 New Designator=C57
Change Component Designator: Old Designator=C107 New Designator=C109
Change Component Designator: Old Designator=C108 New Designator=C110
Change Component Designator: Old Designator=C109 New Designator=C107
Change Component Designator: Old Designator=C110 New Designator=C108
Change Component Designator: Old Designator=C159 New Designator=C163
Change Component Designator: Old Designator=C160 New Designator=C159
Change Component Designator: Old Designator=C161 New Designator=C160
Change Component Designator: Old Designator=C162 New Designator=C161
Change Component Designator: Old Designator=C163 New Designator=C162
Change Component Designator: Old Designator=R53 New Designator=R54
Change Component Designator: Old Designator=R54 New Designator=R55
Change Component Designator: Old Designator=R55 New Designator=R56
Change Component Designator: Old Designator=R56 New Designator=R57
Change Component Designator: Old Designator=R57 New Designator=R58
Change Component Designator: Old Designator=R58 New Designator=R59
Change Component Designator: Old Designator=R59 New Designator=R60
Change Component Designator: Old Designator=R60 New Designator=R61
Change Component Designator: Old Designator=R61 New Designator=R62
Change Component Designator: Old Designator=R62 New Designator=R70
Change Component Designator: Old Designator=R70 New Designator=R71
Change Component Designator: Old Designator=R71 New Designator=R72
Change Component Designator: Old Designator=R72 New Designator=R73
Change Component Designator: Old Designator=R73 New Designator=R74
Change Component Designator: Old Designator=R74 New Designator=R75
Change Component Designator: Old Designator=R75 New Designator=R77
Change Component Designator: Old Designator=R76 New Designator=R84
Change Component Designator: Old Designator=R77 New Designator=R76
Change Component Designator: Old Designator=R81 New Designator=R82
Change Component Designator: Old Designator=R82 New Designator=R81
Change Component Designator: Old Designator=R84 New Designator=R85
Change Component Designator: Old Designator=R85 New Designator=R86
Change Component Designator: Old Designator=R86 New Designator=R87
Change Component Designator: Old Designator=R87 New Designator=R88
Change Component Designator: Old Designator=R88 New Designator=R89
Change Component Designator: Old Designator=R89 New Designator=R90
Change Component Designator: Old Designator=R90 New Designator=R91
Change Component Designator: Old Designator=R91 New Designator=R92
Change Component Designator: Old Designator=R92 New Designator=R93
Change Component Designator: Old Designator=R93 New Designator=R94
Change Component Designator: Old Designator=R94 New Designator=R95
Change Component Designator: Old Designator=R95 New Designator=R96
Change Component Designator: Old Designator=R96 New Designator=R97
Change Component Designator: Old Designator=R97 New Designator=R98
Change Component Designator: Old Designator=R98 New Designator=R99
Change Component Designator: Old Designator=R99 New Designator=R100
Change Component Designator: Old Designator=R100 New Designator=R101
Change Component Designator: Old Designator=R101 New Designator=R102
Change Component Designator: Old Designator=R102 New Designator=R103
Change Component Designator: Old Designator=R103 New Designator=R104
Change Component Designator: Old Designator=R104 New Designator=R105
Change Component Designator: Old Designator=R105 New Designator=R106
Change Component Designator: Old Designator=R106 New Designator=R107
Change Component Designator: Old Designator=R107 New Designator=R108
Change Component Designator: Old Designator=R108 New Designator=R109
Change Component Designator: Old Designator=R109 New Designator=R110
Change Component Designator: Old Designator=R110 New Designator=R111
Change Component Designator: Old Designator=R111 New Designator=R112
Change Component Designator: Old Designator=R112 New Designator=R113
Change Component Designator: Old Designator=R113 New Designator=R114
Change Component Designator: Old Designator=R114 New Designator=R115
Change Component Designator: Old Designator=R115 New Designator=R116
Change Component Designator: Old Designator=R116 New Designator=R117
Change Component Designator: Old Designator=R117 New Designator=R118
Change Component Designator: Old Designator=R118 New Designator=R119
Change Component Designator: Old Designator=R119 New Designator=R120
Change Component Designator: Old Designator=R120 New Designator=R121
Change Component Designator: Old Designator=R121 New Designator=R122
Change Component Designator: Old Designator=R122 New Designator=R123
Change Component Designator: Old Designator=R123 New Designator=R124
Change Component Designator: Old Designator=R124 New Designator=R125
Change Component Designator: Old Designator=R125 New Designator=R126
Change Component Designator: Old Designator=R126 New Designator=R127
Change Component Designator: Old Designator=R127 New Designator=R128
Change Component Designator: Old Designator=R128 New Designator=R129
Change Component Designator: Old Designator=R129 New Designator=R130
Change Component Designator: Old Designator=R130 New Designator=R131
Change Component Designator: Old Designator=R131 New Designator=R132
Change Component Designator: Old Designator=R132 New Designator=R133
Change Component Designator: Old Designator=R133 New Designator=R134
Change Component Designator: Old Designator=R134 New Designator=R135
Change Component Designator: Old Designator=R135 New Designator=R136
Change Component Designator: Old Designator=R136 New Designator=R137
Change Component Designator: Old Designator=R137 New Designator=R138
Change Component Designator: Old Designator=R138 New Designator=R139
Change Component Designator: Old Designator=R139 New Designator=R140
Change Component Designator: Old Designator=R140 New Designator=R141
Change Component Designator: Old Designator=R141 New Designator=R142
Change Component Designator: Old Designator=R142 New Designator=R143
Change Component Designator: Old Designator=R143 New Designator=R144
Change Component Designator: Old Designator=R144 New Designator=R145
Change Component Designator: Old Designator=R145 New Designator=R146
Change Component Designator: Old Designator=R146 New Designator=R147
Change Component Designator: Old Designator=R147 New Designator=R148
Change Component Designator: Old Designator=R148 New Designator=R149
Change Component Designator: Old Designator=R149 New Designator=R150
Change Component Designator: Old Designator=R150 New Designator=R151
Change Component Designator: Old Designator=R151 New Designator=R152
Change Component Designator: Old Designator=R152 New Designator=R153
Change Component Designator: Old Designator=R153 New Designator=R154
Change Component Designator: Old Designator=R154 New Designator=R155
Change Component Designator: Old Designator=R155 New Designator=R160
Change Component Designator: Old Designator=R157 New Designator=R162
Change Component Designator: Old Designator=R158 New Designator=R157
Change Component Designator: Old Designator=R159 New Designator=R158
Change Component Designator: Old Designator=R160 New Designator=R159
Change Component Designator: Old Designator=R162 New Designator=R163
Change Component Designator: Old Designator=R163 New Designator=R164
Change Component Designator: Old Designator=R164 New Designator=R165
Change Component Designator: Old Designator=R165 New Designator=R166
Change Component Designator: Old Designator=R166 New Designator=R167
Change Component Designator: Old Designator=R168 New Designator=R169
Change Component Designator: Old Designator=R169 New Designator=R170
Change Component Designator: Old Designator=R170 New Designator=R171
Change Component Designator: Old Designator=R171 New Designator=R172
Change Component Designator: Old Designator=R172 New Designator=R173
Change Component Designator: Old Designator=R173 New Designator=R174
Change Component Designator: Old Designator=R174 New Designator=R175
Change Component Designator: Old Designator=R175 New Designator=R176
Change Component Designator: Old Designator=R176 New Designator=R177
Change Component Designator: Old Designator=R177 New Designator=R178
Change Component Designator: Old Designator=R178 New Designator=R179
Change Component Designator: Old Designator=R179 New Designator=R180
Change Component Designator: Old Designator=R180 New Designator=R181
Change Component Designator: Old Designator=R181 New Designator=R182
Change Component Designator: Old Designator=R182 New Designator=R183
Change Component Designator: Old Designator=R183 New Designator=R184
Change Component Designator: Old Designator=R184 New Designator=R185
Change Component Designator: Old Designator=R185 New Designator=R186
Change Component Designator: Old Designator=R186 New Designator=R187
Change Component Designator: Old Designator=R187 New Designator=R188
Change Component Designator: Old Designator=R188 New Designator=R189
Change Component Designator: Old Designator=R189 New Designator=R190
Change Component Designator: Old Designator=R190 New Designator=R191
Change Component Designator: Old Designator=R191 New Designator=R192
Change Component Designator: Old Designator=R192 New Designator=R193
Change Component Designator: Old Designator=R193 New Designator=R194
Change Component Designator: Old Designator=R194 New Designator=R195
Change Component Designator: Old Designator=R195 New Designator=R196
Change Component Designator: Old Designator=R196 New Designator=R197
Change Component Designator: Old Designator=R197 New Designator=R198
Change Component Designator: Old Designator=R198 New Designator=R199
Change Component Designator: Old Designator=R199 New Designator=R200
Change Component Designator: Old Designator=R200 New Designator=R201
Change Component Designator: Old Designator=R201 New Designator=R202
Change Component Designator: Old Designator=R202 New Designator=R203
Change Component Designator: Old Designator=R203 New Designator=R204
Change Component Designator: Old Designator=R204 New Designator=R205
Change Component Designator: Old Designator=R205 New Designator=R206
Change Component Designator: Old Designator=R206 New Designator=R207
Change Component Designator: Old Designator=R207 New Designator=R208
Change Component Designator: Old Designator=R208 New Designator=R209
Change Component Designator: Old Designator=R209 New Designator=R210
Change Component Designator: Old Designator=R210 New Designator=R211
Change Component Designator: Old Designator=R211 New Designator=R212
Change Component Designator: Old Designator=R212 New Designator=R213
Change Component Designator: Old Designator=R213 New Designator=R214
Change Component Designator: Old Designator=R214 New Designator=R168
Change Component Designator: Old Designator=R? New Designator=R53
