Change Component Designator: OldDesignator=*7 NewDesignator=*3
Change Component Designator: OldDesignator=*10 NewDesignator=*4
Change Component Designator: OldDesignator=AC_L NewDesignator=AC_L1
Change Component Designator: OldDesignator=AC_N NewDesignator=AC_N1
Change Component Designator: OldDesignator=BAT+ NewDesignator=BAT+1
Change Component Designator: OldDesignator=BAT- NewDesignator=BAT-1
Change Component Designator: OldDesignator=BUS + NewDesignator=BUS +1
Change Component Designator: OldDesignator=C8 NewDesignator=C9
Change Component Designator: OldDesignator=C9 NewDesignator=C10
Change Component Designator: OldDesignator=C10 NewDesignator=C11
Change Component Designator: OldDesignator=C11 NewDesignator=C12
Change Component Designator: OldDesignator=C12 NewDesignator=C13
Change Component Designator: OldDesignator=C13 NewDesignator=C14
Change Component Designator: OldDesignator=C14 NewDesignator=C15
Change Component Designator: OldDesignator=C15 NewDesignator=C16
Change Component Designator: OldDesignator=C16 NewDesignator=C17
Change Component Designator: OldDesignator=C17 NewDesignator=C18
Change Component Designator: OldDesignator=C18 NewDesignator=C19
Change Component Designator: OldDesignator=C19 NewDesignator=C20
Change Component Designator: OldDesignator=C20 NewDesignator=C21
Change Component Designator: OldDesignator=C21 NewDesignator=C22
Change Component Designator: OldDesignator=C22 NewDesignator=C23
Change Component Designator: OldDesignator=C23 NewDesignator=C24
Change Component Designator: OldDesignator=C24 NewDesignator=C25
Change Component Designator: OldDesignator=C25 NewDesignator=C26
Change Component Designator: OldDesignator=C26 NewDesignator=C27
Change Component Designator: OldDesignator=C27 NewDesignator=C28
Change Component Designator: OldDesignator=C28 NewDesignator=C29
Change Component Designator: OldDesignator=C29 NewDesignator=C31
Change Component Designator: OldDesignator=C31 NewDesignator=C33
Change Component Designator: OldDesignator=C33 NewDesignator=C34
Change Component Designator: OldDesignator=C34 NewDesignator=C35
Change Component Designator: OldDesignator=C35 NewDesignator=C36
Change Component Designator: OldDesignator=C36 NewDesignator=C37
Change Component Designator: OldDesignator=C37 NewDesignator=C38
Change Component Designator: OldDesignator=C38 NewDesignator=C39
Change Component Designator: OldDesignator=C39 NewDesignator=C40
Change Component Designator: OldDesignator=C40 NewDesignator=C45
Change Component Designator: OldDesignator=C41 NewDesignator=C42
Change Component Designator: OldDesignator=C42 NewDesignator=C43
Change Component Designator: OldDesignator=C43 NewDesignator=C44
Change Component Designator: OldDesignator=C44 NewDesignator=C41
Change Component Designator: OldDesignator=C45 NewDesignator=C46
Change Component Designator: OldDesignator=C46 NewDesignator=C47
Change Component Designator: OldDesignator=C47 NewDesignator=C48
Change Component Designator: OldDesignator=C48 NewDesignator=C49
Change Component Designator: OldDesignator=C49 NewDesignator=C52
Change Component Designator: OldDesignator=C50 NewDesignator=C51
Change Component Designator: OldDesignator=C51 NewDesignator=C50
Change Component Designator: OldDesignator=C52 NewDesignator=C53
Change Component Designator: OldDesignator=C53 NewDesignator=C54
Change Component Designator: OldDesignator=C54 NewDesignator=C103
Change Component Designator: OldDesignator=C55 NewDesignator=C56
Change Component Designator: OldDesignator=C56 NewDesignator=C58
Change Component Designator: OldDesignator=C57 NewDesignator=C99
Change Component Designator: OldDesignator=C58 NewDesignator=C59
Change Component Designator: OldDesignator=C59 NewDesignator=C60
Change Component Designator: OldDesignator=C60 NewDesignator=C61
Change Component Designator: OldDesignator=C61 NewDesignator=C62
Change Component Designator: OldDesignator=C62 NewDesignator=C91
Change Component Designator: OldDesignator=C63 NewDesignator=C78
Change Component Designator: OldDesignator=C64 NewDesignator=C65
Change Component Designator: OldDesignator=C65 NewDesignator=C66
Change Component Designator: OldDesignator=C66 NewDesignator=C67
Change Component Designator: OldDesignator=C67 NewDesignator=C68
Change Component Designator: OldDesignator=C68 NewDesignator=C70
Change Component Designator: OldDesignator=C69 NewDesignator=C71
Change Component Designator: OldDesignator=C70 NewDesignator=C72
Change Component Designator: OldDesignator=C71 NewDesignator=C73
Change Component Designator: OldDesignator=C72 NewDesignator=C74
Change Component Designator: OldDesignator=C73 NewDesignator=C75
Change Component Designator: OldDesignator=C74 NewDesignator=C76
Change Component Designator: OldDesignator=C75 NewDesignator=C77
Change Component Designator: OldDesignator=C76 NewDesignator=C69
Change Component Designator: OldDesignator=C77 NewDesignator=C94
Change Component Designator: OldDesignator=C78 NewDesignator=C64
Change Component Designator: OldDesignator=C79 NewDesignator=C95
Change Component Designator: OldDesignator=C81 NewDesignator=C79
Change Component Designator: OldDesignator=C82 NewDesignator=C81
Change Component Designator: OldDesignator=C83 NewDesignator=C82
Change Component Designator: OldDesignator=C84 NewDesignator=C83
Change Component Designator: OldDesignator=C85 NewDesignator=C84
Change Component Designator: OldDesignator=C86 NewDesignator=C85
Change Component Designator: OldDesignator=C87 NewDesignator=C86
Change Component Designator: OldDesignator=C88 NewDesignator=C87
Change Component Designator: OldDesignator=C89 NewDesignator=C88
Change Component Designator: OldDesignator=C90 NewDesignator=C89
Change Component Designator: OldDesignator=C91 NewDesignator=C90
Change Component Designator: OldDesignator=C92 NewDesignator=C63
Change Component Designator: OldDesignator=C93 NewDesignator=C96
Change Component Designator: OldDesignator=C94 NewDesignator=C97
Change Component Designator: OldDesignator=C95 NewDesignator=C93
Change Component Designator: OldDesignator=C96 NewDesignator=C92
Change Component Designator: OldDesignator=C97 NewDesignator=C57
Change Component Designator: OldDesignator=C98 NewDesignator=C100
Change Component Designator: OldDesignator=C99 NewDesignator=C98
Change Component Designator: OldDesignator=C100 NewDesignator=C101
Change Component Designator: OldDesignator=C101 NewDesignator=C102
Change Component Designator: OldDesignator=C102 NewDesignator=C55
Change Component Designator: OldDesignator=C103 NewDesignator=C104
Change Component Designator: OldDesignator=C104 NewDesignator=C105
Change Component Designator: OldDesignator=C105 NewDesignator=C106
Change Component Designator: OldDesignator=C106 NewDesignator=C107
Change Component Designator: OldDesignator=C107 NewDesignator=C108
Change Component Designator: OldDesignator=C108 NewDesignator=C109
Change Component Designator: OldDesignator=C109 NewDesignator=C110
Change Component Designator: OldDesignator=C110 NewDesignator=C111
Change Component Designator: OldDesignator=C111 NewDesignator=C112
Change Component Designator: OldDesignator=C112 NewDesignator=C113
Change Component Designator: OldDesignator=C113 NewDesignator=C114
Change Component Designator: OldDesignator=C114 NewDesignator=C8
Change Component Designator: OldDesignator=C159 NewDesignator=C160
Change Component Designator: OldDesignator=C160 NewDesignator=C161
Change Component Designator: OldDesignator=C161 NewDesignator=C162
Change Component Designator: OldDesignator=C162 NewDesignator=C163
Change Component Designator: OldDesignator=C163 NewDesignator=C159
Change Component Designator: OldDesignator=DZ? NewDesignator=DZ1
Change Component Designator: OldDesignator=DZ? NewDesignator=DZ2
Change Component Designator: OldDesignator=DZ? NewDesignator=DZ3
Change Component Designator: OldDesignator=DZ? NewDesignator=DZ4
Change Component Designator: OldDesignator=DZ? NewDesignator=DZ5
Change Component Designator: OldDesignator=DZ? NewDesignator=DZ6
Change Component Designator: OldDesignator=DZ? NewDesignator=DZ7
Change Component Designator: OldDesignator=L1_PV+ NewDesignator=L4
Change Component Designator: OldDesignator=L4 NewDesignator=L5
Change Component Designator: OldDesignator=L5 NewDesignator=L6
Change Component Designator: OldDesignator=NEG NewDesignator=NEG1
Change Component Designator: OldDesignator=Q11 NewDesignator=Q13
Change Component Designator: OldDesignator=Q12 NewDesignator=Q14
Change Component Designator: OldDesignator=Q13 NewDesignator=Q11
Change Component Designator: OldDesignator=Q14 NewDesignator=Q12
Change Component Designator: OldDesignator=R40 NewDesignator=R41
Change Component Designator: OldDesignator=R41 NewDesignator=R40
Change Component Designator: OldDesignator=R42 NewDesignator=R44
Change Component Designator: OldDesignator=R44 NewDesignator=R42
Change Component Designator: OldDesignator=R53 NewDesignator=R56
Change Component Designator: OldDesignator=R54 NewDesignator=R57
Change Component Designator: OldDesignator=R55 NewDesignator=R58
Change Component Designator: OldDesignator=R56 NewDesignator=R53
Change Component Designator: OldDesignator=R57 NewDesignator=R54
Change Component Designator: OldDesignator=R58 NewDesignator=R55
Change Component Designator: OldDesignator=R68 NewDesignator=R72
Change Component Designator: OldDesignator=R69 NewDesignator=R70
Change Component Designator: OldDesignator=R70 NewDesignator=R71
Change Component Designator: OldDesignator=R71 NewDesignator=R68
Change Component Designator: OldDesignator=R72 NewDesignator=R69
Change Component Designator: OldDesignator=R75 NewDesignator=R76
Change Component Designator: OldDesignator=R76 NewDesignator=R75
Change Component Designator: OldDesignator=R80 NewDesignator=R146
Change Component Designator: OldDesignator=R88 NewDesignator=R132
Change Component Designator: OldDesignator=R89 NewDesignator=R133
Change Component Designator: OldDesignator=R90 NewDesignator=R128
Change Component Designator: OldDesignator=R91 NewDesignator=R121
Change Component Designator: OldDesignator=R92 NewDesignator=R122
Change Component Designator: OldDesignator=R98 NewDesignator=R107
Change Component Designator: OldDesignator=R99 NewDesignator=R108
Change Component Designator: OldDesignator=R100 NewDesignator=R109
Change Component Designator: OldDesignator=R101 NewDesignator=R110
Change Component Designator: OldDesignator=R102 NewDesignator=R98
Change Component Designator: OldDesignator=R103 NewDesignator=R99
Change Component Designator: OldDesignator=R104 NewDesignator=R100
Change Component Designator: OldDesignator=R105 NewDesignator=R101
Change Component Designator: OldDesignator=R106 NewDesignator=R102
Change Component Designator: OldDesignator=R107 NewDesignator=R103
Change Component Designator: OldDesignator=R108 NewDesignator=R104
Change Component Designator: OldDesignator=R109 NewDesignator=R105
Change Component Designator: OldDesignator=R110 NewDesignator=R106
Change Component Designator: OldDesignator=R111 NewDesignator=R117
Change Component Designator: OldDesignator=R112 NewDesignator=R118
Change Component Designator: OldDesignator=R113 NewDesignator=R119
Change Component Designator: OldDesignator=R114 NewDesignator=R120
Change Component Designator: OldDesignator=R115 NewDesignator=R125
Change Component Designator: OldDesignator=R116 NewDesignator=R126
Change Component Designator: OldDesignator=R117 NewDesignator=R127
Change Component Designator: OldDesignator=R118 NewDesignator=R129
Change Component Designator: OldDesignator=R119 NewDesignator=R111
Change Component Designator: OldDesignator=R120 NewDesignator=R112
Change Component Designator: OldDesignator=R121 NewDesignator=R113
Change Component Designator: OldDesignator=R122 NewDesignator=R114
Change Component Designator: OldDesignator=R123 NewDesignator=R115
Change Component Designator: OldDesignator=R124 NewDesignator=R116
Change Component Designator: OldDesignator=R125 NewDesignator=R142
Change Component Designator: OldDesignator=R126 NewDesignator=R143
Change Component Designator: OldDesignator=R127 NewDesignator=R91
Change Component Designator: OldDesignator=R128 NewDesignator=R92
Change Component Designator: OldDesignator=R129 NewDesignator=R144
Change Component Designator: OldDesignator=R130 NewDesignator=R145
Change Component Designator: OldDesignator=R131 NewDesignator=R124
Change Component Designator: OldDesignator=R132 NewDesignator=R123
Change Component Designator: OldDesignator=R133 NewDesignator=R153
Change Component Designator: OldDesignator=R134 NewDesignator=R154
Change Component Designator: OldDesignator=R135 NewDesignator=R90
Change Component Designator: OldDesignator=R136 NewDesignator=R130
Change Component Designator: OldDesignator=R137 NewDesignator=R131
Change Component Designator: OldDesignator=R138 NewDesignator=R88
Change Component Designator: OldDesignator=R139 NewDesignator=R89
Change Component Designator: OldDesignator=R140 NewDesignator=R135
Change Component Designator: OldDesignator=R141 NewDesignator=R134
Change Component Designator: OldDesignator=R142 NewDesignator=R139
Change Component Designator: OldDesignator=R143 NewDesignator=R136
Change Component Designator: OldDesignator=R144 NewDesignator=R137
Change Component Designator: OldDesignator=R145 NewDesignator=R138
Change Component Designator: OldDesignator=R146 NewDesignator=R140
Change Component Designator: OldDesignator=R147 NewDesignator=R141
Change Component Designator: OldDesignator=R148 NewDesignator=R80
Change Component Designator: OldDesignator=R149 NewDesignator=R147
Change Component Designator: OldDesignator=R150 NewDesignator=R148
Change Component Designator: OldDesignator=R151 NewDesignator=R150
Change Component Designator: OldDesignator=R152 NewDesignator=R149
Change Component Designator: OldDesignator=R153 NewDesignator=R151
Change Component Designator: OldDesignator=R154 NewDesignator=R152
Change Component Designator: OldDesignator=U3 NewDesignator=U4
Change Component Designator: OldDesignator=U4 NewDesignator=U3
Change Component Designator: OldDesignator=U10 NewDesignator=U16
Change Component Designator: OldDesignator=U16 NewDesignator=U10
Change Component Designator: OldDesignator=V2 NewDesignator=V3
Change Component Designator: OldDesignator=V3 NewDesignator=V2
Change Component Designator: OldDesignator=V5 NewDesignator=V6
Change Component Designator: OldDesignator=V6 NewDesignator=V5
Change Component Designator: OldDesignator=V7 NewDesignator=V8
Change Component Designator: OldDesignator=V8 NewDesignator=V7
Change Net Name : Old Net Name=Net*7_1 New Net Name=Net*3_1
Change Net Name : Old Net Name=Net*10_1 New Net Name=Net*4_1
Change Net Name : Old Net Name=NetAC_L_1 New Net Name=NetAC_L1_1
Change Net Name : Old Net Name=NetAC_N_1 New Net Name=NetAC_N1_1
Change Net Name : Old Net Name=NetBAT+_1 New Net Name=NetBAT+1_1
Change Net Name : Old Net Name=NetBAT-_1 New Net Name=NetBAT-1_1
Change Net Name : Old Net Name=NetC13_1 New Net Name=NetC14_1
Change Net Name : Old Net Name=NetC34_1 New Net Name=NetC35_1
Change Net Name : Old Net Name=NetC35_1 New Net Name=NetC36_1
Change Net Name : Old Net Name=NetC35_2 New Net Name=NetC36_2
Change Net Name : Old Net Name=NetC36_1 New Net Name=NetC37_1
Change Net Name : Old Net Name=NetC36_2 New Net Name=NetC37_2
Change Net Name : Old Net Name=NetC37_1 New Net Name=NetC38_1
Change Net Name : Old Net Name=NetC37_2 New Net Name=NetC38_2
Change Net Name : Old Net Name=NetC38_2 New Net Name=NetC39_2
Change Net Name : Old Net Name=NetC39_1 New Net Name=NetC40_1
Change Net Name : Old Net Name=NetC39_2 New Net Name=NetC40_2
Change Net Name : Old Net Name=NetC40_2 New Net Name=NetC45_2
Change Net Name : Old Net Name=NetC44_2 New Net Name=NetC41_2
Change Net Name : Old Net Name=NetC45_2 New Net Name=NetC46_2
Change Net Name : Old Net Name=NetC46_2 New Net Name=NetC47_2
Change Net Name : Old Net Name=NetC47_2 New Net Name=NetC48_2
Change Net Name : Old Net Name=NetC52_1 New Net Name=NetC53_1
Change Net Name : Old Net Name=NetC57_1 New Net Name=NetC99_1
Change Net Name : Old Net Name=NetC58_1 New Net Name=NetC59_1
Change Net Name : Old Net Name=NetC60_1 New Net Name=NetC61_1
Change Net Name : Old Net Name=NetC64_1 New Net Name=NetC65_1
Change Net Name : Old Net Name=NetC77_1 New Net Name=NetC94_1
Change Net Name : Old Net Name=NetC77_2 New Net Name=NetC94_2
Change Net Name : Old Net Name=NetC79_1 New Net Name=NetC95_1
Change Net Name : Old Net Name=NetC79_2 New Net Name=NetC95_2
Change Net Name : Old Net Name=NetC93_2 New Net Name=NetC96_2
Change Net Name : Old Net Name=NetC94_2 New Net Name=NetC97_2
Change Net Name : Old Net Name=NetC97_1 New Net Name=NetC57_1
Change Net Name : Old Net Name=NetC98_2 New Net Name=NetC100_2
Change Net Name : Old Net Name=NetC99_2 New Net Name=NetC98_2
Change Net Name : Old Net Name=NetC100_1 New Net Name=NetC101_1
Change Net Name : Old Net Name=NetC100_2 New Net Name=NetC101_2
Change Net Name : Old Net Name=NetC101_1 New Net Name=NetC102_1
Change Net Name : Old Net Name=NetC101_2 New Net Name=NetC102_2
Change Net Name : Old Net Name=NetC105_2 New Net Name=NetC106_2
Change Net Name : Old Net Name=NetC106_2 New Net Name=NetC107_2
Change Net Name : Old Net Name=NetC109_1 New Net Name=NetC110_1
Change Net Name : Old Net Name=NetC110_1 New Net Name=NetC111_1
Change Net Name : Old Net Name=NetL1_PV+_1 New Net Name=NetL4_1
Change Net Name : Old Net Name=NetQ13_2 New Net Name=NetQ11_2
Change Net Name : Old Net Name=NetQ13_3 New Net Name=NetQ11_3
Change Net Name : Old Net Name=NetQ14_2 New Net Name=NetQ12_2
Change Net Name : Old Net Name=NetQ14_3 New Net Name=NetQ12_3
Change Net Name : Old Net Name=NetR40_1 New Net Name=NetR41_1
Change Net Name : Old Net Name=NetR41_1 New Net Name=NetR40_1
Change Net Name : Old Net Name=NetR42_1 New Net Name=NetR44_1
Change Net Name : Old Net Name=NetR42_2 New Net Name=NetR44_2
Change Net Name : Old Net Name=NetR44_1 New Net Name=NetR42_1
Change Net Name : Old Net Name=NetR44_2 New Net Name=NetR42_2
Change Net Name : Old Net Name=NetR53_1 New Net Name=NetR56_1
Change Net Name : Old Net Name=NetR56_1 New Net Name=NetR53_1
Change Net Name : Old Net Name=NetR80_1 New Net Name=NetR128_2
Change Net Name : Old Net Name=NetR88_2 New Net Name=NetR121_2
Change Net Name : Old Net Name=NetR90_1 New Net Name=NetR122_2
Change Net Name : Old Net Name=NetR91_1 New Net Name=NetR121_1
Change Net Name : Old Net Name=NetR103_2 New Net Name=NetR99_2
Change Net Name : Old Net Name=NetR104_2 New Net Name=NetR100_2
Change Net Name : Old Net Name=NetR107_2 New Net Name=NetR103_2
Change Net Name : Old Net Name=NetR108_2 New Net Name=NetR104_2
Change Net Name : Old Net Name=NetR109_2 New Net Name=NetR105_2
Change Net Name : Old Net Name=NetR112_2 New Net Name=NetR118_2
Change Net Name : Old Net Name=NetR114_2 New Net Name=NetR120_2
Change Net Name : Old Net Name=NetR123_1 New Net Name=NetR115_1
Change Net Name : Old Net Name=NetR124_1 New Net Name=NetR116_1
Change Net Name : Old Net Name=NetR127_1 New Net Name=NetR91_1
Change Net Name : Old Net Name=NetR127_2 New Net Name=NetR88_1
Change Net Name : Old Net Name=NetR128_2 New Net Name=NetR90_2
Change Net Name : Old Net Name=NetR131_1 New Net Name=NetR124_1
Change Net Name : Old Net Name=NetR131_2 New Net Name=NetR124_2
Change Net Name : Old Net Name=NetR132_1 New Net Name=NetR123_1
Change Net Name : Old Net Name=NetR132_2 New Net Name=NetR123_2
Change Net Name : Old Net Name=NetR135_1 New Net Name=NetR80_2
Change Net Name : Old Net Name=NetR140_1 New Net Name=NetR135_1
Change Net Name : Old Net Name=NetR141_1 New Net Name=NetR134_1
Change Net Name : Old Net Name=NetR146_1 New Net Name=NetR140_1
Change Net Name : Old Net Name=NetR147_1 New Net Name=NetR141_1
Added Member To Class: ClassName=INV.Main.SCH Member=Component DZ1 Zener
Added Member To Class: ClassName=INV.Main.SCH Member=Component DZ2 Zener
Added Member To Class: ClassName=INV.Main.SCH Member=Component DZ4 Zener
Added Member To Class: ClassName=INV.Main.SCH Member=Component DZ5 Zener
Added Member To Class: ClassName=INV.Main.SCH Member=Component DZ6 Zener
Added Member To Class: ClassName=INV.Main.SCH Member=Component DZ7 Zener
