Removed Pin From Net: NetName=G_LLC_A Pin=1-1
Removed Pin From Net: NetName=LLC_A_-5V Pin=C9-1
Removed Pin From Net: NetName=+15V_LLC_A Pin=C9-2
Removed Pin From Net: NetName=LLC_A_-5V Pin=C10-1
Removed Pin From Net: NetName=+15V_LLC_A Pin=C10-2
Removed Pin From Net: NetName=LLC_A_-5V Pin=C11-1
Removed Pin From Net: NetName=+15V_LLC_A Pin=C11-2
Removed Pin From Net: NetName=+15V_LLC_A Pin=C12-2
Removed Pin From Net: NetName=+15V_LLC_A Pin=C13-2
Removed Pin From Net: NetName=LLC_B_-5V Pin=C17-1
Removed Pin From Net: NetName=+15V_LLC_B Pin=C17-2
Removed Pin From Net: NetName=LLC_B_-5V Pin=C18-1
Removed Pin From Net: NetName=+15V_LLC_B Pin=C18-2
Removed Pin From Net: NetName=LLC_B_-5V Pin=C19-1
Removed Pin From Net: NetName=+15V_LLC_B Pin=C19-2
Removed Pin From Net: NetName=+15V_LLC_B Pin=C20-2
Removed Pin From Net: NetName=+15V_LLC_B Pin=C21-2
Removed Pin From Net: NetName=LLC_A_-5V Pin=C49-2
Removed Pin From Net: NetName=LLC_B_-5V Pin=C56-2
Removed Pin From Net: NetName=LLC_A_-5V Pin=C58-2
Removed Pin From Net: NetName=LLC_B_-5V Pin=C60-2
Removed Pin From Net: NetName=G_LLC_B Pin=C199-2
Removed Pin From Net: NetName=G_LLC_B Pin=C200-2
Removed Pin From Net: NetName=G_LLC_B Pin=C201-2
Removed Pin From Net: NetName=G_LLC_B Pin=C202-2
Removed Pin From Net: NetName=G_LLC_B Pin=C204-2
Removed Pin From Net: NetName=G_LLC_B Pin=C205-2
Removed Pin From Net: NetName=G_LLC_B Pin=C206-2
Removed Pin From Net: NetName=G_LLC_A Pin=C209-2
Removed Pin From Net: NetName=G_LLC_A Pin=C210-2
Removed Pin From Net: NetName=G_LLC_A Pin=C211-2
Removed Pin From Net: NetName=G_LLC_A Pin=C212-2
Removed Pin From Net: NetName=G_LLC_A Pin=C213-2
Removed Pin From Net: NetName=G_LLC_A Pin=C214-2
Removed Pin From Net: NetName=G_LLC_A Pin=C215-2
Removed Pin From Net: NetName=G_LLC_B Pin=DZ6-1
Removed Pin From Net: NetName=G_LLC_A Pin=DZ7-1
Removed Pin From Net: NetName=LLC_A_-5V Pin=Q5-3
Removed Pin From Net: NetName=LLC_B_-5V Pin=Q8-3
Removed Pin From Net: NetName=+15V_LLC_A Pin=R21-1
Removed Pin From Net: NetName=+15V_LLC_A Pin=R22-1
Removed Pin From Net: NetName=+15V_LLC_B Pin=R27-1
Removed Pin From Net: NetName=+15V_LLC_B Pin=R28-1
Removed Pin From Net: NetName=G_LLC_B Pin=R213-1
Removed Pin From Net: NetName=LLC_A_-5V Pin=U2-4
Removed Pin From Net: NetName=+15V_LLC_A Pin=U2-6
Removed Pin From Net: NetName=LLC_B_-5V Pin=U7-4
Removed Pin From Net: NetName=+15V_LLC_B Pin=U7-6
Added Pin To Net: NetName=G_LLC_B Pin=1-1
Added Pin To Net: NetName=LLC_B_-5V Pin=C9-1
Added Pin To Net: NetName=+15V_LLC_B Pin=C9-2
Added Pin To Net: NetName=LLC_B_-5V Pin=C10-1
Added Pin To Net: NetName=+15V_LLC_B Pin=C10-2
Added Pin To Net: NetName=LLC_B_-5V Pin=C11-1
Added Pin To Net: NetName=+15V_LLC_B Pin=C11-2
Added Pin To Net: NetName=+15V_LLC_B Pin=C12-2
Added Pin To Net: NetName=+15V_LLC_B Pin=C13-2
Added Pin To Net: NetName=LLC_A_-5V Pin=C17-1
Added Pin To Net: NetName=+15V_LLC_A Pin=C17-2
Added Pin To Net: NetName=LLC_A_-5V Pin=C18-1
Added Pin To Net: NetName=+15V_LLC_A Pin=C18-2
Added Pin To Net: NetName=LLC_A_-5V Pin=C19-1
Added Pin To Net: NetName=+15V_LLC_A Pin=C19-2
Added Pin To Net: NetName=+15V_LLC_A Pin=C20-2
Added Pin To Net: NetName=+15V_LLC_A Pin=C21-2
Added Pin To Net: NetName=LLC_B_-5V Pin=C49-2
Added Pin To Net: NetName=LLC_A_-5V Pin=C56-2
Added Pin To Net: NetName=LLC_B_-5V Pin=C58-2
Added Pin To Net: NetName=LLC_A_-5V Pin=C60-2
Added Pin To Net: NetName=G_LLC_A Pin=C199-2
Added Pin To Net: NetName=G_LLC_A Pin=C200-2
Added Pin To Net: NetName=G_LLC_A Pin=C201-2
Added Pin To Net: NetName=G_LLC_A Pin=C202-2
Added Pin To Net: NetName=G_LLC_A Pin=C204-2
Added Pin To Net: NetName=G_LLC_A Pin=C205-2
Added Pin To Net: NetName=G_LLC_A Pin=C206-2
Added Pin To Net: NetName=G_LLC_B Pin=C209-2
Added Pin To Net: NetName=G_LLC_B Pin=C210-2
Added Pin To Net: NetName=G_LLC_B Pin=C211-2
Added Pin To Net: NetName=G_LLC_B Pin=C212-2
Added Pin To Net: NetName=G_LLC_B Pin=C213-2
Added Pin To Net: NetName=G_LLC_B Pin=C214-2
Added Pin To Net: NetName=G_LLC_B Pin=C215-2
Added Pin To Net: NetName=G_LLC_A Pin=DZ6-1
Added Pin To Net: NetName=G_LLC_B Pin=DZ7-1
Added Pin To Net: NetName=LLC_B_-5V Pin=Q5-3
Added Pin To Net: NetName=LLC_A_-5V Pin=Q8-3
Added Pin To Net: NetName=+15V_LLC_B Pin=R21-1
Added Pin To Net: NetName=+15V_LLC_B Pin=R22-1
Added Pin To Net: NetName=+15V_LLC_A Pin=R27-1
Added Pin To Net: NetName=+15V_LLC_A Pin=R28-1
Added Pin To Net: NetName=G_LLC_A Pin=R213-1
Added Pin To Net: NetName=LLC_B_-5V Pin=U2-4
Added Pin To Net: NetName=+15V_LLC_B Pin=U2-6
Added Pin To Net: NetName=LLC_A_-5V Pin=U7-4
Added Pin To Net: NetName=+15V_LLC_A Pin=U7-6
Change Net Name : Old Net Name=G_LLC_A New Net Name=G_LLC_B
Change Net Name : Old Net Name=G_LLC_B New Net Name=G_LLC_A
Added Member To Class: ClassName=INV.Main.SCH Member=Component P1 POWER BAT
