Added Component: Designator=C143(CAP-35x60mm)
Add component (AddParameter): Name = "Chung_Loai"; Value = "C?m"; VariantName = "[No Variations]"
Add component (AddParameter): Name = "Don_Vi"; Value = "Con"; VariantName = "[No Variations]"
Add component (AddParameter): Name = "Kieu_Chan"; Value = ""; VariantName = "[No Variations]"
Add component (AddParameter): Name = "Ma_Hang"; Value = "MH004510"; VariantName = "[No Variations]"
Add component (AddParameter): Name = "So_Chan"; Value = "2"; VariantName = "[No Variations]"
Add component (AddParameter): Name = "Ten_Linh_Kien"; Value = "T? Hóa 220uF 10V 6x11MM"; VariantName = "[No Variations]"
Added Component: Designator=C144(CAP-35x60mm)
Add component (AddParameter): Name = "Chung_Loai"; Value = "C?m"; VariantName = "[No Variations]"
Add component (AddParameter): Name = "Don_Vi"; Value = "Con"; VariantName = "[No Variations]"
Add component (AddParameter): Name = "Kieu_Chan"; Value = ""; VariantName = "[No Variations]"
Add component (AddParameter): Name = "Ma_Hang"; Value = "MH004510"; VariantName = "[No Variations]"
Add component (AddParameter): Name = "So_Chan"; Value = "2"; VariantName = "[No Variations]"
Add component (AddParameter): Name = "Ten_Linh_Kien"; Value = "T? Hóa 220uF 10V 6x11MM"; VariantName = "[No Variations]"
Added Pin To Net: NetName=BUS + Pin=C143-1
Added Pin To Net: NetName=NEG Pin=C143-2
Added Pin To Net: NetName=BUS + Pin=C144-1
Added Pin To Net: NetName=NEG Pin=C144-2
Added Member To Class: ClassName=INV.Main.SCH Member=Component C143 500V/470uF
Added Member To Class: ClassName=INV.Main.SCH Member=Component C144 500V/470uF
