Change Component Designator: Old Designator=*19 New Designator=*2
Change Component Designator: Old Designator=*20 New Designator=*3
Change Component Designator: Old Designator=*21 New Designator=*4
Change Component Designator: Old Designator=*22 New Designator=*5
Change Component Designator: Old Designator=*23 New Designator=*6
Change Component Designator: Old Designator=*24 New Designator=*7
Change Component Designator: Old Designator=*25 New Designator=*8
Change Component Designator: Old Designator=*26 New Designator=*9
Change Component Designator: Old Designator=*27 New Designator=*10
Change Component Designator: Old Designator=*28 New Designator=*11
Change Component Designator: Old Designator=*29 New Designator=*12
Change Component Designator: Old Designator=*30 New Designator=*13
Change Component Designator: Old Designator=*? New Designator=*1
Change Component Designator: Old Designator=2 New Designator=1
Change Component Designator: Old Designator=3 New Designator=2
Change Component Designator: Old Designator=C94 New Designator=C1
Change Component Designator: Old Designator=C95 New Designator=C2
Change Component Designator: Old Designator=C96 New Designator=C3
Change Component Designator: Old Designator=C97 New Designator=C4
Change Component Designator: Old Designator=C98 New Designator=C5
Change Component Designator: Old Designator=C99 New Designator=C6
Change Component Designator: Old Designator=C100 New Designator=C7
Change Component Designator: Old Designator=C101 New Designator=C8
Change Component Designator: Old Designator=C102 New Designator=C9
Change Component Designator: Old Designator=C103 New Designator=C10
Change Component Designator: Old Designator=C104 New Designator=C11
Change Component Designator: Old Designator=C105 New Designator=C12
Change Component Designator: Old Designator=C106 New Designator=C13
Change Component Designator: Old Designator=C107 New Designator=C14
Change Component Designator: Old Designator=C108 New Designator=C15
Change Component Designator: Old Designator=C109 New Designator=C16
Change Component Designator: Old Designator=C110 New Designator=C17
Change Component Designator: Old Designator=C111 New Designator=C18
Change Component Designator: Old Designator=C112 New Designator=C19
Change Component Designator: Old Designator=C113 New Designator=C20
Change Component Designator: Old Designator=C114 New Designator=C21
Change Component Designator: Old Designator=C115 New Designator=C22
Change Component Designator: Old Designator=C116 New Designator=C23
Change Component Designator: Old Designator=C117 New Designator=C24
Change Component Designator: Old Designator=C118 New Designator=C25
Change Component Designator: Old Designator=C119 New Designator=C26
Change Component Designator: Old Designator=C120 New Designator=C27
Change Component Designator: Old Designator=C121 New Designator=C28
Change Component Designator: Old Designator=C122 New Designator=C29
Change Component Designator: Old Designator=C123 New Designator=C30
Change Component Designator: Old Designator=C124 New Designator=C31
Change Component Designator: Old Designator=C125 New Designator=C32
Change Component Designator: Old Designator=C126 New Designator=C33
Change Component Designator: Old Designator=C127 New Designator=C34
Change Component Designator: Old Designator=C128 New Designator=C35
Change Component Designator: Old Designator=C129 New Designator=C36
Change Component Designator: Old Designator=C130 New Designator=C37
Change Component Designator: Old Designator=C131 New Designator=C38
Change Component Designator: Old Designator=C132 New Designator=C39
Change Component Designator: Old Designator=C133 New Designator=C40
Change Component Designator: Old Designator=C134 New Designator=C41
Change Component Designator: Old Designator=C135 New Designator=C42
Change Component Designator: Old Designator=C136 New Designator=C43
Change Component Designator: Old Designator=C137 New Designator=C44
Change Component Designator: Old Designator=C138 New Designator=C45
Change Component Designator: Old Designator=C139 New Designator=C46
Change Component Designator: Old Designator=C140 New Designator=C47
Change Component Designator: Old Designator=C141 New Designator=C48
Change Component Designator: Old Designator=C142 New Designator=C49
Change Component Designator: Old Designator=C143 New Designator=C50
Change Component Designator: Old Designator=C144 New Designator=C51
Change Component Designator: Old Designator=C145 New Designator=C52
Change Component Designator: Old Designator=C146 New Designator=C53
Change Component Designator: Old Designator=C147 New Designator=C54
Change Component Designator: Old Designator=C148 New Designator=C55
Change Component Designator: Old Designator=C149 New Designator=C56
Change Component Designator: Old Designator=C150 New Designator=C57
Change Component Designator: Old Designator=C151 New Designator=C58
Change Component Designator: Old Designator=C152 New Designator=C59
Change Component Designator: Old Designator=C153 New Designator=C60
Change Component Designator: Old Designator=C154 New Designator=C61
Change Component Designator: Old Designator=C155 New Designator=C62
Change Component Designator: Old Designator=C156 New Designator=C63
Change Component Designator: Old Designator=C157 New Designator=C64
Change Component Designator: Old Designator=C158 New Designator=C65
Change Component Designator: Old Designator=C159 New Designator=C66
Change Component Designator: Old Designator=C160 New Designator=C67
Change Component Designator: Old Designator=C161 New Designator=C68
Change Component Designator: Old Designator=C162 New Designator=C69
Change Component Designator: Old Designator=C163 New Designator=C70
Change Component Designator: Old Designator=C164 New Designator=C71
Change Component Designator: Old Designator=C165 New Designator=C72
Change Component Designator: Old Designator=C166 New Designator=C73
Change Component Designator: Old Designator=C167 New Designator=C74
Change Component Designator: Old Designator=C168 New Designator=C75
Change Component Designator: Old Designator=C169 New Designator=C76
Change Component Designator: Old Designator=C170 New Designator=C77
Change Component Designator: Old Designator=C171 New Designator=C78
Change Component Designator: Old Designator=C172 New Designator=C79
Change Component Designator: Old Designator=C173 New Designator=C80
Change Component Designator: Old Designator=C174 New Designator=C81
Change Component Designator: Old Designator=C175 New Designator=C82
Change Component Designator: Old Designator=C176 New Designator=C83
Change Component Designator: Old Designator=C177 New Designator=C84
Change Component Designator: Old Designator=C178 New Designator=C85
Change Component Designator: Old Designator=C179 New Designator=C86
Change Component Designator: Old Designator=C180 New Designator=C87
Change Component Designator: Old Designator=C181 New Designator=C88
Change Component Designator: Old Designator=C182 New Designator=C89
Change Component Designator: Old Designator=C183 New Designator=C90
Change Component Designator: Old Designator=C184 New Designator=C91
Change Component Designator: Old Designator=C185 New Designator=C92
Change Component Designator: Old Designator=C186 New Designator=C93
Change Component Designator: Old Designator=C187 New Designator=C95
Change Component Designator: Old Designator=C188 New Designator=C94
Change Component Designator: Old Designator=C189 New Designator=C96
Change Component Designator: Old Designator=C190 New Designator=C97
Change Component Designator: Old Designator=C191 New Designator=C98
Change Component Designator: Old Designator=C192 New Designator=C99
Change Component Designator: Old Designator=C193 New Designator=C100
Change Component Designator: Old Designator=C194 New Designator=C101
Change Component Designator: Old Designator=C195 New Designator=C102
Change Component Designator: Old Designator=C196 New Designator=C103
Change Component Designator: Old Designator=C197 New Designator=C104
Change Component Designator: Old Designator=C198 New Designator=C105
Change Component Designator: Old Designator=C199 New Designator=C106
Change Component Designator: Old Designator=C200 New Designator=C107
Change Component Designator: Old Designator=C201 New Designator=C108
Change Component Designator: Old Designator=C202 New Designator=C109
Change Component Designator: Old Designator=C203 New Designator=C110
Change Component Designator: Old Designator=C204 New Designator=C111
Change Component Designator: Old Designator=C205 New Designator=C112
Change Component Designator: Old Designator=C206 New Designator=C113
Change Component Designator: Old Designator=C207 New Designator=C114
Change Component Designator: Old Designator=C208 New Designator=C115
Change Component Designator: Old Designator=C209 New Designator=C116
Change Component Designator: Old Designator=C210 New Designator=C117
Change Component Designator: Old Designator=C211 New Designator=C118
Change Component Designator: Old Designator=C212 New Designator=C119
Change Component Designator: Old Designator=C213 New Designator=C120
Change Component Designator: Old Designator=C214 New Designator=C121
Change Component Designator: Old Designator=C215 New Designator=C122
Change Component Designator: Old Designator=C216 New Designator=C123
Change Component Designator: Old Designator=C217 New Designator=C124
Change Component Designator: Old Designator=C218 New Designator=C125
Change Component Designator: Old Designator=C219 New Designator=C126
Change Component Designator: Old Designator=C220 New Designator=C127
Change Component Designator: Old Designator=C221 New Designator=C128
Change Component Designator: Old Designator=C222 New Designator=C129
Change Component Designator: Old Designator=C223 New Designator=C130
Change Component Designator: Old Designator=C224 New Designator=C131
Change Component Designator: Old Designator=C225 New Designator=C132
Change Component Designator: Old Designator=C226 New Designator=C133
Change Component Designator: Old Designator=C227 New Designator=C134
Change Component Designator: Old Designator=C228 New Designator=C135
Change Component Designator: Old Designator=C229 New Designator=C136
Change Component Designator: Old Designator=C230 New Designator=C137
Change Component Designator: Old Designator=C231 New Designator=C138
Change Component Designator: Old Designator=C232 New Designator=C139
Change Component Designator: Old Designator=C233 New Designator=C140
Change Component Designator: Old Designator=C234 New Designator=C141
Change Component Designator: Old Designator=C235 New Designator=C142
Change Component Designator: Old Designator=C236 New Designator=C143
Change Component Designator: Old Designator=C237 New Designator=C144
Change Component Designator: Old Designator=C238 New Designator=C145
Change Component Designator: Old Designator=C239 New Designator=C146
Change Component Designator: Old Designator=C240 New Designator=C147
Change Component Designator: Old Designator=C241 New Designator=C148
Change Component Designator: Old Designator=C242 New Designator=C149
Change Component Designator: Old Designator=C243 New Designator=C150
Change Component Designator: Old Designator=C244 New Designator=C151
Change Component Designator: Old Designator=C245 New Designator=C152
Change Component Designator: Old Designator=C246 New Designator=C153
Change Component Designator: Old Designator=C247 New Designator=C154
Change Component Designator: Old Designator=C248 New Designator=C155
Change Component Designator: Old Designator=C249 New Designator=C156
Change Component Designator: Old Designator=C250 New Designator=C157
Change Component Designator: Old Designator=C251 New Designator=C158
Change Component Designator: Old Designator=C252 New Designator=C159
Change Component Designator: Old Designator=C253 New Designator=C160
Change Component Designator: Old Designator=C254 New Designator=C161
Change Component Designator: Old Designator=C255 New Designator=C162
Change Component Designator: Old Designator=C256 New Designator=C163
Change Component Designator: Old Designator=C257 New Designator=C164
Change Component Designator: Old Designator=C258 New Designator=C165
Change Component Designator: Old Designator=C259 New Designator=C166
Change Component Designator: Old Designator=C260 New Designator=C167
Change Component Designator: Old Designator=C261 New Designator=C168
Change Component Designator: Old Designator=C262 New Designator=C169
Change Component Designator: Old Designator=C263 New Designator=C170
Change Component Designator: Old Designator=C264 New Designator=C171
Change Component Designator: Old Designator=C265 New Designator=C172
Change Component Designator: Old Designator=C266 New Designator=C173
Change Component Designator: Old Designator=C267 New Designator=C174
Change Component Designator: Old Designator=C268 New Designator=C175
Change Component Designator: Old Designator=C269 New Designator=C176
Change Component Designator: Old Designator=C270 New Designator=C177
Change Component Designator: Old Designator=C271 New Designator=C178
Change Component Designator: Old Designator=C272 New Designator=C179
Change Component Designator: Old Designator=C273 New Designator=C180
Change Component Designator: Old Designator=C274 New Designator=C181
Change Component Designator: Old Designator=C275 New Designator=C182
Change Component Designator: Old Designator=C276 New Designator=C183
Change Component Designator: Old Designator=C277 New Designator=C184
Change Component Designator: Old Designator=C278 New Designator=C185
Change Component Designator: Old Designator=C279 New Designator=C186
Change Component Designator: Old Designator=C280 New Designator=C187
Change Component Designator: Old Designator=C281 New Designator=C188
Change Component Designator: Old Designator=C282 New Designator=C189
Change Component Designator: Old Designator=C283 New Designator=C190
Change Component Designator: Old Designator=C284 New Designator=C191
Change Component Designator: Old Designator=C285 New Designator=C192
Change Component Designator: Old Designator=C286 New Designator=C193
Change Component Designator: Old Designator=C287 New Designator=C194
Change Component Designator: Old Designator=C288 New Designator=C195
Change Component Designator: Old Designator=C289 New Designator=C196
Change Component Designator: Old Designator=C290 New Designator=C197
Change Component Designator: Old Designator=C291 New Designator=C198
Change Component Designator: Old Designator=C292 New Designator=C199
Change Component Designator: Old Designator=C293 New Designator=C200
Change Component Designator: Old Designator=C294 New Designator=C201
Change Component Designator: Old Designator=C295 New Designator=C202
Change Component Designator: Old Designator=C296 New Designator=C203
Change Component Designator: Old Designator=C297 New Designator=C204
Change Component Designator: Old Designator=C298 New Designator=C205
Change Component Designator: Old Designator=C299 New Designator=C206
Change Component Designator: Old Designator=C300 New Designator=C207
Change Component Designator: Old Designator=C301 New Designator=C208
Change Component Designator: Old Designator=C302 New Designator=C209
Change Component Designator: Old Designator=C303 New Designator=C210
Change Component Designator: Old Designator=C304 New Designator=C211
Change Component Designator: Old Designator=C305 New Designator=C212
Change Component Designator: Old Designator=C306 New Designator=C213
Change Component Designator: Old Designator=C307 New Designator=C214
Change Component Designator: Old Designator=C308 New Designator=C215
Change Component Designator: Old Designator=D28 New Designator=D1
Change Component Designator: Old Designator=D29 New Designator=D2
Change Component Designator: Old Designator=D30 New Designator=D3
Change Component Designator: Old Designator=D31 New Designator=D4
Change Component Designator: Old Designator=D32 New Designator=D5
Change Component Designator: Old Designator=D33 New Designator=D6
Change Component Designator: Old Designator=D34 New Designator=D7
Change Component Designator: Old Designator=D35 New Designator=D8
Change Component Designator: Old Designator=D36 New Designator=D9
Change Component Designator: Old Designator=D37 New Designator=D10
Change Component Designator: Old Designator=D38 New Designator=D11
Change Component Designator: Old Designator=D39 New Designator=D12
Change Component Designator: Old Designator=D40 New Designator=D13
Change Component Designator: Old Designator=D41 New Designator=D14
Change Component Designator: Old Designator=D42 New Designator=D15
Change Component Designator: Old Designator=D43 New Designator=D16
Change Component Designator: Old Designator=D44 New Designator=D17
Change Component Designator: Old Designator=H3 New Designator=H1
Change Component Designator: Old Designator=H4 New Designator=H2
Change Component Designator: Old Designator=J6 New Designator=J1
Change Component Designator: Old Designator=J7 New Designator=J2
Change Component Designator: Old Designator=J8 New Designator=J3
Change Component Designator: Old Designator=J9 New Designator=J4
Change Component Designator: Old Designator=L12 New Designator=L1
Change Component Designator: Old Designator=L13 New Designator=L2
Change Component Designator: Old Designator=L13 New Designator=L2
Change Component Designator: Old Designator=L14 New Designator=L3
Change Component Designator: Old Designator=L15 New Designator=L4
Change Component Designator: Old Designator=L16 New Designator=L5
Change Component Designator: Old Designator=L16 New Designator=L5
Change Component Designator: Old Designator=P2 New Designator=P1
Change Component Designator: Old Designator=PV +2 New Designator=PV +1
Change Component Designator: Old Designator=PV +3 New Designator=PV +2
Change Component Designator: Old Designator=PV +4 New Designator=PV +3
Change Component Designator: Old Designator=Q6 New Designator=Q1
Change Component Designator: Old Designator=Q7 New Designator=Q2
Change Component Designator: Old Designator=Q8 New Designator=Q3
Change Component Designator: Old Designator=Q9 New Designator=Q4
Change Component Designator: Old Designator=Q10 New Designator=Q5
Change Component Designator: Old Designator=Q11 New Designator=Q6
Change Component Designator: Old Designator=Q12 New Designator=Q7
Change Component Designator: Old Designator=Q13 New Designator=Q8
Change Component Designator: Old Designator=Q14 New Designator=Q9
Change Component Designator: Old Designator=Q15 New Designator=Q10
Change Component Designator: Old Designator=Q16 New Designator=Q11
Change Component Designator: Old Designator=Q17 New Designator=Q12
Change Component Designator: Old Designator=Q18 New Designator=Q13
Change Component Designator: Old Designator=Q19 New Designator=Q14
Change Component Designator: Old Designator=Q20 New Designator=Q15
Change Component Designator: Old Designator=Q21 New Designator=Q16
Change Component Designator: Old Designator=R148 New Designator=R1
Change Component Designator: Old Designator=R149 New Designator=R2
Change Component Designator: Old Designator=R150 New Designator=R3
Change Component Designator: Old Designator=R151 New Designator=R4
Change Component Designator: Old Designator=R152 New Designator=R5
Change Component Designator: Old Designator=R153 New Designator=R6
Change Component Designator: Old Designator=R154 New Designator=R7
Change Component Designator: Old Designator=R155 New Designator=R8
Change Component Designator: Old Designator=R156 New Designator=R9
Change Component Designator: Old Designator=R157 New Designator=R10
Change Component Designator: Old Designator=R158 New Designator=R11
Change Component Designator: Old Designator=R159 New Designator=R12
Change Component Designator: Old Designator=R160 New Designator=R13
Change Component Designator: Old Designator=R161 New Designator=R14
Change Component Designator: Old Designator=R162 New Designator=R15
Change Component Designator: Old Designator=R163 New Designator=R16
Change Component Designator: Old Designator=R164 New Designator=R17
Change Component Designator: Old Designator=R165 New Designator=R18
Change Component Designator: Old Designator=R166 New Designator=R19
Change Component Designator: Old Designator=R167 New Designator=R20
Change Component Designator: Old Designator=R168 New Designator=R21
Change Component Designator: Old Designator=R169 New Designator=R22
Change Component Designator: Old Designator=R170 New Designator=R23
Change Component Designator: Old Designator=R171 New Designator=R24
Change Component Designator: Old Designator=R172 New Designator=R25
Change Component Designator: Old Designator=R173 New Designator=R26
Change Component Designator: Old Designator=R174 New Designator=R27
Change Component Designator: Old Designator=R175 New Designator=R28
Change Component Designator: Old Designator=R176 New Designator=R29
Change Component Designator: Old Designator=R177 New Designator=R30
Change Component Designator: Old Designator=R178 New Designator=R31
Change Component Designator: Old Designator=R179 New Designator=R32
Change Component Designator: Old Designator=R180 New Designator=R33
Change Component Designator: Old Designator=R181 New Designator=R34
Change Component Designator: Old Designator=R182 New Designator=R35
Change Component Designator: Old Designator=R183 New Designator=R36
Change Component Designator: Old Designator=R184 New Designator=R37
Change Component Designator: Old Designator=R185 New Designator=R38
Change Component Designator: Old Designator=R186 New Designator=R39
Change Component Designator: Old Designator=R187 New Designator=R40
Change Component Designator: Old Designator=R188 New Designator=R41
Change Component Designator: Old Designator=R189 New Designator=R42
Change Component Designator: Old Designator=R190 New Designator=R43
Change Component Designator: Old Designator=R191 New Designator=R44
Change Component Designator: Old Designator=R192 New Designator=R45
Change Component Designator: Old Designator=R193 New Designator=R46
Change Component Designator: Old Designator=R194 New Designator=R47
Change Component Designator: Old Designator=R195 New Designator=R48
Change Component Designator: Old Designator=R196 New Designator=R49
Change Component Designator: Old Designator=R197 New Designator=R50
Change Component Designator: Old Designator=R198 New Designator=R51
Change Component Designator: Old Designator=R199 New Designator=R52
Change Component Designator: Old Designator=R200 New Designator=R53
Change Component Designator: Old Designator=R201 New Designator=R54
Change Component Designator: Old Designator=R202 New Designator=R55
Change Component Designator: Old Designator=R203 New Designator=R56
Change Component Designator: Old Designator=R204 New Designator=R57
Change Component Designator: Old Designator=R205 New Designator=R58
Change Component Designator: Old Designator=R206 New Designator=R59
Change Component Designator: Old Designator=R207 New Designator=R60
Change Component Designator: Old Designator=R208 New Designator=R61
Change Component Designator: Old Designator=R209 New Designator=R62
Change Component Designator: Old Designator=R210 New Designator=R63
Change Component Designator: Old Designator=R211 New Designator=R64
Change Component Designator: Old Designator=R212 New Designator=R65
Change Component Designator: Old Designator=R213 New Designator=R66
Change Component Designator: Old Designator=R214 New Designator=R67
Change Component Designator: Old Designator=R215 New Designator=R68
Change Component Designator: Old Designator=R216 New Designator=R69
Change Component Designator: Old Designator=R217 New Designator=R70
Change Component Designator: Old Designator=R218 New Designator=R71
Change Component Designator: Old Designator=R219 New Designator=R72
Change Component Designator: Old Designator=R220 New Designator=R73
Change Component Designator: Old Designator=R221 New Designator=R74
Change Component Designator: Old Designator=R222 New Designator=R76
Change Component Designator: Old Designator=R223 New Designator=R77
Change Component Designator: Old Designator=R224 New Designator=R75
Change Component Designator: Old Designator=R225 New Designator=R78
Change Component Designator: Old Designator=R226 New Designator=R79
Change Component Designator: Old Designator=R227 New Designator=R80
Change Component Designator: Old Designator=R228 New Designator=R81
Change Component Designator: Old Designator=R229 New Designator=R82
Change Component Designator: Old Designator=R230 New Designator=R83
Change Component Designator: Old Designator=R231 New Designator=R84
Change Component Designator: Old Designator=R232 New Designator=R85
Change Component Designator: Old Designator=R233 New Designator=R86
Change Component Designator: Old Designator=R234 New Designator=R87
Change Component Designator: Old Designator=R235 New Designator=R88
Change Component Designator: Old Designator=R236 New Designator=R89
Change Component Designator: Old Designator=R237 New Designator=R90
Change Component Designator: Old Designator=R238 New Designator=R91
Change Component Designator: Old Designator=R239 New Designator=R92
Change Component Designator: Old Designator=R240 New Designator=R93
Change Component Designator: Old Designator=R241 New Designator=R94
Change Component Designator: Old Designator=R242 New Designator=R95
Change Component Designator: Old Designator=R243 New Designator=R96
Change Component Designator: Old Designator=R244 New Designator=R97
Change Component Designator: Old Designator=R245 New Designator=R98
Change Component Designator: Old Designator=R246 New Designator=R99
Change Component Designator: Old Designator=R247 New Designator=R100
Change Component Designator: Old Designator=R248 New Designator=R101
Change Component Designator: Old Designator=R249 New Designator=R102
Change Component Designator: Old Designator=R250 New Designator=R103
Change Component Designator: Old Designator=R251 New Designator=R104
Change Component Designator: Old Designator=R252 New Designator=R105
Change Component Designator: Old Designator=R253 New Designator=R106
Change Component Designator: Old Designator=R254 New Designator=R107
Change Component Designator: Old Designator=R255 New Designator=R108
Change Component Designator: Old Designator=R256 New Designator=R109
Change Component Designator: Old Designator=R257 New Designator=R110
Change Component Designator: Old Designator=R258 New Designator=R111
Change Component Designator: Old Designator=R259 New Designator=R112
Change Component Designator: Old Designator=R260 New Designator=R113
Change Component Designator: Old Designator=R261 New Designator=R114
Change Component Designator: Old Designator=R262 New Designator=R115
Change Component Designator: Old Designator=R263 New Designator=R116
Change Component Designator: Old Designator=R264 New Designator=R117
Change Component Designator: Old Designator=R265 New Designator=R118
Change Component Designator: Old Designator=R266 New Designator=R119
Change Component Designator: Old Designator=R267 New Designator=R120
Change Component Designator: Old Designator=R268 New Designator=R121
Change Component Designator: Old Designator=R269 New Designator=R122
Change Component Designator: Old Designator=R270 New Designator=R123
Change Component Designator: Old Designator=R271 New Designator=R124
Change Component Designator: Old Designator=R272 New Designator=R125
Change Component Designator: Old Designator=R273 New Designator=R126
Change Component Designator: Old Designator=R274 New Designator=R127
Change Component Designator: Old Designator=R275 New Designator=R128
Change Component Designator: Old Designator=R276 New Designator=R129
Change Component Designator: Old Designator=R277 New Designator=R130
Change Component Designator: Old Designator=R278 New Designator=R131
Change Component Designator: Old Designator=R279 New Designator=R132
Change Component Designator: Old Designator=R280 New Designator=R133
Change Component Designator: Old Designator=R281 New Designator=R134
Change Component Designator: Old Designator=R282 New Designator=R135
Change Component Designator: Old Designator=R283 New Designator=R136
Change Component Designator: Old Designator=R284 New Designator=R137
Change Component Designator: Old Designator=R285 New Designator=R138
Change Component Designator: Old Designator=R286 New Designator=R139
Change Component Designator: Old Designator=R287 New Designator=R140
Change Component Designator: Old Designator=R288 New Designator=R141
Change Component Designator: Old Designator=R289 New Designator=R142
Change Component Designator: Old Designator=R290 New Designator=R143
Change Component Designator: Old Designator=R291 New Designator=R144
Change Component Designator: Old Designator=R292 New Designator=R145
Change Component Designator: Old Designator=R293 New Designator=R146
Change Component Designator: Old Designator=R294 New Designator=R147
Change Component Designator: Old Designator=R295 New Designator=R148
Change Component Designator: Old Designator=R296 New Designator=R149
Change Component Designator: Old Designator=R297 New Designator=R150
Change Component Designator: Old Designator=R298 New Designator=R151
Change Component Designator: Old Designator=R299 New Designator=R152
Change Component Designator: Old Designator=R300 New Designator=R153
Change Component Designator: Old Designator=R301 New Designator=R154
Change Component Designator: Old Designator=R302 New Designator=R155
Change Component Designator: Old Designator=R303 New Designator=R156
Change Component Designator: Old Designator=R304 New Designator=R157
Change Component Designator: Old Designator=R305 New Designator=R158
Change Component Designator: Old Designator=R306 New Designator=R159
Change Component Designator: Old Designator=R307 New Designator=R160
Change Component Designator: Old Designator=R308 New Designator=R161
Change Component Designator: Old Designator=R309 New Designator=R162
Change Component Designator: Old Designator=R310 New Designator=R163
Change Component Designator: Old Designator=R311 New Designator=R164
Change Component Designator: Old Designator=R312 New Designator=R165
Change Component Designator: Old Designator=R313 New Designator=R166
Change Component Designator: Old Designator=R314 New Designator=R167
Change Component Designator: Old Designator=R315 New Designator=R168
Change Component Designator: Old Designator=R316 New Designator=R169
Change Component Designator: Old Designator=R317 New Designator=R170
Change Component Designator: Old Designator=R318 New Designator=R171
Change Component Designator: Old Designator=R319 New Designator=R172
Change Component Designator: Old Designator=R320 New Designator=R173
Change Component Designator: Old Designator=R321 New Designator=R174
Change Component Designator: Old Designator=R322 New Designator=R175
Change Component Designator: Old Designator=R323 New Designator=R176
Change Component Designator: Old Designator=R324 New Designator=R177
Change Component Designator: Old Designator=R325 New Designator=R178
Change Component Designator: Old Designator=R326 New Designator=R179
Change Component Designator: Old Designator=R327 New Designator=R180
Change Component Designator: Old Designator=R328 New Designator=R181
Change Component Designator: Old Designator=R329 New Designator=R182
Change Component Designator: Old Designator=R330 New Designator=R183
Change Component Designator: Old Designator=R331 New Designator=R184
Change Component Designator: Old Designator=R332 New Designator=R185
Change Component Designator: Old Designator=R333 New Designator=R186
Change Component Designator: Old Designator=R334 New Designator=R187
Change Component Designator: Old Designator=R335 New Designator=R188
Change Component Designator: Old Designator=R336 New Designator=R189
Change Component Designator: Old Designator=R337 New Designator=R190
Change Component Designator: Old Designator=R338 New Designator=R191
Change Component Designator: Old Designator=R339 New Designator=R192
Change Component Designator: Old Designator=R340 New Designator=R193
Change Component Designator: Old Designator=R341 New Designator=R194
Change Component Designator: Old Designator=R342 New Designator=R195
Change Component Designator: Old Designator=R343 New Designator=R196
Change Component Designator: Old Designator=R344 New Designator=R197
Change Component Designator: Old Designator=R345 New Designator=R198
Change Component Designator: Old Designator=R346 New Designator=R199
Change Component Designator: Old Designator=R347 New Designator=R200
Change Component Designator: Old Designator=R348 New Designator=R201
Change Component Designator: Old Designator=R349 New Designator=R202
Change Component Designator: Old Designator=R350 New Designator=R203
Change Component Designator: Old Designator=R351 New Designator=R204
Change Component Designator: Old Designator=R352 New Designator=R205
Change Component Designator: Old Designator=R353 New Designator=R206
Change Component Designator: Old Designator=R354 New Designator=R207
Change Component Designator: Old Designator=R355 New Designator=R208
Change Component Designator: Old Designator=R356 New Designator=R209
Change Component Designator: Old Designator=R357 New Designator=R210
Change Component Designator: Old Designator=R358 New Designator=R211
Change Component Designator: Old Designator=R359 New Designator=R212
Change Component Designator: Old Designator=R360 New Designator=R213
Change Component Designator: Old Designator=R361 New Designator=R214
Change Component Designator: Old Designator=T3 New Designator=T1
Change Component Designator: Old Designator=T4 New Designator=T2
Change Component Designator: Old Designator=T5 New Designator=T3
Change Component Designator: Old Designator=U11 New Designator=U1
Change Component Designator: Old Designator=U12 New Designator=U2
Change Component Designator: Old Designator=U13 New Designator=U3
Change Component Designator: Old Designator=U14 New Designator=U4
Change Component Designator: Old Designator=U15 New Designator=U5
Change Component Designator: Old Designator=U16 New Designator=U6
Change Component Designator: Old Designator=U17 New Designator=U7
Change Component Designator: Old Designator=U18 New Designator=U8
Change Component Designator: Old Designator=U19 New Designator=U9
Change Component Designator: Old Designator=U20 New Designator=U10
Change Component Designator: Old Designator=U21 New Designator=U11
Change Component Designator: Old Designator=U22 New Designator=U12
Change Component Designator: Old Designator=U23 New Designator=U13
Change Component Designator: Old Designator=U24 New Designator=U14
Change Component Designator: Old Designator=U25 New Designator=U15
Change Component Designator: Old Designator=U26 New Designator=U16
Change Component Designator: Old Designator=U27 New Designator=U17
Change Component Designator: Old Designator=U28 New Designator=U18
Change Component Designator: Old Designator=U29 New Designator=U19
Change Component Designator: Old Designator=U30 New Designator=U20
Change Component Designator: Old Designator=U31 New Designator=U21
Change Component Designator: Old Designator=U32 New Designator=U22
Change Component Designator: Old Designator=V3 New Designator=V1
Change Component Designator: Old Designator=V4 New Designator=V2
Change Component Designator: Old Designator=V5 New Designator=V3
Change Component Designator: Old Designator=V6 New Designator=V4
Change Component Designator: Old Designator=V7 New Designator=V5
Change Component Designator: Old Designator=V8 New Designator=V6
Change Component Designator: Old Designator=V9 New Designator=V7
Change Component Designator: Old Designator=V10 New Designator=V8
Change Component Designator: Old Designator=V11 New Designator=V9
Change Component Designator: Old Designator=V12 New Designator=V10
