Removed Pin From Net: NetName=NetC48_2 Pin=U7-5
Change Component Designator: OldDesignator=214 NewDesignator=1
Change Component Designator: OldDesignator=BAT+ NewDesignator=BAT+1
Change Component Designator: OldDesignator=BAT- NewDesignator=BAT-1
Change Component Designator: OldDesignator=C47 NewDesignator=C53
Change Component Designator: OldDesignator=C48 NewDesignator=C47
Change Component Designator: OldDesignator=C49 NewDesignator=C48
Change Component Designator: OldDesignator=C50 NewDesignator=C49
Change Component Designator: OldDesignator=C51 NewDesignator=C50
Change Component Designator: OldDesignator=C52 NewDesignator=C51
Change Component Designator: OldDesignator=C53 NewDesignator=C52
Change Component Designator: OldDesignator=C55 NewDesignator=C58
Change Component Designator: OldDesignator=C56 NewDesignator=C55
Change Component Designator: OldDesignator=C57 NewDesignator=C56
Change Component Designator: OldDesignator=C58 NewDesignator=C57
Change Component Designator: OldDesignator=C107 NewDesignator=C109
Change Component Designator: OldDesignator=C108 NewDesignator=C110
Change Component Designator: OldDesignator=C109 NewDesignator=C107
Change Component Designator: OldDesignator=C110 NewDesignator=C108
Change Component Designator: OldDesignator=C159 NewDesignator=C163
Change Component Designator: OldDesignator=C160 NewDesignator=C159
Change Component Designator: OldDesignator=C161 NewDesignator=C160
Change Component Designator: OldDesignator=C162 NewDesignator=C161
Change Component Designator: OldDesignator=C163 NewDesignator=C162
Change Component Designator: OldDesignator=R53 NewDesignator=R54
Change Component Designator: OldDesignator=R54 NewDesignator=R55
Change Component Designator: OldDesignator=R55 NewDesignator=R56
Change Component Designator: OldDesignator=R56 NewDesignator=R57
Change Component Designator: OldDesignator=R57 NewDesignator=R58
Change Component Designator: OldDesignator=R58 NewDesignator=R59
Change Component Designator: OldDesignator=R59 NewDesignator=R60
Change Component Designator: OldDesignator=R60 NewDesignator=R61
Change Component Designator: OldDesignator=R61 NewDesignator=R62
Change Component Designator: OldDesignator=R62 NewDesignator=R70
Change Component Designator: OldDesignator=R70 NewDesignator=R71
Change Component Designator: OldDesignator=R71 NewDesignator=R72
Change Component Designator: OldDesignator=R72 NewDesignator=R73
Change Component Designator: OldDesignator=R73 NewDesignator=R74
Change Component Designator: OldDesignator=R74 NewDesignator=R75
Change Component Designator: OldDesignator=R75 NewDesignator=R77
Change Component Designator: OldDesignator=R76 NewDesignator=R84
Change Component Designator: OldDesignator=R77 NewDesignator=R76
Change Component Designator: OldDesignator=R81 NewDesignator=R82
Change Component Designator: OldDesignator=R82 NewDesignator=R81
Change Component Designator: OldDesignator=R84 NewDesignator=R85
Change Component Designator: OldDesignator=R85 NewDesignator=R86
Change Component Designator: OldDesignator=R86 NewDesignator=R87
Change Component Designator: OldDesignator=R87 NewDesignator=R88
Change Component Designator: OldDesignator=R88 NewDesignator=R89
Change Component Designator: OldDesignator=R89 NewDesignator=R90
Change Component Designator: OldDesignator=R90 NewDesignator=R91
Change Component Designator: OldDesignator=R91 NewDesignator=R92
Change Component Designator: OldDesignator=R92 NewDesignator=R93
Change Component Designator: OldDesignator=R93 NewDesignator=R94
Change Component Designator: OldDesignator=R94 NewDesignator=R95
Change Component Designator: OldDesignator=R95 NewDesignator=R96
Change Component Designator: OldDesignator=R96 NewDesignator=R97
Change Component Designator: OldDesignator=R97 NewDesignator=R98
Change Component Designator: OldDesignator=R98 NewDesignator=R99
Change Component Designator: OldDesignator=R99 NewDesignator=R100
Change Component Designator: OldDesignator=R100 NewDesignator=R101
Change Component Designator: OldDesignator=R101 NewDesignator=R102
Change Component Designator: OldDesignator=R102 NewDesignator=R103
Change Component Designator: OldDesignator=R103 NewDesignator=R104
Change Component Designator: OldDesignator=R104 NewDesignator=R105
Change Component Designator: OldDesignator=R105 NewDesignator=R106
Change Component Designator: OldDesignator=R106 NewDesignator=R107
Change Component Designator: OldDesignator=R107 NewDesignator=R108
Change Component Designator: OldDesignator=R108 NewDesignator=R109
Change Component Designator: OldDesignator=R109 NewDesignator=R110
Change Component Designator: OldDesignator=R110 NewDesignator=R111
Change Component Designator: OldDesignator=R111 NewDesignator=R112
Change Component Designator: OldDesignator=R112 NewDesignator=R113
Change Component Designator: OldDesignator=R113 NewDesignator=R114
Change Component Designator: OldDesignator=R114 NewDesignator=R115
Change Component Designator: OldDesignator=R115 NewDesignator=R116
Change Component Designator: OldDesignator=R116 NewDesignator=R117
Change Component Designator: OldDesignator=R117 NewDesignator=R118
Change Component Designator: OldDesignator=R118 NewDesignator=R119
Change Component Designator: OldDesignator=R119 NewDesignator=R120
Change Component Designator: OldDesignator=R120 NewDesignator=R121
Change Component Designator: OldDesignator=R121 NewDesignator=R122
Change Component Designator: OldDesignator=R122 NewDesignator=R123
Change Component Designator: OldDesignator=R123 NewDesignator=R124
Change Component Designator: OldDesignator=R124 NewDesignator=R125
Change Component Designator: OldDesignator=R125 NewDesignator=R126
Change Component Designator: OldDesignator=R126 NewDesignator=R127
Change Component Designator: OldDesignator=R127 NewDesignator=R128
Change Component Designator: OldDesignator=R128 NewDesignator=R129
Change Component Designator: OldDesignator=R129 NewDesignator=R130
Change Component Designator: OldDesignator=R130 NewDesignator=R131
Change Component Designator: OldDesignator=R131 NewDesignator=R132
Change Component Designator: OldDesignator=R132 NewDesignator=R133
Change Component Designator: OldDesignator=R133 NewDesignator=R134
Change Component Designator: OldDesignator=R134 NewDesignator=R135
Change Component Designator: OldDesignator=R135 NewDesignator=R136
Change Component Designator: OldDesignator=R136 NewDesignator=R137
Change Component Designator: OldDesignator=R137 NewDesignator=R138
Change Component Designator: OldDesignator=R138 NewDesignator=R139
Change Component Designator: OldDesignator=R139 NewDesignator=R140
Change Component Designator: OldDesignator=R140 NewDesignator=R141
Change Component Designator: OldDesignator=R141 NewDesignator=R142
Change Component Designator: OldDesignator=R142 NewDesignator=R143
Change Component Designator: OldDesignator=R143 NewDesignator=R144
Change Component Designator: OldDesignator=R144 NewDesignator=R145
Change Component Designator: OldDesignator=R145 NewDesignator=R146
Change Component Designator: OldDesignator=R146 NewDesignator=R147
Change Component Designator: OldDesignator=R147 NewDesignator=R148
Change Component Designator: OldDesignator=R148 NewDesignator=R149
Change Component Designator: OldDesignator=R149 NewDesignator=R150
Change Component Designator: OldDesignator=R150 NewDesignator=R151
Change Component Designator: OldDesignator=R151 NewDesignator=R152
Change Component Designator: OldDesignator=R152 NewDesignator=R153
Change Component Designator: OldDesignator=R153 NewDesignator=R154
Change Component Designator: OldDesignator=R154 NewDesignator=R155
Change Component Designator: OldDesignator=R155 NewDesignator=R160
Change Component Designator: OldDesignator=R157 NewDesignator=R162
Change Component Designator: OldDesignator=R158 NewDesignator=R157
Change Component Designator: OldDesignator=R159 NewDesignator=R158
Change Component Designator: OldDesignator=R160 NewDesignator=R159
Change Component Designator: OldDesignator=R162 NewDesignator=R163
Change Component Designator: OldDesignator=R163 NewDesignator=R164
Change Component Designator: OldDesignator=R164 NewDesignator=R165
Change Component Designator: OldDesignator=R165 NewDesignator=R166
Change Component Designator: OldDesignator=R166 NewDesignator=R167
Change Component Designator: OldDesignator=R168 NewDesignator=R169
Change Component Designator: OldDesignator=R169 NewDesignator=R170
Change Component Designator: OldDesignator=R170 NewDesignator=R171
Change Component Designator: OldDesignator=R171 NewDesignator=R172
Change Component Designator: OldDesignator=R172 NewDesignator=R173
Change Component Designator: OldDesignator=R173 NewDesignator=R174
Change Component Designator: OldDesignator=R174 NewDesignator=R175
Change Component Designator: OldDesignator=R175 NewDesignator=R176
Change Component Designator: OldDesignator=R176 NewDesignator=R177
Change Component Designator: OldDesignator=R177 NewDesignator=R178
Change Component Designator: OldDesignator=R178 NewDesignator=R179
Change Component Designator: OldDesignator=R179 NewDesignator=R180
Change Component Designator: OldDesignator=R180 NewDesignator=R181
Change Component Designator: OldDesignator=R181 NewDesignator=R182
Change Component Designator: OldDesignator=R182 NewDesignator=R183
Change Component Designator: OldDesignator=R183 NewDesignator=R184
Change Component Designator: OldDesignator=R184 NewDesignator=R185
Change Component Designator: OldDesignator=R185 NewDesignator=R186
Change Component Designator: OldDesignator=R186 NewDesignator=R187
Change Component Designator: OldDesignator=R187 NewDesignator=R188
Change Component Designator: OldDesignator=R188 NewDesignator=R189
Change Component Designator: OldDesignator=R189 NewDesignator=R190
Change Component Designator: OldDesignator=R190 NewDesignator=R191
Change Component Designator: OldDesignator=R191 NewDesignator=R192
Change Component Designator: OldDesignator=R192 NewDesignator=R193
Change Component Designator: OldDesignator=R193 NewDesignator=R194
Change Component Designator: OldDesignator=R194 NewDesignator=R195
Change Component Designator: OldDesignator=R195 NewDesignator=R196
Change Component Designator: OldDesignator=R196 NewDesignator=R197
Change Component Designator: OldDesignator=R197 NewDesignator=R198
Change Component Designator: OldDesignator=R198 NewDesignator=R199
Change Component Designator: OldDesignator=R199 NewDesignator=R200
Change Component Designator: OldDesignator=R200 NewDesignator=R201
Change Component Designator: OldDesignator=R201 NewDesignator=R202
Change Component Designator: OldDesignator=R202 NewDesignator=R203
Change Component Designator: OldDesignator=R203 NewDesignator=R204
Change Component Designator: OldDesignator=R204 NewDesignator=R205
Change Component Designator: OldDesignator=R205 NewDesignator=R206
Change Component Designator: OldDesignator=R206 NewDesignator=R207
Change Component Designator: OldDesignator=R207 NewDesignator=R208
Change Component Designator: OldDesignator=R208 NewDesignator=R209
Change Component Designator: OldDesignator=R209 NewDesignator=R210
Change Component Designator: OldDesignator=R210 NewDesignator=R211
Change Component Designator: OldDesignator=R211 NewDesignator=R212
Change Component Designator: OldDesignator=R212 NewDesignator=R213
Change Component Designator: OldDesignator=R213 NewDesignator=R214
Change Component Designator: OldDesignator=R214 NewDesignator=R168
Added Component: Designator=R53(RES-SMD-1206 EX)
Add component (AddParameter): Name = "Class"; Value = "Passive"; VariantName = "[No Variations]"
Add component (AddParameter): Name = "Manufacturer"; Value = "Generic Components"; VariantName = "[No Variations]"
Add component (AddParameter): Name = "Published"; Value = "08/06/2000"; VariantName = "[No Variations]"
Add component (AddParameter): Name = "Publisher"; Value = "Altium Hobart Technology Centre"; VariantName = "[No Variations]"
Added Pin To Net: NetName=NetC48_2 Pin=R53-2
Change Net Name : Old Net Name=NetBAT+_1 New Net Name=NetBAT+1_1
Change Net Name : Old Net Name=NetBAT-_1 New Net Name=NetBAT-1_1
Change Net Name : Old Net Name=NetC47_1 New Net Name=NetC53_1
Change Net Name : Old Net Name=NetC48_2 New Net Name=NetC47_2
Change Net Name : Old Net Name=NetC55_1 New Net Name=NetC58_1
Change Net Name : Old Net Name=NetC58_1 New Net Name=NetC57_1
Change Net Name : Old Net Name=NetC107_1 New Net Name=NetC109_1
Change Net Name : Old Net Name=NetC108_1 New Net Name=NetC110_1
Change Net Name : Old Net Name=NetR53_1 New Net Name=NetR54_1
Change Net Name : Old Net Name=NetR56_1 New Net Name=NetR57_1
Change Net Name : Old Net Name=NetR82_1 New Net Name=NetR81_1
Change Net Name : Old Net Name=NetR85_2 New Net Name=NetR86_2
Change Net Name : Old Net Name=NetR88_2 New Net Name=NetR89_2
Change Net Name : Old Net Name=NetR90_1 New Net Name=NetR91_1
Change Net Name : Old Net Name=NetR91_1 New Net Name=NetR92_1
Change Net Name : Old Net Name=NetR94_2 New Net Name=NetR95_2
Change Net Name : Old Net Name=NetR95_2 New Net Name=NetR96_2
Change Net Name : Old Net Name=NetR96_2 New Net Name=NetR97_2
Change Net Name : Old Net Name=NetR103_2 New Net Name=NetR104_2
Change Net Name : Old Net Name=NetR104_2 New Net Name=NetR105_2
Change Net Name : Old Net Name=NetR107_2 New Net Name=NetR108_2
Change Net Name : Old Net Name=NetR108_2 New Net Name=NetR109_2
Change Net Name : Old Net Name=NetR109_2 New Net Name=NetR110_2
Change Net Name : Old Net Name=NetR112_2 New Net Name=NetR113_2
Change Net Name : Old Net Name=NetR114_2 New Net Name=NetR115_2
Change Net Name : Old Net Name=NetR123_1 New Net Name=NetR124_1
Change Net Name : Old Net Name=NetR124_1 New Net Name=NetR125_1
Change Net Name : Old Net Name=NetR127_1 New Net Name=NetR128_1
Change Net Name : Old Net Name=NetR127_2 New Net Name=NetR128_2
Change Net Name : Old Net Name=NetR128_2 New Net Name=NetR129_2
Change Net Name : Old Net Name=NetR131_1 New Net Name=NetR132_1
Change Net Name : Old Net Name=NetR131_2 New Net Name=NetR132_2
Change Net Name : Old Net Name=NetR132_1 New Net Name=NetR133_1
Change Net Name : Old Net Name=NetR132_2 New Net Name=NetR133_2
Change Net Name : Old Net Name=NetR135_1 New Net Name=NetR136_1
Change Net Name : Old Net Name=NetR140_1 New Net Name=NetR141_1
Change Net Name : Old Net Name=NetR141_1 New Net Name=NetR142_1
Change Net Name : Old Net Name=NetR146_1 New Net Name=NetR147_1
Change Net Name : Old Net Name=NetR147_1 New Net Name=NetR148_1
Change Net Name : Old Net Name=NetR163_2 New Net Name=NetR164_2
Change Net Name : Old Net Name=NetR164_2 New Net Name=NetR165_2
Change Net Name : Old Net Name=NetR165_2 New Net Name=NetR166_2
Change Net Name : Old Net Name=NetR169_2 New Net Name=NetR170_2
Change Net Name : Old Net Name=NetR171_2 New Net Name=NetR172_2
Change Net Name : Old Net Name=NetR172_2 New Net Name=NetR173_2
Change Net Name : Old Net Name=NetR174_2 New Net Name=NetR175_2
Change Net Name : Old Net Name=NetR175_1 New Net Name=NetR176_1
Change Net Name : Old Net Name=NetR179_2 New Net Name=NetR180_2
Change Net Name : Old Net Name=NetR180_1 New Net Name=NetR181_1
Change Net Name : Old Net Name=NetR181_1 New Net Name=NetR182_1
Change Net Name : Old Net Name=NetR183_2 New Net Name=NetR184_2
Change Net Name : Old Net Name=NetR184_1 New Net Name=NetR185_1
Change Net Name : Old Net Name=NetR184_2 New Net Name=NetR185_2
Change Net Name : Old Net Name=NetR185_2 New Net Name=NetR186_2
Change Net Name : Old Net Name=NetR190_1 New Net Name=NetR191_1
Change Net Name : Old Net Name=NetR191_1 New Net Name=NetR192_1
Change Net Name : Old Net Name=NetR192_1 New Net Name=NetR193_1
Change Net Name : Old Net Name=NetR193_1 New Net Name=NetR194_1
Change Net Name : Old Net Name=NetR194_1 New Net Name=NetR195_1
Change Net Name : Old Net Name=NetR198_2 New Net Name=NetR199_2
Change Net Name : Old Net Name=NetR202_1 New Net Name=NetR203_1
Change Net Name : Old Net Name=NetR206_1 New Net Name=NetR207_1
Change Net Name : Old Net Name=NetR207_1 New Net Name=NetR208_1
Change Net Name : Old Net Name=NetR208_1 New Net Name=NetR209_1
Change Net Name : Old Net Name=NetR209_1 New Net Name=NetR210_1
Change Net Name : Old Net Name=NetR210_1 New Net Name=NetR211_1
Added Pin To Net: NetName=NetR53_1 Pin=R53-1
Added Pin To Net: NetName=NetR53_1 Pin=U7-5
Added Net: Name=NetR53_1
Added Member To Class: ClassName=INV.Main.SCH Member=Component R167 510K
