Removed Pin From Net: NetName=G_DR1 Pin=*3-1
Removed Pin From Net: NetName=G_DR1 Pin=C32-1
Removed Pin From Net: NetName=G_DR1 Pin=C44-1
Removed Pin From Net: NetName=G_DR1 Pin=C51-1
Removed Pin From Net: NetName=G_DR1 Pin=C54-2
Removed Pin From Net: NetName=G_DR1 Pin=C57-2
Removed Pin From Net: NetName=G_DR1 Pin=C62-2
Removed Pin From Net: NetName=G_DR1 Pin=C118-2
Removed Pin From Net: NetName=G_DR1 Pin=C119-2
Removed Pin From Net: NetName=G_DR1 Pin=C120-2
Removed Pin From Net: NetName=G_DR1 Pin=C121-2
Removed Pin From Net: NetName=G_DR1 Pin=C122-2
Removed Pin From Net: NetName=G_DR1 Pin=C123-2
Removed Pin From Net: NetName=G_DR1 Pin=C124-2
Removed Pin From Net: NetName=G_DR1 Pin=L2-1
Removed Pin From Net: NetName=G_DR1 Pin=R26-2
Removed Pin From Net: NetName=G_DR1 Pin=R58-2
Removed Pin From Net: NetName=G_DR1 Pin=R88-1
Removed Pin From Net: NetName=G_DR1 Pin=R167-1
Removed Pin From Net: NetName=NetR42_1 Pin=V2-1
Removed Pin From Net: NetName=G_DR1 Pin=V2-3
Removed Pin From Net: NetName=NetR44_1 Pin=V3-1
Removed Pin From Net: NetName=NetR88_2 Pin=V5-1
Removed Pin From Net: NetName=G_DR1 Pin=V5-3
Removed Pin From Net: NetName=NetR127_2 Pin=V6-1
Removed Pin From Net: NetName=G_DR1 Pin=V6-3
Removed Pin From Net: NetName=NetR131_1 Pin=V7-1
Removed Pin From Net: NetName=G_DR1 Pin=V7-2
Removed Pin From Net: NetName=NetR132_1 Pin=V8-1
Added Pin To Net: NetName=NetR44_1 Pin=V2-1
Added Pin To Net: NetName=NetR42_1 Pin=V3-1
Added Pin To Net: NetName=NetR127_2 Pin=V5-1
Added Pin To Net: NetName=G_DR1 Pin=V5-2
Added Pin To Net: NetName=NetR88_2 Pin=V6-1
Added Pin To Net: NetName=NetR132_1 Pin=V7-1
Added Pin To Net: NetName=NetR131_1 Pin=V8-1
Added Pin To Net: NetName=G_DR2 Pin=*3-1
Added Pin To Net: NetName=G_DR2 Pin=C32-1
Added Pin To Net: NetName=G_DR2 Pin=C44-1
Added Pin To Net: NetName=G_DR2 Pin=C51-1
Added Pin To Net: NetName=G_DR2 Pin=C54-2
Added Pin To Net: NetName=G_DR2 Pin=C57-2
Added Pin To Net: NetName=G_DR2 Pin=C62-2
Added Pin To Net: NetName=G_DR2 Pin=C118-2
Added Pin To Net: NetName=G_DR2 Pin=C119-2
Added Pin To Net: NetName=G_DR2 Pin=C120-2
Added Pin To Net: NetName=G_DR2 Pin=C121-2
Added Pin To Net: NetName=G_DR2 Pin=C122-2
Added Pin To Net: NetName=G_DR2 Pin=C123-2
Added Pin To Net: NetName=G_DR2 Pin=C124-2
Added Pin To Net: NetName=G_DR2 Pin=L2-1
Added Pin To Net: NetName=G_DR2 Pin=R26-2
Added Pin To Net: NetName=G_DR2 Pin=R58-2
Added Pin To Net: NetName=G_DR2 Pin=R88-1
Added Pin To Net: NetName=G_DR2 Pin=R167-1
Added Pin To Net: NetName=G_DR2 Pin=V2-3
Added Pin To Net: NetName=G_DR2 Pin=V6-2
Added Pin To Net: NetName=G_DR2 Pin=V7-2
Added Net: Name=G_DR2
Added Pin To Net: NetName=NetV5_3 Pin=V5-3
Added Pin To Net: NetName=NetV5_3 Pin=V6-3
Added Net: Name=NetV5_3
