Change Component Designator: Old Designator=C7 New Designator=C74
Change Component Designator: Old Designator=C8 New Designator=C65
Change Component Designator: Old Designator=C14 New Designator=C52
Change Component Designator: Old Designator=C15 New Designator=C31
Change Component Designator: Old Designator=C16 New Designator=C51
Change Component Designator: Old Designator=C17 New Designator=C15
Change Component Designator: Old Designator=C21 New Designator=C43
Change Component Designator: Old Designator=C24 New Designator=C39
Change Component Designator: Old Designator=C30 New Designator=C40
Change Component Designator: Old Designator=C31 New Designator=C42
Change Component Designator: Old Designator=C32 New Designator=C41
Change Component Designator: Old Designator=C34 New Designator=C78
Change Component Designator: Old Designator=C35 New Designator=C82
Change Component Designator: Old Designator=C38 New Designator=C45
Change Component Designator: Old Designator=C40 New Designator=C23
Change Component Designator: Old Designator=C42 New Designator=C14
Change Component Designator: Old Designator=C52 New Designator=C16
Change Component Designator: Old Designator=C53 New Designator=C18
Change Component Designator: Old Designator=C58 New Designator=C28
Change Component Designator: Old Designator=C67 New Designator=C19
Change Component Designator: Old Designator=C82 New Designator=C13
Change Component Designator: Old Designator=C83 New Designator=C11
Change Component Designator: Old Designator=C87 New Designator=C58
Change Component Designator: Old Designator=C89 New Designator=C84
Change Component Designator: Old Designator=C96 New Designator=C56
Change Component Designator: Old Designator=C97 New Designator=C48
Change Component Designator: Old Designator=C98 New Designator=C49
Change Component Designator: Old Designator=C99 New Designator=C55
Change Component Designator: Old Designator=C100 New Designator=C46
Change Component Designator: Old Designator=C120 New Designator=C61
Change Component Designator: Old Designator=C123 New Designator=C60
Change Component Designator: Old Designator=C129 New Designator=C77
Change Component Designator: Old Designator=C132 New Designator=C83
Change Component Designator: Old Designator=C147 New Designator=C75
Change Component Designator: Old Designator=C149 New Designator=C70
Change Component Designator: Old Designator=C153 New Designator=C50
Change Component Designator: Old Designator=C159 New Designator=C64
Change Component Designator: Old Designator=C160 New Designator=C59
Change Component Designator: Old Designator=C161 New Designator=C73
Change Component Designator: Old Designator=C162 New Designator=C62
Change Component Designator: Old Designator=C165 New Designator=C87
Change Component Designator: Old Designator=C166 New Designator=C86
Change Component Designator: Old Designator=C168 New Designator=C44
Change Component Designator: Old Designator=C170 New Designator=C10
Change Component Designator: Old Designator=C185 New Designator=C81
Change Component Designator: Old Designator=C189 New Designator=C25
Change Component Designator: Old Designator=C198 New Designator=C88
Change Component Designator: Old Designator=C202 New Designator=C79
Change Component Designator: Old Designator=C207 New Designator=C54
Change Component Designator: Old Designator=C225 New Designator=C53
Change Component Designator: Old Designator=C236 New Designator=C80
Change Component Designator: Old Designator=C280 New Designator=C85
Change Component Designator: Old Designator=C281 New Designator=C9
Change Component Designator: Old Designator=C885 New Designator=C12
Change Component Designator: Old Designator=C? New Designator=C1
Change Component Designator: Old Designator=C? New Designator=C2
Change Component Designator: Old Designator=C? New Designator=C3
Change Component Designator: Old Designator=C? New Designator=C4
Change Component Designator: Old Designator=C? New Designator=C5
Change Component Designator: Old Designator=C? New Designator=C6
Change Component Designator: Old Designator=C? New Designator=C7
Change Component Designator: Old Designator=C? New Designator=C8
Change Component Designator: Old Designator=C? New Designator=C17
Change Component Designator: Old Designator=C? New Designator=C20
Change Component Designator: Old Designator=C? New Designator=C21
Change Component Designator: Old Designator=C? New Designator=C22
Change Component Designator: Old Designator=C? New Designator=C24
Change Component Designator: Old Designator=C? New Designator=C26
Change Component Designator: Old Designator=C? New Designator=C27
Change Component Designator: Old Designator=C? New Designator=C29
Change Component Designator: Old Designator=C? New Designator=C30
Change Component Designator: Old Designator=C? New Designator=C32
Change Component Designator: Old Designator=C? New Designator=C33
Change Component Designator: Old Designator=C? New Designator=C34
Change Component Designator: Old Designator=C? New Designator=C35
Change Component Designator: Old Designator=C? New Designator=C36
Change Component Designator: Old Designator=C? New Designator=C37
Change Component Designator: Old Designator=C? New Designator=C38
Change Component Designator: Old Designator=C? New Designator=C47
Change Component Designator: Old Designator=C? New Designator=C57
Change Component Designator: Old Designator=C? New Designator=C63
Change Component Designator: Old Designator=C? New Designator=C66
Change Component Designator: Old Designator=C? New Designator=C67
Change Component Designator: Old Designator=C? New Designator=C68
Change Component Designator: Old Designator=C? New Designator=C69
Change Component Designator: Old Designator=C? New Designator=C71
Change Component Designator: Old Designator=C? New Designator=C76
Change Component Designator: Old Designator=CE210 New Designator=CE1
Change Component Designator: Old Designator=D3 New Designator=D8
Change Component Designator: Old Designator=D4 New Designator=D11
Change Component Designator: Old Designator=D8 New Designator=D12
Change Component Designator: Old Designator=D9 New Designator=D13
Change Component Designator: Old Designator=D10 New Designator=D6
Change Component Designator: Old Designator=D14 New Designator=D3
Change Component Designator: Old Designator=D16 New Designator=D17
Change Component Designator: Old Designator=D20 New Designator=D15
Change Component Designator: Old Designator=D35 New Designator=D18
Change Component Designator: Old Designator=D36 New Designator=D16
Change Component Designator: Old Designator=D37 New Designator=D20
Change Component Designator: Old Designator=D43 New Designator=D14
Change Component Designator: Old Designator=D46 New Designator=D5
Change Component Designator: Old Designator=D51 New Designator=D2
Change Component Designator: Old Designator=D66 New Designator=D4
Change Component Designator: Old Designator=D72 New Designator=D21
Change Component Designator: Old Designator=D73 New Designator=D22
Change Component Designator: Old Designator=D? New Designator=D1
Change Component Designator: Old Designator=D? New Designator=D7
Change Component Designator: Old Designator=D? New Designator=D9
Change Component Designator: Old Designator=D? New Designator=D10
Change Component Designator: Old Designator=FB1 New Designator=FB5
Change Component Designator: Old Designator=FB7 New Designator=FB1
Change Component Designator: Old Designator=FB? New Designator=FB4
Change Component Designator: Old Designator=H? New Designator=H1
Change Component Designator: Old Designator=H? New Designator=H2
Change Component Designator: Old Designator=R5 New Designator=R108
Change Component Designator: Old Designator=R6 New Designator=R106
Change Component Designator: Old Designator=R9 New Designator=R107
Change Component Designator: Old Designator=R13 New Designator=R44
Change Component Designator: Old Designator=R14 New Designator=R30
Change Component Designator: Old Designator=R15 New Designator=R46
Change Component Designator: Old Designator=R20 New Designator=R15
Change Component Designator: Old Designator=R21 New Designator=R16
Change Component Designator: Old Designator=R22 New Designator=R72
Change Component Designator: Old Designator=R24 New Designator=R12
Change Component Designator: Old Designator=R29 New Designator=R31
Change Component Designator: Old Designator=R30 New Designator=R88
Change Component Designator: Old Designator=R37 New Designator=R102
Change Component Designator: Old Designator=R41 New Designator=R95
Change Component Designator: Old Designator=R46 New Designator=R64
Change Component Designator: Old Designator=R56 New Designator=R10
Change Component Designator: Old Designator=R60 New Designator=R105
Change Component Designator: Old Designator=R62 New Designator=R85
Change Component Designator: Old Designator=R64 New Designator=R53
Change Component Designator: Old Designator=R66 New Designator=R32
Change Component Designator: Old Designator=R70 New Designator=R21
Change Component Designator: Old Designator=R71 New Designator=R22
Change Component Designator: Old Designator=R74 New Designator=R80
Change Component Designator: Old Designator=R75 New Designator=R19
Change Component Designator: Old Designator=R76 New Designator=R17
Change Component Designator: Old Designator=R78 New Designator=R109
Change Component Designator: Old Designator=R80 New Designator=R100
Change Component Designator: Old Designator=R80 New Designator=R103
Change Component Designator: Old Designator=R86 New Designator=R81
Change Component Designator: Old Designator=R90 New Designator=R98
Change Component Designator: Old Designator=R92 New Designator=R68
Change Component Designator: Old Designator=R95 New Designator=R93
Change Component Designator: Old Designator=R100 New Designator=R11
Change Component Designator: Old Designator=R101 New Designator=R74
Change Component Designator: Old Designator=R105 New Designator=R56
Change Component Designator: Old Designator=R113 New Designator=R117
Change Component Designator: Old Designator=R114 New Designator=R118
Change Component Designator: Old Designator=R116 New Designator=R55
Change Component Designator: Old Designator=R119 New Designator=R59
Change Component Designator: Old Designator=R120 New Designator=R54
Change Component Designator: Old Designator=R121 New Designator=R29
Change Component Designator: Old Designator=R123 New Designator=R61
Change Component Designator: Old Designator=R126 New Designator=R101
Change Component Designator: Old Designator=R128 New Designator=R75
Change Component Designator: Old Designator=R129 New Designator=R83
Change Component Designator: Old Designator=R130 New Designator=R87
Change Component Designator: Old Designator=R131 New Designator=R86
Change Component Designator: Old Designator=R132 New Designator=R77
Change Component Designator: Old Designator=R133 New Designator=R90
Change Component Designator: Old Designator=R145 New Designator=R65
Change Component Designator: Old Designator=R147 New Designator=R63
Change Component Designator: Old Designator=R149 New Designator=R120
Change Component Designator: Old Designator=R150 New Designator=R115
Change Component Designator: Old Designator=R154 New Designator=R94
Change Component Designator: Old Designator=R155 New Designator=R82
Change Component Designator: Old Designator=R156 New Designator=R116
Change Component Designator: Old Designator=R158 New Designator=R13
Change Component Designator: Old Designator=R159 New Designator=R73
Change Component Designator: Old Designator=R161 New Designator=R67
Change Component Designator: Old Designator=R162 New Designator=R71
Change Component Designator: Old Designator=R166 New Designator=R70
Change Component Designator: Old Designator=R167 New Designator=R57
Change Component Designator: Old Designator=R168 New Designator=R33
Change Component Designator: Old Designator=R169 New Designator=R38
Change Component Designator: Old Designator=R173 New Designator=R66
Change Component Designator: Old Designator=R176 New Designator=R20
Change Component Designator: Old Designator=R187 New Designator=R92
Change Component Designator: Old Designator=R191 New Designator=R91
Change Component Designator: Old Designator=R192 New Designator=R89
Change Component Designator: Old Designator=R196 New Designator=R42
Change Component Designator: Old Designator=R197 New Designator=R99
Change Component Designator: Old Designator=R198 New Designator=R18
Change Component Designator: Old Designator=R200 New Designator=R25
Change Component Designator: Old Designator=R200 New Designator=R39
Change Component Designator: Old Designator=R201 New Designator=R114
Change Component Designator: Old Designator=R202 New Designator=R97
Change Component Designator: Old Designator=R205 New Designator=R84
Change Component Designator: Old Designator=R207 New Designator=R96
Change Component Designator: Old Designator=R209 New Designator=R123
Change Component Designator: Old Designator=R210 New Designator=R110
Change Component Designator: Old Designator=R211 New Designator=R112
Change Component Designator: Old Designator=R214 New Designator=R78
Change Component Designator: Old Designator=R215 New Designator=R79
Change Component Designator: Old Designator=R240 New Designator=R24
Change Component Designator: Old Designator=R240 New Designator=R27
Change Component Designator: Old Designator=R248 New Designator=R121
Change Component Designator: Old Designator=R251 New Designator=R41
Change Component Designator: Old Designator=R253 New Designator=R62
Change Component Designator: Old Designator=R266 New Designator=R23
Change Component Designator: Old Designator=R270 New Designator=R76
Change Component Designator: Old Designator=R284 New Designator=R14
Change Component Designator: Old Designator=R285 New Designator=R51
Change Component Designator: Old Designator=R287 New Designator=R60
Change Component Designator: Old Designator=R289 New Designator=R69
Change Component Designator: Old Designator=R293 New Designator=R52
Change Component Designator: Old Designator=R294 New Designator=R119
Change Component Designator: Old Designator=R295 New Designator=R122
Change Component Designator: Old Designator=R? New Designator=R1
Change Component Designator: Old Designator=R? New Designator=R2
Change Component Designator: Old Designator=R? New Designator=R3
Change Component Designator: Old Designator=R? New Designator=R4
Change Component Designator: Old Designator=R? New Designator=R5
Change Component Designator: Old Designator=R? New Designator=R6
Change Component Designator: Old Designator=R? New Designator=R7
Change Component Designator: Old Designator=R? New Designator=R8
Change Component Designator: Old Designator=R? New Designator=R9
Change Component Designator: Old Designator=R? New Designator=R26
Change Component Designator: Old Designator=R? New Designator=R28
Change Component Designator: Old Designator=R? New Designator=R34
Change Component Designator: Old Designator=R? New Designator=R35
Change Component Designator: Old Designator=R? New Designator=R36
Change Component Designator: Old Designator=R? New Designator=R37
Change Component Designator: Old Designator=R? New Designator=R40
Change Component Designator: Old Designator=R? New Designator=R43
Change Component Designator: Old Designator=R? New Designator=R45
Change Component Designator: Old Designator=R? New Designator=R47
Change Component Designator: Old Designator=R? New Designator=R48
Change Component Designator: Old Designator=R? New Designator=R49
Change Component Designator: Old Designator=R? New Designator=R50
Change Component Designator: Old Designator=R? New Designator=R58
Change Component Designator: Old Designator=R? New Designator=R104
Change Component Designator: Old Designator=R? New Designator=R111
Change Component Designator: Old Designator=R? New Designator=R113
Change Component Designator: Old Designator=U1 New Designator=U11
Change Component Designator: Old Designator=U1 New Designator=U9
Change Component Designator: Old Designator=U4 New Designator=U16
Change Component Designator: Old Designator=U4 New Designator=U1
Change Component Designator: Old Designator=U5 New Designator=U3
Change Component Designator: Old Designator=U5 New Designator=U1
Change Component Designator: Old Designator=U5 New Designator=U31
Change Component Designator: Old Designator=U6 New Designator=U4
Change Component Designator: Old Designator=U6 New Designator=U4
Change Component Designator: Old Designator=U6 New Designator=U4
Change Component Designator: Old Designator=U6 New Designator=U12
Change Component Designator: Old Designator=U8 New Designator=U29
Change Component Designator: Old Designator=U8 New Designator=U26
Change Component Designator: Old Designator=U9 New Designator=U13
Change Component Designator: Old Designator=U10 New Designator=U4
Change Component Designator: Old Designator=U11 New Designator=U8
Change Component Designator: Old Designator=U11 New Designator=U10
Change Component Designator: Old Designator=U12 New Designator=U6
Change Component Designator: Old Designator=U12 New Designator=U27
Change Component Designator: Old Designator=U13 New Designator=U25
Change Component Designator: Old Designator=U14 New Designator=U20
Change Component Designator: Old Designator=U15 New Designator=U21
Change Component Designator: Old Designator=U16 New Designator=U19
Change Component Designator: Old Designator=U18 New Designator=U15
Change Component Designator: Old Designator=U19 New Designator=U22
Change Component Designator: Old Designator=U20 New Designator=U30
Change Component Designator: Old Designator=U21 New Designator=U23
Change Component Designator: Old Designator=U23 New Designator=U14
Change Component Designator: Old Designator=U24 New Designator=U1
Change Component Designator: Old Designator=U24 New Designator=U3
Change Component Designator: Old Designator=U25 New Designator=U28
Change Component Designator: Old Designator=U26 New Designator=U18
Change Component Designator: Old Designator=U26 New Designator=U3
Change Component Designator: Old Designator=U26 New Designator=U6
Change Component Designator: Old Designator=U29 New Designator=U11
Change Component Designator: Old Designator=U29 New Designator=U26
Change Component Designator: Old Designator=U29 New Designator=U11
Change Component Designator: Old Designator=U New Designator=U5
Change Component Designator: Old Designator=U? New Designator=U1
Change Component Designator: Old Designator=U? New Designator=U16
Change Component Designator: Old Designator=U? New Designator=U2
Change Component Designator: Old Designator=U? New Designator=U7
Change Component Designator: Old Designator=U? New Designator=U24
Change Component Designator: Old Designator=X? New Designator=X1
