Removed Pin From Net: NetName=VS2 Pin=BT1-6
Removed Pin From Net: NetName=GND_BAT Pin=BT1-8
Removed Pin From Net: NetName=NetBT1_4 Pin=D4-2
Removed Pin From Net: NetName=NetBT1_1 Pin=J1-1
Removed Pin From Net: NetName=NetBT1_1 Pin=T2-4
Removed Pin From Net: NetName=NetBT1_1 Pin=T3-1
Removed Pin From Net: NetName=NetD1_2 Pin=T3-4
Removed Pin From Net: NetName=NetD6_1 Pin=T3-5
Removed Pin From Net: NetName=VS1 Pin=T3-6
Removed Pin From Net: NetName=NetD10_1 Pin=T3-7
Removed Pin From Net: NetName=GND_BAT Pin=T3-8
Added Pin To Net: NetName=GND_BAT Pin=BT1-5
Added Pin To Net: NetName=VS2 Pin=BT1-7
Added Pin To Net: NetName=NetBT1_1 Pin=D4-2
Added Pin To Net: NetName=NetBT1_4 Pin=J1-1
Added Pin To Net: NetName=NetBT1_4 Pin=T2-4
Added Pin To Net: NetName=NetD1_2 Pin=T3-1
Added Pin To Net: NetName=NetBT1_4 Pin=T3-4
Added Pin To Net: NetName=GND_BAT Pin=T3-5
Added Pin To Net: NetName=NetD10_1 Pin=T3-6
Added Pin To Net: NetName=VS1 Pin=T3-7
Added Pin To Net: NetName=NetD6_1 Pin=T3-8
Added Pin To Net: NetName=NetBT1_6 Pin=BT1-6
Added Pin To Net: NetName=NetBT1_6 Pin=D11-1
Added Net: Name=NetBT1_6
Added Pin To Net: NetName=NetBT1_8 Pin=BT1-8
Added Pin To Net: NetName=NetBT1_8 Pin=D7-1
Added Net: Name=NetBT1_8
Added Member To Class: ClassName=INV.Main.SCH Member=Component C9 0805
Added Member To Class: ClassName=INV.Main.SCH Member=Component C11 0805
Added Member To Class: ClassName=INV.Main.SCH Member=Component C13 0805
Added Member To Class: ClassName=INV.Main.SCH Member=Component C15 500V/470uF
Added Member To Class: ClassName=INV.Main.SCH Member=Component C17 0805
Added Member To Class: ClassName=INV.Main.SCH Member=Component C19 0805
Added Member To Class: ClassName=INV.Main.SCH Member=Component C21 0805
Added Member To Class: ClassName=INV.Main.SCH Member=Component C23 0805
Added Member To Class: ClassName=INV.Main.SCH Member=Component C25 0805
Added Member To Class: ClassName=INV.Main.SCH Member=Component C27 0805
Added Member To Class: ClassName=INV.Main.SCH Member=Component C29 0805
Added Member To Class: ClassName=INV.Main.SCH Member=Component C31 0805
Added Member To Class: ClassName=INV.Main.SCH Member=Component C33 0805
Added Member To Class: ClassName=INV.Main.SCH Member=Component C35 0805
Added Member To Class: ClassName=INV.Main.SCH Member=Component C37 0805
Added Member To Class: ClassName=INV.Main.SCH Member=Component C39 0805
Added Member To Class: ClassName=INV.Main.SCH Member=Component C41 0805
Added Member To Class: ClassName=INV.Main.SCH Member=Component C43 0805
Added Member To Class: ClassName=INV.Main.SCH Member=Component C45 0805
Added Member To Class: ClassName=INV.Main.SCH Member=Component C47 0805
Added Member To Class: ClassName=INV.Main.SCH Member=Component C48 0805
Added Member To Class: ClassName=INV.Main.SCH Member=Component C50 0805
Added Member To Class: ClassName=INV.Main.SCH Member=Component C52 0805
Added Member To Class: ClassName=INV.Main.SCH Member=Component C53 Tu dan gom
Added Member To Class: ClassName=INV.Main.SCH Member=Component C56 0805
Added Member To Class: ClassName=INV.Main.SCH Member=Component C58 0805
Added Member To Class: ClassName=INV.Main.SCH Member=Component C59 0805
Added Member To Class: ClassName=INV.Main.SCH Member=Component C61 0805
Added Member To Class: ClassName=INV.Main.SCH Member=Component C63 0805
Added Member To Class: ClassName=INV.Main.SCH Member=Component C65 CBB 150nF/630V
Added Member To Class: ClassName=INV.Main.SCH Member=Component C67 CBB 150nF/630V
Added Member To Class: ClassName=INV.Main.SCH Member=Component C69 CAP X2 B32924
Added Member To Class: ClassName=INV.Main.SCH Member=Component C70 0805
Added Member To Class: ClassName=INV.Main.SCH Member=Component C71 0805
Added Member To Class: ClassName=INV.Main.SCH Member=Component C72 0805
Added Member To Class: ClassName=INV.Main.SCH Member=Component C73 0805
Added Member To Class: ClassName=INV.Main.SCH Member=Component C74 0805
Added Member To Class: ClassName=INV.Main.SCH Member=Component C75 0805
Added Member To Class: ClassName=INV.Main.SCH Member=Component C76 0805
Added Member To Class: ClassName=INV.Main.SCH Member=Component C77 0805
Added Member To Class: ClassName=INV.Main.SCH Member=Component C81 0805
Added Member To Class: ClassName=INV.Main.SCH Member=Component C83 0805
Added Member To Class: ClassName=INV.Main.SCH Member=Component C85 0805
Added Member To Class: ClassName=INV.Main.SCH Member=Component C87 0805
Added Member To Class: ClassName=INV.Main.SCH Member=Component C89 0805
Added Member To Class: ClassName=INV.Main.SCH Member=Component C91 0805
Added Member To Class: ClassName=INV.Main.SCH Member=Component C95 0805
Added Member To Class: ClassName=INV.Main.SCH Member=Component C97 0805
Added Member To Class: ClassName=INV.Main.SCH Member=Component C99 0805
Added Member To Class: ClassName=INV.Main.SCH Member=Component C100 0805
Added Member To Class: ClassName=INV.Main.SCH Member=Component C101 0805
Added Member To Class: ClassName=INV.Main.SCH Member=Component C103 0805
Added Member To Class: ClassName=INV.Main.SCH Member=Component C105 0805
Added Member To Class: ClassName=INV.Main.SCH Member=Component C107 0805
Added Member To Class: ClassName=INV.Main.SCH Member=Component C109 0805
Added Member To Class: ClassName=INV.Main.SCH Member=Component C111 Tu dan gom
Added Member To Class: ClassName=INV.Main.SCH Member=Component C113 0805
Added Member To Class: ClassName=INV.Main.SCH Member=Component C160 Tu dan gom
Added Member To Class: ClassName=INV.Main.SCH Member=Component C162 Tu dan gom
Added Member To Class: ClassName=INV.Main.SCH Member=Component C163 Tu dan gom
Added Member To Class: ClassName=INV.Main.SCH Member=Component DZ3 Zener
Added Member To Class: ClassName=INV.Main.SCH Member=Component L4 L1_PV+
Added Member To Class: ClassName=INV.Main.SCH Member=Component Q13 PB5350
Added Member To Class: ClassName=INV.Main.SCH Member=Component Q14 PB5350
Added Member To Class: ClassName=INV.Main.SCH Member=Component R41 200R
Added Member To Class: ClassName=INV.Main.SCH Member=Component R44 10R
Added Member To Class: ClassName=INV.Main.SCH Member=Component R54 10R
Added Member To Class: ClassName=INV.Main.SCH Member=Component R56 2K
Added Member To Class: ClassName=INV.Main.SCH Member=Component R58 5.1K
Added Member To Class: ClassName=INV.Main.SCH Member=Component R70 0R
Added Member To Class: ClassName=INV.Main.SCH Member=Component R72 130R
Added Member To Class: ClassName=INV.Main.SCH Member=Component R76 130R
Added Member To Class: ClassName=INV.Main.SCH Member=Component R80 130R
Added Member To Class: ClassName=INV.Main.SCH Member=Component R89 10R
Added Member To Class: ClassName=INV.Main.SCH Member=Component R90 2K
Added Member To Class: ClassName=INV.Main.SCH Member=Component R91 10R
Added Member To Class: ClassName=INV.Main.SCH Member=Component R105 2M
Added Member To Class: ClassName=INV.Main.SCH Member=Component R107 20R
Added Member To Class: ClassName=INV.Main.SCH Member=Component R117 200R
Added Member To Class: ClassName=INV.Main.SCH Member=Component R118 10R
Added Member To Class: ClassName=INV.Main.SCH Member=Component R119 200R
Added Member To Class: ClassName=INV.Main.SCH Member=Component R120 10R
Added Member To Class: ClassName=INV.Main.SCH Member=Component R122 200R
Added Member To Class: ClassName=INV.Main.SCH Member=Component R124 10R
Added Member To Class: ClassName=INV.Main.SCH Member=Component R125 2K
Added Member To Class: ClassName=INV.Main.SCH Member=Component R126 2K
Added Member To Class: ClassName=INV.Main.SCH Member=Component R127 10R
Added Member To Class: ClassName=INV.Main.SCH Member=Component R128 2K
Added Member To Class: ClassName=INV.Main.SCH Member=Component R132 5.1K
Added Member To Class: ClassName=INV.Main.SCH Member=Component R134 2K
Added Member To Class: ClassName=INV.Main.SCH Member=Component R136 5.1K
Added Member To Class: ClassName=INV.Main.SCH Member=Component R138 5.1K
Added Member To Class: ClassName=INV.Main.SCH Member=Component R142 10R
Added Member To Class: ClassName=INV.Main.SCH Member=Component R144 130R
Added Member To Class: ClassName=INV.Main.SCH Member=Component R150 130R
Added Member To Class: ClassName=INV.Main.SCH Member=Component R153 5.1K
Added Member To Class: ClassName=INV.Main.SCH Member=Component R154 5.1K
Added Member To Class: ClassName=INV.Main.SCH Member=Component U3 ACPL-W346-000E
Added Member To Class: ClassName=INV.Main.SCH Member=Component U10 ACPL-W346-000E
Added Member To Class: ClassName=INV.Main.SCH Member=Component V2 650V/80A
Added Member To Class: ClassName=INV.Main.SCH Member=Component V5 650V/80A
Added Member To Class: ClassName=INV.Main.SCH Member=Component V7 650V/80A
