Removed Pin From Net: NetName=G_DR1 Pin=*3-1
Removed Pin From Net: NetName=G_DR1 Pin=C32-1
Removed Pin From Net: NetName=G_DR1 Pin=C44-1
Removed Pin From Net: NetName=G_DR1 Pin=C51-1
Removed Pin From Net: NetName=G_DR1 Pin=C54-2
Removed Pin From Net: NetName=G_DR1 Pin=C57-2
Removed Pin From Net: NetName=G_DR1 Pin=C62-2
Removed Pin From Net: NetName=G_DR1 Pin=C118-2
Removed Pin From Net: NetName=G_DR1 Pin=C119-2
Removed Pin From Net: NetName=G_DR1 Pin=C120-2
Removed Pin From Net: NetName=G_DR1 Pin=C121-2
Removed Pin From Net: NetName=G_DR1 Pin=C122-2
Removed Pin From Net: NetName=G_DR1 Pin=C123-2
Removed Pin From Net: NetName=G_DR1 Pin=C124-2
Removed Pin From Net: NetName=G_DR1 Pin=L2-2
Removed Pin From Net: NetName=G_DR1 Pin=R58-2
Removed Pin From Net: NetName=G_DR1 Pin=R88-1
Removed Pin From Net: NetName=G_DR1 Pin=R166-2
Removed Pin From Net: NetName=G_DR1 Pin=R167-1
Removed Pin From Net: NetName=G_DR1 Pin=V3-3
Removed Pin From Net: NetName=G_DR1 Pin=V5-2
Removed Pin From Net: NetName=G_DR1 Pin=V8-2
Added Pin To Net: NetName=G_DR2 Pin=*3-1
Added Pin To Net: NetName=G_DR2 Pin=C32-1
Added Pin To Net: NetName=G_DR2 Pin=C44-1
Added Pin To Net: NetName=G_DR2 Pin=C51-1
Added Pin To Net: NetName=G_DR2 Pin=C54-2
Added Pin To Net: NetName=G_DR2 Pin=C57-2
Added Pin To Net: NetName=G_DR2 Pin=C62-2
Added Pin To Net: NetName=G_DR2 Pin=C118-2
Added Pin To Net: NetName=G_DR2 Pin=C119-2
Added Pin To Net: NetName=G_DR2 Pin=C120-2
Added Pin To Net: NetName=G_DR2 Pin=C121-2
Added Pin To Net: NetName=G_DR2 Pin=C122-2
Added Pin To Net: NetName=G_DR2 Pin=C123-2
Added Pin To Net: NetName=G_DR2 Pin=C124-2
Added Pin To Net: NetName=G_DR2 Pin=L2-2
Added Pin To Net: NetName=G_DR2 Pin=R58-2
Added Pin To Net: NetName=G_DR2 Pin=R88-1
Added Pin To Net: NetName=G_DR2 Pin=R166-2
Added Pin To Net: NetName=G_DR2 Pin=R167-1
Added Pin To Net: NetName=G_DR2 Pin=V3-3
Added Pin To Net: NetName=G_DR2 Pin=V5-2
Added Pin To Net: NetName=G_DR2 Pin=V8-2
Added Net: Name=G_DR2
