Added Component: Designator=J3(Header 2x15)
Add component (AddParameter): Name = "LatestRevisionDate"; Value = "17-Jul-2002"; VariantName = "[No Variations]"
Add component (AddParameter): Name = "LatestRevisionNote"; Value = "Re-released for DXP Platform."; VariantName = "[No Variations]"
Add component (AddParameter): Name = "Publisher"; Value = "Altium Limited"; VariantName = "[No Variations]"
Added Pin To Net: NetName=NetJ2_1 Pin=J3-1
Added Pin To Net: NetName=NetJ2_2 Pin=J3-2
Added Pin To Net: NetName=NetJ2_22 Pin=J3-3
Added Pin To Net: NetName=NetJ2_21 Pin=J3-4
Added Pin To Net: NetName=NetJ2_30 Pin=J3-5
Added Pin To Net: NetName=NetJ2_29 Pin=J3-6
Added Pin To Net: NetName=NetJ2_31 Pin=J3-7
Added Pin To Net: NetName=NetJ2_32 Pin=J3-8
Added Pin To Net: NetName=NetJ2_24 Pin=J3-9
Added Pin To Net: NetName=NetJ2_23 Pin=J3-10
Added Pin To Net: NetName=NetJ2_26 Pin=J3-11
Added Pin To Net: NetName=NetJ2_39 Pin=J3-12
Added Pin To Net: NetName=NetJ2_43 Pin=J3-13
Added Pin To Net: NetName=G_NEG Pin=J3-14
Added Pin To Net: NetName=NetC2_2 Pin=J3-15
Added Pin To Net: NetName=NetC2_2 Pin=J3-16
Added Pin To Net: NetName=NetJ2_49 Pin=J3-17
Added Pin To Net: NetName=NetJ3_18 Pin=J3-18
Added Pin To Net: NetName=GND Pin=J3-19
Added Pin To Net: NetName=NetJ3_20 Pin=J3-20
Added Pin To Net: NetName=NetJ3_21 Pin=J3-21
Added Pin To Net: NetName=NetJ2_41 Pin=J3-22
Added Pin To Net: NetName=NetJ3_23 Pin=J3-23
Added Pin To Net: NetName=NetJ2_42 Pin=J3-24
Added Pin To Net: NetName=NetJ3_25 Pin=J3-25
Added Pin To Net: NetName=NetJ3_26 Pin=J3-26
Added Pin To Net: NetName=NetJ3_27 Pin=J3-27
Added Pin To Net: NetName=NetJ3_28 Pin=J3-28
Added Pin To Net: NetName=NetJ3_29 Pin=J3-29
Added Pin To Net: NetName=NetJ3_30 Pin=J3-30
Added Member To Class: ClassName=INV.Main.SCH Member=Component J3 Header 15x2
