Added Component: Designator=BT1(Transformer EE13)
Add component (AddParameter): Name = "Designed by"; Value = "VanDungEvn"; VariantName = "[No Variations]"
Add component (AddParameter): Name = "Value"; Value = "BAX"; VariantName = "[No Variations]"
Added Component: Designator=T3(Transformer EE13)
Add component (AddParameter): Name = "Designed by"; Value = "VanDungEvn"; VariantName = "[No Variations]"
Add component (AddParameter): Name = "Value"; Value = "BAX"; VariantName = "[No Variations]"
Added Pin To Net: NetName=NetBT1_1 Pin=BT1-1
Added Pin To Net: NetName=NetBT1_2 Pin=BT1-2
Added Pin To Net: NetName=NetBT1_2 Pin=BT1-3
Added Pin To Net: NetName=NetBT1_4 Pin=BT1-4
Added Pin To Net: NetName=GND_BAT Pin=BT1-5
Added Pin To Net: NetName=NetBT1_6 Pin=BT1-6
Added Pin To Net: NetName=VS2 Pin=BT1-7
Added Pin To Net: NetName=NetBT1_8 Pin=BT1-8
Added Pin To Net: NetName=NetD1_2 Pin=T3-1
Added Pin To Net: NetName=NetT3_2 Pin=T3-2
Added Pin To Net: NetName=NetT3_2 Pin=T3-3
Added Pin To Net: NetName=NetBT1_4 Pin=T3-4
Added Pin To Net: NetName=GND_BAT Pin=T3-5
Added Pin To Net: NetName=NetD10_1 Pin=T3-6
Added Pin To Net: NetName=VS1 Pin=T3-7
Added Pin To Net: NetName=NetD6_1 Pin=T3-8
Added Member To Class: ClassName=INV.Main.SCH Member=Component BT1 EE13
Added Member To Class: ClassName=INV.Main.SCH Member=Component T3 EE13
