Added Pin To Net: NetName=G_DR1 Pin=*3-1
Added Pin To Net: NetName=G_DR1 Pin=C32-1
Added Pin To Net: NetName=G_DR1 Pin=C44-1
Added Pin To Net: NetName=G_DR1 Pin=C51-1
Added Pin To Net: NetName=G_DR1 Pin=C54-2
Added Pin To Net: NetName=G_DR1 Pin=C57-2
Added Pin To Net: NetName=G_DR1 Pin=C62-2
Added Pin To Net: NetName=G_DR1 Pin=C118-2
Added Pin To Net: NetName=G_DR1 Pin=C119-2
Added Pin To Net: NetName=G_DR1 Pin=C120-2
Added Pin To Net: NetName=G_DR1 Pin=C121-2
Added Pin To Net: NetName=G_DR1 Pin=C122-2
Added Pin To Net: NetName=G_DR1 Pin=C123-2
Added Pin To Net: NetName=G_DR1 Pin=C124-2
Added Pin To Net: NetName=G_DR1 Pin=L2-2
Added Pin To Net: NetName=G_DR1 Pin=R26-2
Added Pin To Net: NetName=G_DR1 Pin=R58-2
Added Pin To Net: NetName=G_DR1 Pin=R88-1
Added Pin To Net: NetName=G_DR1 Pin=R167-1
Added Pin To Net: NetName=G_DR1 Pin=V3-3
Added Pin To Net: NetName=G_DR1 Pin=V5-3
Added Pin To Net: NetName=G_DR1 Pin=V8-2
