Change Component Footprint: Designator=C55 Old Footprint=CAP-SMD-0805 EX New Footprint=CAP-SMD-0603
Added Member To Class: ClassName=INV.CTL.V1 Member=Component C11 104/0603
Added Member To Class: ClassName=INV.CTL.V1 Member=Component C13 104/0603
Added Member To Class: ClassName=INV.CTL.V1 Member=Component C15 104/0603
Added Member To Class: ClassName=INV.CTL.V1 Member=Component C17 104/0603
Added Member To Class: ClassName=INV.CTL.V1 Member=Component C42 0603
Added Member To Class: ClassName=INV.CTL.V1 Member=Component C44 0603
Added Member To Class: ClassName=INV.CTL.V1 Member=Component C46 0805
Added Member To Class: ClassName=INV.CTL.V1 Member=Component C56 0603
Added Member To Class: ClassName=INV.CTL.V1 Member=Component C62 10uF/0805
Added Member To Class: ClassName=INV.CTL.V1 Member=Component C63 104/0603
Added Member To Class: ClassName=INV.CTL.V1 Member=Component C66 0603
Added Member To Class: ClassName=INV.CTL.V1 Member=Component C68 0603
Added Member To Class: ClassName=INV.CTL.V1 Member=Component C70 0603
Added Member To Class: ClassName=INV.CTL.V1 Member=Component C71 0603
Added Member To Class: ClassName=INV.CTL.V1 Member=Component C72 0603
Added Member To Class: ClassName=INV.CTL.V1 Member=Component C73 0603
Added Member To Class: ClassName=INV.CTL.V1 Member=Component C75 0603
Added Member To Class: ClassName=INV.CTL.V1 Member=Component C77 0805
Added Member To Class: ClassName=INV.CTL.V1 Member=Component C79 0805
Added Member To Class: ClassName=INV.CTL.V1 Member=Component C81 0603
Added Member To Class: ClassName=INV.CTL.V1 Member=Component C82 0603
Added Member To Class: ClassName=INV.CTL.V1 Member=Component C84 0603
Added Member To Class: ClassName=INV.CTL.V1 Member=Component C85 0603
Added Member To Class: ClassName=INV.CTL.V1 Member=Component C86 0603
Added Member To Class: ClassName=INV.CTL.V1 Member=Component C87 0603
Added Member To Class: ClassName=INV.CTL.V1 Member=Component C89 0603
Added Member To Class: ClassName=INV.CTL.V1 Member=Component C91 0603
Added Member To Class: ClassName=INV.CTL.V1 Member=Component C92 0603
Added Member To Class: ClassName=INV.CTL.V1 Member=Component C93 0603
Added Member To Class: ClassName=INV.CTL.V1 Member=Component C95 0603
Added Member To Class: ClassName=INV.CTL.V1 Member=Component C96 0603
Added Member To Class: ClassName=INV.CTL.V1 Member=Component R74 100K/0603
Added Member To Class: ClassName=INV.CTL.V1 Member=Component R75 10R/0603
