Change Component Footprint: Designator=C54 Old Footprint=CAP-SMD-0805 EX New Footprint=CAP-SMD-0603
Added Member To Class: ClassName=INV.CTL.V1 Member=Component C11 104/0603
Added Member To Class: ClassName=INV.CTL.V1 Member=Component C13 104/0603
Added Member To Class: ClassName=INV.CTL.V1 Member=Component C15 104/0603
Added Member To Class: ClassName=INV.CTL.V1 Member=Component C17 104/0603
Added Member To Class: ClassName=INV.CTL.V1 Member=Component C89 0603
Added Member To Class: ClassName=INV.CTL.V1 Member=Component C92 0603
Added Member To Class: ClassName=INV.CTL.V1 Member=Component C94 0603
Added Member To Class: ClassName=INV.CTL.V1 Member=Component C97 0603
Added Member To Class: ClassName=INV.CTL.V1 Member=Component R60 10R/0603
Added Member To Class: ClassName=INV.CTL.V1 Member=Component R61 5.1K/0603
Added Member To Class: ClassName=INV.CTL.V1 Member=Component R63 30K/0603
Added Member To Class: ClassName=INV.CTL.V1 Member=Component R65 30K/0603
Added Member To Class: ClassName=INV.CTL.V1 Member=Component R66 5.1K/0603
Added Member To Class: ClassName=INV.CTL.V1 Member=Component R67 5.1K/0603
Added Member To Class: ClassName=INV.CTL.V1 Member=Component R69 33K/0603
Added Member To Class: ClassName=INV.CTL.V1 Member=Component R70 5.1K/0603
Added Member To Class: ClassName=INV.CTL.V1 Member=Component R72 1.2K/0603
Added Member To Class: ClassName=INV.CTL.V1 Member=Component R73 100K/0603
Added Member To Class: ClassName=INV.CTL.V1 Member=Component R74 10R/0603
Added Member To Class: ClassName=INV.CTL.V1 Member=Component R75 1.2K/0603
Added Member To Class: ClassName=INV.CTL.V1 Member=Component R77 10R/0603
Added Member To Class: ClassName=INV.CTL.V1 Member=Component R78 100K/0603
Added Member To Class: ClassName=INV.CTL.V1 Member=Component R80 10R/0603
Added Member To Class: ClassName=INV.CTL.V1 Member=Component R81 33K/0603
Added Member To Class: ClassName=INV.CTL.V1 Member=Component R82 2.7K/0603
Added Member To Class: ClassName=INV.CTL.V1 Member=Component R83 10K/0603
Added Member To Class: ClassName=INV.CTL.V1 Member=Component R86 560K/0603
Added Member To Class: ClassName=INV.CTL.V1 Member=Component R87 30K/0603
Added Member To Class: ClassName=INV.CTL.V1 Member=Component R88 10K/0603
Added Member To Class: ClassName=INV.CTL.V1 Member=Component R89 1K/0805
Added Member To Class: ClassName=INV.CTL.V1 Member=Component R90 10K/0603
Added Member To Class: ClassName=INV.CTL.V1 Member=Component R91 10K/0603
Added Member To Class: ClassName=INV.CTL.V1 Member=Component R92 1K/0603
Added Member To Class: ClassName=INV.CTL.V1 Member=Component R95 10K/0603
Added Member To Class: ClassName=INV.CTL.V1 Member=Component R96 10R/0603
Added Member To Class: ClassName=INV.CTL.V1 Member=Component R97 1K/0603
Added Member To Class: ClassName=INV.CTL.V1 Member=Component R98 10K/0603
Added Member To Class: ClassName=INV.CTL.V1 Member=Component R101 220R/0603
Added Member To Class: ClassName=INV.CTL.V1 Member=Component R102 5.1K/0603
Added Member To Class: ClassName=INV.CTL.V1 Member=Component R103 1K/0603
Added Member To Class: ClassName=INV.CTL.V1 Member=Component R104 5.1K/0603
Added Member To Class: ClassName=INV.CTL.V1 Member=Component R105 220R/0603
Added Member To Class: ClassName=INV.CTL.V1 Member=Component R106 10K/0603
Added Member To Class: ClassName=INV.CTL.V1 Member=Component R111 5.1K/0603
Added Member To Class: ClassName=INV.CTL.V1 Member=Component R112 499R/0603
Added Member To Class: ClassName=INV.CTL.V1 Member=Component R113 10R/0603
