Removed Pin From Net: NetName=NetC96_1 Pin=R53-5
Removed Pin From Net: NetName=NetC88_2 Pin=R53-6
Change Component Designator: OldDesignator=C11 NewDesignator=C18
Change Component Designator: OldDesignator=C12 NewDesignator=C11
Change Component Designator: OldDesignator=C13 NewDesignator=C12
Change Component Designator: OldDesignator=C14 NewDesignator=C13
Change Component Designator: OldDesignator=C15 NewDesignator=C14
Change Component Designator: OldDesignator=C16 NewDesignator=C15
Change Component Designator: OldDesignator=C17 NewDesignator=C16
Change Component Designator: OldDesignator=C18 NewDesignator=C17
Change Component Designator: OldDesignator=C81 NewDesignator=C82
Change Component Designator: OldDesignator=C82 NewDesignator=C83
Change Component Designator: OldDesignator=C83 NewDesignator=C84
Change Component Designator: OldDesignator=C84 NewDesignator=C81
Change Component Designator: OldDesignator=C89 NewDesignator=C90
Change Component Designator: OldDesignator=C90 NewDesignator=C89
Change Component Designator: OldDesignator=R101 NewDesignator=R102
Change Component Designator: OldDesignator=R102 NewDesignator=R103
Change Component Designator: OldDesignator=R103 NewDesignator=R104
Change Component Designator: OldDesignator=R104 NewDesignator=R105
Change Component Designator: OldDesignator=R105 NewDesignator=R106
Change Component Designator: OldDesignator=R106 NewDesignator=R107
Change Component Designator: OldDesignator=R107 NewDesignator=R108
Change Component Designator: OldDesignator=R108 NewDesignator=R109
Change Component Designator: OldDesignator=R109 NewDesignator=R110
Change Component Designator: OldDesignator=R110 NewDesignator=R111
Change Component Designator: OldDesignator=R111 NewDesignator=R112
Change Component Designator: OldDesignator=R112 NewDesignator=R113
Change Component Designator: OldDesignator=R113 NewDesignator=R114
Change Component Designator: OldDesignator=R114 NewDesignator=R115
Change Component Designator: OldDesignator=R115 NewDesignator=R116
Change Component Designator: OldDesignator=R116 NewDesignator=R117
Added Component: Designator=R101(RESCAXS80P320X150X55-8N)
Add component (AddParameter): Name = "Availability"; Value = "Unavailable"; VariantName = "[No Variations]"
Add component (AddParameter): Name = "MF"; Value = "{'manufacturer': u'Vishay Beyschlag'}"; VariantName = "[No Variations]"
Add component (AddParameter): Name = "MP"; Value = "ACASA1002S1002P1AT"; VariantName = "[No Variations]"
Add component (AddParameter): Name = "Package"; Value = "None"; VariantName = "[No Variations]"
Add component (AddParameter): Name = "Price"; Value = "None"; VariantName = "[No Variations]"
Add component (AddParameter): Name = "Value"; Value = ""; VariantName = "[No Variations]"
Added Pin To Net: NetName=NetC96_1 Pin=R101-7
Added Pin To Net: NetName=NetC88_2 Pin=R101-8
Change Net Name : Old Net Name=NetC81_2 New Net Name=NetC82_2
Change Net Name : Old Net Name=NetC82_1 New Net Name=NetC83_1
Change Net Name : Old Net Name=NetC82_2 New Net Name=NetC83_2
Change Net Name : Old Net Name=NetC83_1 New Net Name=NetC84_1
Change Net Name : Old Net Name=NetC84_2 New Net Name=NetC81_2
Change Net Name : Old Net Name=NetC89_1 New Net Name=NetC90_1
Change Net Name : Old Net Name=NetC90_2 New Net Name=NetC89_2
Change Net Name : Old Net Name=NetR102_1 New Net Name=NetR103_1
Change Net Name : Old Net Name=NetR103_2 New Net Name=NetR104_2
Change Net Name : Old Net Name=NetR106_1 New Net Name=NetR107_1
Change Net Name : Old Net Name=NetR108_1 New Net Name=NetR109_1
Change Net Name : Old Net Name=NetR113_1 New Net Name=NetR114_1
Change Net Name : Old Net Name=NetR115_2 New Net Name=NetR116_2
Added Pin To Net: NetName=NetR101_1 Pin=R101-1
Added Pin To Net: NetName=NetR101_1 Pin=U1-15
Added Net: Name=NetR101_1
Added Pin To Net: NetName=NetR101_2 Pin=R101-2
Added Pin To Net: NetName=NetR101_2 Pin=U1-14
Added Net: Name=NetR101_2
Added Member To Class: ClassName=INV.CTL.V1 Member=Component R117 5.1K/0603
