Change Component Designator: OldDesignator=C9 NewDesignator=C10
Change Component Designator: OldDesignator=C10 NewDesignator=C11
Change Component Designator: OldDesignator=C11 NewDesignator=C13
Change Component Designator: OldDesignator=C12 NewDesignator=C14
Change Component Designator: OldDesignator=C13 NewDesignator=C15
Change Component Designator: OldDesignator=C14 NewDesignator=C16
Change Component Designator: OldDesignator=C15 NewDesignator=C17
Change Component Designator: OldDesignator=C16 NewDesignator=C18
Change Component Designator: OldDesignator=C17 NewDesignator=C19
Change Component Designator: OldDesignator=C18 NewDesignator=C12
Change Component Designator: OldDesignator=C19 NewDesignator=C21
Change Component Designator: OldDesignator=C21 NewDesignator=C22
Change Component Designator: OldDesignator=C22 NewDesignator=C23
Change Component Designator: OldDesignator=C23 NewDesignator=C24
Change Component Designator: OldDesignator=C24 NewDesignator=C25
Change Component Designator: OldDesignator=C25 NewDesignator=C26
Change Component Designator: OldDesignator=C26 NewDesignator=C27
Change Component Designator: OldDesignator=C27 NewDesignator=C28
Change Component Designator: OldDesignator=C28 NewDesignator=C29
Change Component Designator: OldDesignator=C29 NewDesignator=C30
Change Component Designator: OldDesignator=C30 NewDesignator=C31
Change Component Designator: OldDesignator=C31 NewDesignator=C32
Change Component Designator: OldDesignator=C32 NewDesignator=C33
Change Component Designator: OldDesignator=C33 NewDesignator=C34
Change Component Designator: OldDesignator=C34 NewDesignator=C35
Change Component Designator: OldDesignator=C35 NewDesignator=C36
Change Component Designator: OldDesignator=C36 NewDesignator=C37
Change Component Designator: OldDesignator=C37 NewDesignator=C38
Change Component Designator: OldDesignator=C38 NewDesignator=C39
Change Component Designator: OldDesignator=C39 NewDesignator=C41
Change Component Designator: OldDesignator=C40 NewDesignator=C44
Change Component Designator: OldDesignator=C41 NewDesignator=C92
Change Component Designator: OldDesignator=C42 NewDesignator=C45
Change Component Designator: OldDesignator=C43 NewDesignator=C47
Change Component Designator: OldDesignator=C44 NewDesignator=C48
Change Component Designator: OldDesignator=C45 NewDesignator=C49
Change Component Designator: OldDesignator=C46 NewDesignator=C50
Change Component Designator: OldDesignator=C47 NewDesignator=C51
Change Component Designator: OldDesignator=C48 NewDesignator=C95
Change Component Designator: OldDesignator=C49 NewDesignator=C96
Change Component Designator: OldDesignator=C50 NewDesignator=C54
Change Component Designator: OldDesignator=C51 NewDesignator=C55
Change Component Designator: OldDesignator=C52 NewDesignator=C56
Change Component Designator: OldDesignator=C53 NewDesignator=C57
Change Component Designator: OldDesignator=C54 NewDesignator=C59
Change Component Designator: OldDesignator=C55 NewDesignator=C60
Change Component Designator: OldDesignator=C56 NewDesignator=C61
Change Component Designator: OldDesignator=C57 NewDesignator=C46
Change Component Designator: OldDesignator=C58 NewDesignator=C63
Change Component Designator: OldDesignator=C59 NewDesignator=C52
Change Component Designator: OldDesignator=C60 NewDesignator=C53
Change Component Designator: OldDesignator=C61 NewDesignator=C66
Change Component Designator: OldDesignator=C62 NewDesignator=C67
Change Component Designator: OldDesignator=C63 NewDesignator=C69
Change Component Designator: OldDesignator=C64 NewDesignator=C70
Change Component Designator: OldDesignator=C65 NewDesignator=C71
Change Component Designator: OldDesignator=C66 NewDesignator=C72
Change Component Designator: OldDesignator=C67 NewDesignator=C73
Change Component Designator: OldDesignator=C68 NewDesignator=C58
Change Component Designator: OldDesignator=C69 NewDesignator=C74
Change Component Designator: OldDesignator=C70 NewDesignator=C75
Change Component Designator: OldDesignator=C71 NewDesignator=C76
Change Component Designator: OldDesignator=C72 NewDesignator=C77
Change Component Designator: OldDesignator=C73 NewDesignator=C62
Change Component Designator: OldDesignator=C74 NewDesignator=C78
Change Component Designator: OldDesignator=C75 NewDesignator=C79
Change Component Designator: OldDesignator=C76 NewDesignator=C80
Change Component Designator: OldDesignator=C77 NewDesignator=C81
Change Component Designator: OldDesignator=C78 NewDesignator=C82
Change Component Designator: OldDesignator=C79 NewDesignator=C83
Change Component Designator: OldDesignator=C80 NewDesignator=C84
Change Component Designator: OldDesignator=C81 NewDesignator=C85
Change Component Designator: OldDesignator=C82 NewDesignator=C64
Change Component Designator: OldDesignator=C83 NewDesignator=C86
Change Component Designator: OldDesignator=C84 NewDesignator=C65
Change Component Designator: OldDesignator=C85 NewDesignator=C68
Change Component Designator: OldDesignator=C86 NewDesignator=C40
Change Component Designator: OldDesignator=C87 NewDesignator=C89
Change Component Designator: OldDesignator=C88 NewDesignator=C90
Change Component Designator: OldDesignator=C89 NewDesignator=C91
Change Component Designator: OldDesignator=C90 NewDesignator=C93
Change Component Designator: OldDesignator=C91 NewDesignator=C94
Change Component Designator: OldDesignator=C92 NewDesignator=C42
Change Component Designator: OldDesignator=C93 NewDesignator=C43
Change Component Designator: OldDesignator=C94 NewDesignator=C87
Change Component Designator: OldDesignator=C95 NewDesignator=C88
Change Component Designator: OldDesignator=C96 NewDesignator=C97
Change Component Designator: OldDesignator=C97 NewDesignator=C98
Change Component Designator: OldDesignator=C98 NewDesignator=C99
Change Component Designator: OldDesignator=D14 NewDesignator=D15
Change Component Designator: OldDesignator=D15 NewDesignator=D24
Change Component Designator: OldDesignator=D16 NewDesignator=D17
Change Component Designator: OldDesignator=D17 NewDesignator=D18
Change Component Designator: OldDesignator=D18 NewDesignator=D16
Change Component Designator: OldDesignator=D19 NewDesignator=D20
Change Component Designator: OldDesignator=D20 NewDesignator=D21
Change Component Designator: OldDesignator=D21 NewDesignator=D19
Change Component Designator: OldDesignator=D22 NewDesignator=D23
Change Component Designator: OldDesignator=D23 NewDesignator=D14
Change Component Designator: OldDesignator=D24 NewDesignator=D22
Change Component Designator: OldDesignator=R4 NewDesignator=R5
Change Component Designator: OldDesignator=R5 NewDesignator=R4
Change Component Designator: OldDesignator=R35 NewDesignator=R37
Change Component Designator: OldDesignator=R36 NewDesignator=R40
Change Component Designator: OldDesignator=R37 NewDesignator=R42
Change Component Designator: OldDesignator=R38 NewDesignator=R43
Change Component Designator: OldDesignator=R39 NewDesignator=R44
Change Component Designator: OldDesignator=R40 NewDesignator=R45
Change Component Designator: OldDesignator=R41 NewDesignator=R46
Change Component Designator: OldDesignator=R42 NewDesignator=R104
Change Component Designator: OldDesignator=R43 NewDesignator=R47
Change Component Designator: OldDesignator=R44 NewDesignator=R49
Change Component Designator: OldDesignator=R45 NewDesignator=R50
Change Component Designator: OldDesignator=R46 NewDesignator=R51
Change Component Designator: OldDesignator=R47 NewDesignator=R52
Change Component Designator: OldDesignator=R48 NewDesignator=R53
Change Component Designator: OldDesignator=R49 NewDesignator=R107
Change Component Designator: OldDesignator=R50 NewDesignator=R108
Change Component Designator: OldDesignator=R51 NewDesignator=R56
Change Component Designator: OldDesignator=R52 NewDesignator=R109
Change Component Designator: OldDesignator=R53 NewDesignator=R57
Change Component Designator: OldDesignator=R54 NewDesignator=R58
Change Component Designator: OldDesignator=R55 NewDesignator=R59
Change Component Designator: OldDesignator=R56 NewDesignator=R60
Change Component Designator: OldDesignator=R57 NewDesignator=R61
Change Component Designator: OldDesignator=R58 NewDesignator=R110
Change Component Designator: OldDesignator=R59 NewDesignator=R63
Change Component Designator: OldDesignator=R60 NewDesignator=R65
Change Component Designator: OldDesignator=R61 NewDesignator=R111
Change Component Designator: OldDesignator=R62 NewDesignator=R66
Change Component Designator: OldDesignator=R63 NewDesignator=R67
Change Component Designator: OldDesignator=R64 NewDesignator=R68
Change Component Designator: OldDesignator=R65 NewDesignator=R69
Change Component Designator: OldDesignator=R66 NewDesignator=R70
Change Component Designator: OldDesignator=R67 NewDesignator=R71
Change Component Designator: OldDesignator=R68 NewDesignator=R72
Change Component Designator: OldDesignator=R69 NewDesignator=R73
Change Component Designator: OldDesignator=R70 NewDesignator=R48
Change Component Designator: OldDesignator=R71 NewDesignator=R75
Change Component Designator: OldDesignator=R72 NewDesignator=R76
Change Component Designator: OldDesignator=R73 NewDesignator=R77
Change Component Designator: OldDesignator=R74 NewDesignator=R54
Change Component Designator: OldDesignator=R75 NewDesignator=R55
Change Component Designator: OldDesignator=R76 NewDesignator=R62
Change Component Designator: OldDesignator=R77 NewDesignator=R82
Change Component Designator: OldDesignator=R78 NewDesignator=R83
Change Component Designator: OldDesignator=R79 NewDesignator=R64
Change Component Designator: OldDesignator=R80 NewDesignator=R85
Change Component Designator: OldDesignator=R81 NewDesignator=R86
Change Component Designator: OldDesignator=R82 NewDesignator=R87
Change Component Designator: OldDesignator=R83 NewDesignator=R88
Change Component Designator: OldDesignator=R84 NewDesignator=R89
Change Component Designator: OldDesignator=R85 NewDesignator=R74
Change Component Designator: OldDesignator=R86 NewDesignator=R90
Change Component Designator: OldDesignator=R87 NewDesignator=R91
Change Component Designator: OldDesignator=R88 NewDesignator=R92
Change Component Designator: OldDesignator=R89 NewDesignator=R93
Change Component Designator: OldDesignator=R90 NewDesignator=R94
Change Component Designator: OldDesignator=R91 NewDesignator=R95
Change Component Designator: OldDesignator=R92 NewDesignator=R78
Change Component Designator: OldDesignator=R93 NewDesignator=R97
Change Component Designator: OldDesignator=R94 NewDesignator=R79
Change Component Designator: OldDesignator=R95 NewDesignator=R80
Change Component Designator: OldDesignator=R96 NewDesignator=R81
Change Component Designator: OldDesignator=R97 NewDesignator=R84
Change Component Designator: OldDesignator=R98 NewDesignator=R100
Change Component Designator: OldDesignator=R99 NewDesignator=R101
Change Component Designator: OldDesignator=R100 NewDesignator=R102
Change Component Designator: OldDesignator=R101 NewDesignator=R35
Change Component Designator: OldDesignator=R102 NewDesignator=R103
Change Component Designator: OldDesignator=R103 NewDesignator=R105
Change Component Designator: OldDesignator=R104 NewDesignator=R36
Change Component Designator: OldDesignator=R105 NewDesignator=R38
Change Component Designator: OldDesignator=R107 NewDesignator=R39
Change Component Designator: OldDesignator=R108 NewDesignator=R41
Change Component Designator: OldDesignator=R109 NewDesignator=R96
Change Component Designator: OldDesignator=R110 NewDesignator=R98
Change Component Designator: OldDesignator=R111 NewDesignator=R99
Added Component: Designator=C9(CAP-SMD-0603)
Add component (AddParameter): Name = "Value"; Value = "33pF"; VariantName = "[No Variations]"
Added Pin To Net: NetName=GND Pin=C9-1
Added Pin To Net: NetName=+3.3V Pin=C9-2
Change Net Name : Old Net Name=NetC22_2 New Net Name=NetC23_2
Change Net Name : Old Net Name=NetC23_2 New Net Name=NetC24_2
Change Net Name : Old Net Name=NetC24_2 New Net Name=NetC25_2
Change Net Name : Old Net Name=NetC25_2 New Net Name=NetC26_2
Change Net Name : Old Net Name=NetC27_2 New Net Name=NetC28_2
Change Net Name : Old Net Name=NetC29_2 New Net Name=NetC30_2
Change Net Name : Old Net Name=NetC30_2 New Net Name=NetC31_2
Change Net Name : Old Net Name=NetC31_2 New Net Name=NetC32_2
Change Net Name : Old Net Name=NetC32_2 New Net Name=NetC33_2
Change Net Name : Old Net Name=NetC33_2 New Net Name=NetC34_2
Change Net Name : Old Net Name=NetC34_2 New Net Name=NetC35_2
Change Net Name : Old Net Name=NetC35_2 New Net Name=NetC36_2
Change Net Name : Old Net Name=NetC37_2 New Net Name=NetC38_2
Change Net Name : Old Net Name=NetC38_1 New Net Name=NetC39_1
Change Net Name : Old Net Name=NetC40_1 New Net Name=NetC44_1
Change Net Name : Old Net Name=NetC40_2 New Net Name=NetC44_2
Change Net Name : Old Net Name=NetC41_1 New Net Name=NetC92_1
Change Net Name : Old Net Name=NetC41_2 New Net Name=NetC92_2
Change Net Name : Old Net Name=NetC42_1 New Net Name=NetC45_1
Change Net Name : Old Net Name=NetC42_2 New Net Name=NetC45_2
Change Net Name : Old Net Name=NetC44_1 New Net Name=NetC48_1
Change Net Name : Old Net Name=NetC45_2 New Net Name=NetC49_2
Change Net Name : Old Net Name=NetC47_2 New Net Name=NetC51_2
Change Net Name : Old Net Name=NetC48_1 New Net Name=NetC95_1
Change Net Name : Old Net Name=NetC49_1 New Net Name=NetC96_1
Change Net Name : Old Net Name=NetC50_1 New Net Name=NetC54_1
Change Net Name : Old Net Name=NetC50_2 New Net Name=NetC54_2
Change Net Name : Old Net Name=NetC52_1 New Net Name=NetC56_1
Change Net Name : Old Net Name=NetC53_1 New Net Name=NetC57_1
Change Net Name : Old Net Name=NetC55_1 New Net Name=NetC60_1
Change Net Name : Old Net Name=NetC55_2 New Net Name=NetC60_2
Change Net Name : Old Net Name=NetC56_1 New Net Name=NetC61_1
Change Net Name : Old Net Name=NetC57_1 New Net Name=NetC46_1
Change Net Name : Old Net Name=NetC57_2 New Net Name=NetC46_2
Change Net Name : Old Net Name=NetC59_1 New Net Name=NetC52_1
Change Net Name : Old Net Name=NetC60_1 New Net Name=NetC53_1
Change Net Name : Old Net Name=NetC65_1 New Net Name=NetC71_1
Change Net Name : Old Net Name=NetC65_2 New Net Name=NetC71_2
Change Net Name : Old Net Name=NetC66_1 New Net Name=NetC72_1
Change Net Name : Old Net Name=NetC67_2 New Net Name=NetC73_2
Change Net Name : Old Net Name=NetC68_1 New Net Name=NetC58_1
Change Net Name : Old Net Name=NetC68_2 New Net Name=NetC58_2
Change Net Name : Old Net Name=NetC71_2 New Net Name=NetC76_2
Change Net Name : Old Net Name=NetC72_1 New Net Name=NetC77_1
Change Net Name : Old Net Name=NetC82_2 New Net Name=NetC64_2
Change Net Name : Old Net Name=NetC83_1 New Net Name=NetC86_1
Change Net Name : Old Net Name=NetC83_2 New Net Name=NetC86_2
Change Net Name : Old Net Name=NetC84_1 New Net Name=NetC65_1
Change Net Name : Old Net Name=NetC86_1 New Net Name=NetC40_1
Change Net Name : Old Net Name=NetC86_2 New Net Name=NetC40_2
Change Net Name : Old Net Name=NetC88_2 New Net Name=NetC90_2
Change Net Name : Old Net Name=NetC89_2 New Net Name=NetC91_2
Change Net Name : Old Net Name=NetC92_2 New Net Name=NetC42_2
Change Net Name : Old Net Name=NetC93_1 New Net Name=NetC43_1
Change Net Name : Old Net Name=NetC94_2 New Net Name=NetC87_2
Change Net Name : Old Net Name=NetC95_1 New Net Name=NetC88_1
Change Net Name : Old Net Name=NetC96_1 New Net Name=NetC97_1
Change Net Name : Old Net Name=NetC96_2 New Net Name=NetC97_2
Change Net Name : Old Net Name=NetC97_1 New Net Name=NetC98_1
Change Net Name : Old Net Name=NetC98_1 New Net Name=NetC99_1
Change Net Name : Old Net Name=NetR35_1 New Net Name=NetR37_1
Change Net Name : Old Net Name=NetR36_1 New Net Name=NetR40_1
Change Net Name : Old Net Name=NetR36_2 New Net Name=NetR40_2
Change Net Name : Old Net Name=NetR36_3 New Net Name=NetR40_3
Change Net Name : Old Net Name=NetR36_4 New Net Name=NetR40_4
Change Net Name : Old Net Name=NetR36_5 New Net Name=NetR40_5
Change Net Name : Old Net Name=NetR36_6 New Net Name=NetR40_6
Change Net Name : Old Net Name=NetR36_7 New Net Name=NetR40_7
Change Net Name : Old Net Name=NetR36_8 New Net Name=NetR40_8
Change Net Name : Old Net Name=NetR37_2 New Net Name=NetR42_2
Change Net Name : Old Net Name=NetR38_2 New Net Name=NetR43_2
Change Net Name : Old Net Name=NetR39_2 New Net Name=NetR44_2
Change Net Name : Old Net Name=NetR40_2 New Net Name=NetR45_2
Change Net Name : Old Net Name=NetR43_2 New Net Name=NetR47_2
Change Net Name : Old Net Name=NetR46_5 New Net Name=NetR51_5
Change Net Name : Old Net Name=NetR46_6 New Net Name=NetR51_6
Change Net Name : Old Net Name=NetR46_7 New Net Name=NetR51_7
Change Net Name : Old Net Name=NetR46_8 New Net Name=NetR51_8
Change Net Name : Old Net Name=NetR47_1 New Net Name=NetR52_1
Change Net Name : Old Net Name=NetR47_2 New Net Name=NetR52_2
Change Net Name : Old Net Name=NetR47_3 New Net Name=NetR52_3
Change Net Name : Old Net Name=NetR47_4 New Net Name=NetR52_4
Change Net Name : Old Net Name=NetR51_1 New Net Name=NetR56_1
Change Net Name : Old Net Name=NetR51_4 New Net Name=NetR56_4
Change Net Name : Old Net Name=NetR59_2 New Net Name=NetR63_2
Change Net Name : Old Net Name=NetR62_1 New Net Name=NetR66_1
Change Net Name : Old Net Name=NetR71_1 New Net Name=NetR75_1
Change Net Name : Old Net Name=NetR78_1 New Net Name=NetR83_1
Change Net Name : Old Net Name=NetR80_2 New Net Name=NetR85_2
Change Net Name : Old Net Name=NetR98_5 New Net Name=NetR100_5
Change Net Name : Old Net Name=NetR98_8 New Net Name=NetR100_8
Change Net Name : Old Net Name=NetR100_1 New Net Name=NetR102_1
Change Net Name : Old Net Name=NetR102_2 New Net Name=NetR103_2
Change Net Name : Old Net Name=NetR109_1 New Net Name=NetR96_1
Added Member To Class: ClassName=INV.CTL.V1 Member=Component C99 0603
