Removed Pin From Net: NetName=NetC41_2 Pin=U6-1
Removed Pin From Net: NetName=NetC41_1 Pin=U6-2
Removed Pin From Net: NetName=NetC49_1 Pin=U6-3
Removed Pin From Net: NetName=NetC62_1 Pin=U6-5
Removed Pin From Net: NetName=NetC60_1 Pin=U6-6
Removed Pin From Net: NetName=NetC60_2 Pin=U6-7
Removed Pin From Net: NetName=NetC71_1 Pin=U6-8
Removed Pin From Net: NetName=NetC71_2 Pin=U6-9
Removed Pin From Net: NetName=NetC82_2 Pin=U6-10
Removed Pin From Net: NetName=NetC93_2 Pin=U6-12
Removed Pin From Net: NetName=NetR109_1 Pin=U6-13
Removed Pin From Net: NetName=NetR109_1 Pin=U6-14
Change Component Designator: OldDesignator=C11 NewDesignator=C18
Change Component Designator: OldDesignator=C12 NewDesignator=C11
Change Component Designator: OldDesignator=C13 NewDesignator=C12
Change Component Designator: OldDesignator=C14 NewDesignator=C13
Change Component Designator: OldDesignator=C15 NewDesignator=C14
Change Component Designator: OldDesignator=C16 NewDesignator=C15
Change Component Designator: OldDesignator=C17 NewDesignator=C16
Change Component Designator: OldDesignator=C18 NewDesignator=C17
Change Component Designator: OldDesignator=C44 NewDesignator=C72
Change Component Designator: OldDesignator=C45 NewDesignator=C44
Change Component Designator: OldDesignator=C46 NewDesignator=C45
Change Component Designator: OldDesignator=C47 NewDesignator=C46
Change Component Designator: OldDesignator=C48 NewDesignator=C47
Change Component Designator: OldDesignator=C49 NewDesignator=C48
Change Component Designator: OldDesignator=C50 NewDesignator=C49
Change Component Designator: OldDesignator=C51 NewDesignator=C50
Change Component Designator: OldDesignator=C52 NewDesignator=C51
Change Component Designator: OldDesignator=C53 NewDesignator=C84
Change Component Designator: OldDesignator=C54 NewDesignator=C52
Change Component Designator: OldDesignator=C55 NewDesignator=C53
Change Component Designator: OldDesignator=C56 NewDesignator=C54
Change Component Designator: OldDesignator=C57 NewDesignator=C55
Change Component Designator: OldDesignator=C58 NewDesignator=C56
Change Component Designator: OldDesignator=C59 NewDesignator=C57
Change Component Designator: OldDesignator=C60 NewDesignator=C58
Change Component Designator: OldDesignator=C61 NewDesignator=C59
Change Component Designator: OldDesignator=C62 NewDesignator=C60
Change Component Designator: OldDesignator=C63 NewDesignator=C61
Change Component Designator: OldDesignator=C64 NewDesignator=C62
Change Component Designator: OldDesignator=C65 NewDesignator=C63
Change Component Designator: OldDesignator=C66 NewDesignator=C64
Change Component Designator: OldDesignator=C67 NewDesignator=C65
Change Component Designator: OldDesignator=C68 NewDesignator=C66
Change Component Designator: OldDesignator=C69 NewDesignator=C67
Change Component Designator: OldDesignator=C70 NewDesignator=C68
Change Component Designator: OldDesignator=C71 NewDesignator=C69
Change Component Designator: OldDesignator=C72 NewDesignator=C70
Change Component Designator: OldDesignator=C73 NewDesignator=C71
Change Component Designator: OldDesignator=C74 NewDesignator=C73
Change Component Designator: OldDesignator=C75 NewDesignator=C74
Change Component Designator: OldDesignator=C76 NewDesignator=C75
Change Component Designator: OldDesignator=C77 NewDesignator=C76
Change Component Designator: OldDesignator=C78 NewDesignator=C77
Change Component Designator: OldDesignator=C79 NewDesignator=C78
Change Component Designator: OldDesignator=C80 NewDesignator=C79
Change Component Designator: OldDesignator=C81 NewDesignator=C80
Change Component Designator: OldDesignator=C82 NewDesignator=C81
Change Component Designator: OldDesignator=C83 NewDesignator=C82
Change Component Designator: OldDesignator=C84 NewDesignator=C83
Change Component Designator: OldDesignator=R85 NewDesignator=R86
Change Component Designator: OldDesignator=R86 NewDesignator=R87
Change Component Designator: OldDesignator=R87 NewDesignator=R88
Change Component Designator: OldDesignator=R88 NewDesignator=R89
Change Component Designator: OldDesignator=R89 NewDesignator=R85
Added Pin To Net: NetName=NetC71_1 Pin=U6-1
Added Pin To Net: NetName=NetC71_2 Pin=U6-2
Added Pin To Net: NetName=NetC82_2 Pin=U6-3
Added Pin To Net: NetName=NetC93_2 Pin=U6-5
Added Pin To Net: NetName=NetR109_1 Pin=U6-6
Added Pin To Net: NetName=NetR109_1 Pin=U6-7
Added Pin To Net: NetName=NetC41_2 Pin=U6-8
Added Pin To Net: NetName=NetC41_1 Pin=U6-9
Added Pin To Net: NetName=NetC49_1 Pin=U6-10
Added Pin To Net: NetName=NetC62_1 Pin=U6-12
Added Pin To Net: NetName=NetC60_1 Pin=U6-13
Added Pin To Net: NetName=NetC60_2 Pin=U6-14
Change Net Name : Old Net Name=NetC45_2 New Net Name=NetC44_2
Change Net Name : Old Net Name=NetC48_2 New Net Name=NetC47_2
Change Net Name : Old Net Name=NetC49_1 New Net Name=NetC48_1
Change Net Name : Old Net Name=NetC50_1 New Net Name=NetC49_1
Change Net Name : Old Net Name=NetC51_1 New Net Name=NetC50_1
Change Net Name : Old Net Name=NetC51_2 New Net Name=NetC50_2
Change Net Name : Old Net Name=NetC54_1 New Net Name=NetC52_1
Change Net Name : Old Net Name=NetC55_1 New Net Name=NetC53_1
Change Net Name : Old Net Name=NetC59_1 New Net Name=NetC57_1
Change Net Name : Old Net Name=NetC60_1 New Net Name=NetC58_1
Change Net Name : Old Net Name=NetC60_2 New Net Name=NetC58_2
Change Net Name : Old Net Name=NetC61_1 New Net Name=NetC59_1
Change Net Name : Old Net Name=NetC61_2 New Net Name=NetC59_2
Change Net Name : Old Net Name=NetC62_1 New Net Name=NetC60_1
Change Net Name : Old Net Name=NetC63_1 New Net Name=NetC61_1
Change Net Name : Old Net Name=NetC68_1 New Net Name=NetC66_1
Change Net Name : Old Net Name=NetC68_2 New Net Name=NetC66_2
Change Net Name : Old Net Name=NetC69_1 New Net Name=NetC67_1
Change Net Name : Old Net Name=NetC70_2 New Net Name=NetC68_2
Change Net Name : Old Net Name=NetC71_1 New Net Name=NetC69_1
Change Net Name : Old Net Name=NetC71_2 New Net Name=NetC69_2
Change Net Name : Old Net Name=NetC72_2 New Net Name=NetC70_2
Change Net Name : Old Net Name=NetC73_1 New Net Name=NetC71_1
Change Net Name : Old Net Name=NetC82_2 New Net Name=NetC81_2
Change Net Name : Old Net Name=NetC83_1 New Net Name=NetC82_1
Change Net Name : Old Net Name=NetC83_2 New Net Name=NetC82_2
Change Net Name : Old Net Name=NetC84_1 New Net Name=NetC83_1
Added Member To Class: ClassName=INV.CTL.V1 Member=Component C13 104/0603
Added Member To Class: ClassName=INV.CTL.V1 Member=Component C14 104/0603
Added Member To Class: ClassName=INV.CTL.V1 Member=Component C15 104/0603
Added Member To Class: ClassName=INV.CTL.V1 Member=Component C16 104/0603
Added Member To Class: ClassName=INV.CTL.V1 Member=Component C17 104/0603
Added Member To Class: ClassName=INV.CTL.V1 Member=Component C18 104/0603
