Added Member To Class: ClassName=INV.CTL.V1 Member=Component C2 104/0603
Added Member To Class: ClassName=INV.CTL.V1 Member=Component C3 104/0603
Added Member To Class: ClassName=INV.CTL.V1 Member=Component C5 104/0603
Added Member To Class: ClassName=INV.CTL.V1 Member=Component C6 0603
Added Member To Class: ClassName=INV.CTL.V1 Member=Component C11 104/0603
Added Member To Class: ClassName=INV.CTL.V1 Member=Component C13 104/0603
Added Member To Class: ClassName=INV.CTL.V1 Member=Component C15 104/0603
Added Member To Class: ClassName=INV.CTL.V1 Member=Component C17 104/0603
Added Member To Class: ClassName=INV.CTL.V1 Member=Component C23 0603
Added Member To Class: ClassName=INV.CTL.V1 Member=Component C25 104/0603
Added Member To Class: ClassName=INV.CTL.V1 Member=Component C29 0603
Added Member To Class: ClassName=INV.CTL.V1 Member=Component C30 0603
Added Member To Class: ClassName=INV.CTL.V1 Member=Component C34 0603
Added Member To Class: ClassName=INV.CTL.V1 Member=Component C38 0603
Added Member To Class: ClassName=INV.CTL.V1 Member=Component C40 0603
Added Member To Class: ClassName=INV.CTL.V1 Member=Component C42 0603
Added Member To Class: ClassName=INV.CTL.V1 Member=Component C44 0603
Added Member To Class: ClassName=INV.CTL.V1 Member=Component C46 0603
Added Member To Class: ClassName=INV.CTL.V1 Member=Component C48 0603
Added Member To Class: ClassName=INV.CTL.V1 Member=Component C50 0603
Added Member To Class: ClassName=INV.CTL.V1 Member=Component C52 0603
Added Member To Class: ClassName=INV.CTL.V1 Member=Component C54 0603
Added Member To Class: ClassName=INV.CTL.V1 Member=Component C56 0603
Added Member To Class: ClassName=INV.CTL.V1 Member=Component C58 0603
Added Member To Class: ClassName=INV.CTL.V1 Member=Component C60 0603
Added Member To Class: ClassName=INV.CTL.V1 Member=Component C62 0805
Added Member To Class: ClassName=INV.CTL.V1 Member=Component C64 0603
Added Member To Class: ClassName=INV.CTL.V1 Member=Component C66 0603
Added Member To Class: ClassName=INV.CTL.V1 Member=Component C70 104/0603
Added Member To Class: ClassName=INV.CTL.V1 Member=Component C72 0603
Added Member To Class: ClassName=INV.CTL.V1 Member=Component C74 0603
Added Member To Class: ClassName=INV.CTL.V1 Member=Component C76 0603
Added Member To Class: ClassName=INV.CTL.V1 Member=Component C78 0803
Added Member To Class: ClassName=INV.CTL.V1 Member=Component C80 0603
Added Member To Class: ClassName=INV.CTL.V1 Member=Component C82 0805
Added Member To Class: ClassName=INV.CTL.V1 Member=Component C84 0805
Added Member To Class: ClassName=INV.CTL.V1 Member=Component C86 0603
Added Member To Class: ClassName=INV.CTL.V1 Member=Component C88 0603
Added Member To Class: ClassName=INV.CTL.V1 Member=Component C90 0603
Added Member To Class: ClassName=INV.CTL.V1 Member=Component C92 0603
Added Member To Class: ClassName=INV.CTL.V1 Member=Component C94 0603
Added Member To Class: ClassName=INV.CTL.V1 Member=Component C96 0603
Added Member To Class: ClassName=INV.CTL.V1 Member=Component C98 0603
Added Member To Class: ClassName=INV.CTL.V1 Member=Component C99 0603
Added Member To Class: ClassName=INV.CTL.V1 Member=Component C100 0603
Added Member To Class: ClassName=INV.CTL.V1 Member=Component R4 5.1K/1206
Added Member To Class: ClassName=INV.CTL.V1 Member=Component R6 10R/0603
Added Member To Class: ClassName=INV.CTL.V1 Member=Component R8 1K/0603
Added Member To Class: ClassName=INV.CTL.V1 Member=Component R10 10R/1206
Added Member To Class: ClassName=INV.CTL.V1 Member=Component R11 10R/1206
Added Member To Class: ClassName=INV.CTL.V1 Member=Component R14 1K/0603
Added Member To Class: ClassName=INV.CTL.V1 Member=Component R17 10K/0603
Added Member To Class: ClassName=INV.CTL.V1 Member=Component R20 1K/0603
Added Member To Class: ClassName=INV.CTL.V1 Member=Component R23 1K/0603
Added Member To Class: ClassName=INV.CTL.V1 Member=Component R25 1K/0603
Added Member To Class: ClassName=INV.CTL.V1 Member=Component R26 1K/0603
Added Member To Class: ClassName=INV.CTL.V1 Member=Component R27 5.1K/0603
Added Member To Class: ClassName=INV.CTL.V1 Member=Component R29 100R/0603
Added Member To Class: ClassName=INV.CTL.V1 Member=Component R30 1K/0603
Added Member To Class: ClassName=INV.CTL.V1 Member=Component R32 5.1K/1206
Added Member To Class: ClassName=INV.CTL.V1 Member=Component R35 10K/0603
Added Member To Class: ClassName=INV.CTL.V1 Member=Component R37 10R/0603
Added Member To Class: ClassName=INV.CTL.V1 Member=Component R41 1K/0603
Added Member To Class: ClassName=INV.CTL.V1 Member=Component R45 10R/1206
Added Member To Class: ClassName=INV.CTL.V1 Member=Component R48 499R/0603
Added Member To Class: ClassName=INV.CTL.V1 Member=Component R50 100K/0603
Added Member To Class: ClassName=INV.CTL.V1 Member=Component R52 10R/0603
Added Member To Class: ClassName=INV.CTL.V1 Member=Component R54 5.1K/0603
Added Member To Class: ClassName=INV.CTL.V1 Member=Component R56 10R/0603
Added Member To Class: ClassName=INV.CTL.V1 Member=Component R59 220R/0603
Added Member To Class: ClassName=INV.CTL.V1 Member=Component R62 5.1K/0603
Added Member To Class: ClassName=INV.CTL.V1 Member=Component R65 5.1K/0603
Added Member To Class: ClassName=INV.CTL.V1 Member=Component R68 5.1K/0603
Added Member To Class: ClassName=INV.CTL.V1 Member=Component R71 30K/0603
Added Member To Class: ClassName=INV.CTL.V1 Member=Component R74 1.2K/0603
Added Member To Class: ClassName=INV.CTL.V1 Member=Component R76 10R/0603
Added Member To Class: ClassName=INV.CTL.V1 Member=Component R78 10K/0603
Added Member To Class: ClassName=INV.CTL.V1 Member=Component R81 120R
Added Member To Class: ClassName=INV.CTL.V1 Member=Component R82 30K/0603
Added Member To Class: ClassName=INV.CTL.V1 Member=Component R85 10K/0603
Added Member To Class: ClassName=INV.CTL.V1 Member=Component R87 10K/0603
Added Member To Class: ClassName=INV.CTL.V1 Member=Component R90 10K/0603
Added Member To Class: ClassName=INV.CTL.V1 Member=Component R93 30K/0603
Added Member To Class: ClassName=INV.CTL.V1 Member=Component R99 1K/0603
Added Member To Class: ClassName=INV.CTL.V1 Member=Component R101 560K/0603
Added Member To Class: ClassName=INV.CTL.V1 Member=Component R105 10K/0603
Added Member To Class: ClassName=INV.CTL.V1 Member=Component R110 10R/0603
Added Member To Class: ClassName=INV.CTL.V1 Member=Component R112 10K/0603
Added Member To Class: ClassName=INV.CTL.V1 Member=Component R113 100K/0603
Added Member To Class: ClassName=INV.CTL.V1 Member=Component U3 SN74ACT08DR
Added Member To Class: ClassName=INV.CTL.V1 Member=Component U9 SN74ACT14DRG4
Added Member To Class: ClassName=INV.CTL.V1 Member=Component U10 SN74ACT08DR
Added Member To Class: ClassName=INV.CTL.V1 Member=Component U13 LM1117B-1.2V
