Removed Member From Class: ClassName=INV.CTL.V1 Member=C101
Removed Member From Class: ClassName=INV.CTL.V1 Member=C102
Removed Member From Class: ClassName=INV.CTL.V1 Member=R114
Change Component Designator: OldDesignator=C2 NewDesignator=C3
Change Component Designator: OldDesignator=C3 NewDesignator=C4
Change Component Designator: OldDesignator=C4 NewDesignator=C5
Change Component Designator: OldDesignator=C5 NewDesignator=C6
Change Component Designator: OldDesignator=C6 NewDesignator=C7
Change Component Designator: OldDesignator=C9 NewDesignator=C8
Change Component Designator: OldDesignator=C10 NewDesignator=C9
Change Component Designator: OldDesignator=C11 NewDesignator=C10
Change Component Designator: OldDesignator=C12 NewDesignator=C11
Change Component Designator: OldDesignator=C13 NewDesignator=C12
Change Component Designator: OldDesignator=C15 NewDesignator=C20
Change Component Designator: OldDesignator=C16 NewDesignator=C13
Change Component Designator: OldDesignator=C17 NewDesignator=C14
Change Component Designator: OldDesignator=C18 NewDesignator=C15
Change Component Designator: OldDesignator=C19 NewDesignator=C16
Change Component Designator: OldDesignator=C20 NewDesignator=C17
Change Component Designator: OldDesignator=C22 NewDesignator=C18
Change Component Designator: OldDesignator=C23 NewDesignator=C19
Change Component Designator: OldDesignator=C24 NewDesignator=C21
Change Component Designator: OldDesignator=C25 NewDesignator=C22
Change Component Designator: OldDesignator=C26 NewDesignator=C23
Change Component Designator: OldDesignator=C27 NewDesignator=C24
Change Component Designator: OldDesignator=C28 NewDesignator=C25
Change Component Designator: OldDesignator=C29 NewDesignator=C26
Change Component Designator: OldDesignator=C30 NewDesignator=C27
Change Component Designator: OldDesignator=C31 NewDesignator=C28
Change Component Designator: OldDesignator=C32 NewDesignator=C29
Change Component Designator: OldDesignator=C33 NewDesignator=C30
Change Component Designator: OldDesignator=C34 NewDesignator=C31
Change Component Designator: OldDesignator=C35 NewDesignator=C32
Change Component Designator: OldDesignator=C36 NewDesignator=C33
Change Component Designator: OldDesignator=C37 NewDesignator=C34
Change Component Designator: OldDesignator=C38 NewDesignator=C35
Change Component Designator: OldDesignator=C39 NewDesignator=C36
Change Component Designator: OldDesignator=C40 NewDesignator=C37
Change Component Designator: OldDesignator=C41 NewDesignator=C38
Change Component Designator: OldDesignator=C42 NewDesignator=C39
Change Component Designator: OldDesignator=C43 NewDesignator=C40
Change Component Designator: OldDesignator=C44 NewDesignator=C41
Change Component Designator: OldDesignator=C45 NewDesignator=C42
Change Component Designator: OldDesignator=C46 NewDesignator=C43
Change Component Designator: OldDesignator=C47 NewDesignator=C44
Change Component Designator: OldDesignator=C48 NewDesignator=C45
Change Component Designator: OldDesignator=C49 NewDesignator=C46
Change Component Designator: OldDesignator=C50 NewDesignator=C47
Change Component Designator: OldDesignator=C51 NewDesignator=C48
Change Component Designator: OldDesignator=C52 NewDesignator=C49
Change Component Designator: OldDesignator=C53 NewDesignator=C50
Change Component Designator: OldDesignator=C54 NewDesignator=C51
Change Component Designator: OldDesignator=C55 NewDesignator=C52
Change Component Designator: OldDesignator=C56 NewDesignator=C53
Change Component Designator: OldDesignator=C57 NewDesignator=C54
Change Component Designator: OldDesignator=C58 NewDesignator=C55
Change Component Designator: OldDesignator=C59 NewDesignator=C56
Change Component Designator: OldDesignator=C60 NewDesignator=C57
Change Component Designator: OldDesignator=C61 NewDesignator=C58
Change Component Designator: OldDesignator=C62 NewDesignator=C59
Change Component Designator: OldDesignator=C63 NewDesignator=C60
Change Component Designator: OldDesignator=C64 NewDesignator=C61
Change Component Designator: OldDesignator=C65 NewDesignator=C62
Change Component Designator: OldDesignator=C66 NewDesignator=C63
Change Component Designator: OldDesignator=C67 NewDesignator=C64
Change Component Designator: OldDesignator=C70 NewDesignator=C65
Change Component Designator: OldDesignator=C71 NewDesignator=C70
Change Component Designator: OldDesignator=C72 NewDesignator=C71
Change Component Designator: OldDesignator=C73 NewDesignator=C66
Change Component Designator: OldDesignator=C74 NewDesignator=C67
Change Component Designator: OldDesignator=C75 NewDesignator=C72
Change Component Designator: OldDesignator=C76 NewDesignator=C73
Change Component Designator: OldDesignator=C77 NewDesignator=C74
Change Component Designator: OldDesignator=C78 NewDesignator=C75
Change Component Designator: OldDesignator=C79 NewDesignator=C76
Change Component Designator: OldDesignator=C80 NewDesignator=C77
Change Component Designator: OldDesignator=C81 NewDesignator=C78
Change Component Designator: OldDesignator=C82 NewDesignator=C83
Change Component Designator: OldDesignator=C83 NewDesignator=C84
Change Component Designator: OldDesignator=C84 NewDesignator=C85
Change Component Designator: OldDesignator=C85 NewDesignator=C86
Change Component Designator: OldDesignator=C86 NewDesignator=C79
Change Component Designator: OldDesignator=C87 NewDesignator=C80
Change Component Designator: OldDesignator=C88 NewDesignator=C81
Change Component Designator: OldDesignator=C89 NewDesignator=C82
Change Component Designator: OldDesignator=C90 NewDesignator=C87
Change Component Designator: OldDesignator=C91 NewDesignator=C88
Change Component Designator: OldDesignator=C92 NewDesignator=C89
Change Component Designator: OldDesignator=C93 NewDesignator=C90
Change Component Designator: OldDesignator=C94 NewDesignator=C91
Change Component Designator: OldDesignator=C95 NewDesignator=C92
Change Component Designator: OldDesignator=C96 NewDesignator=C93
Change Component Designator: OldDesignator=C97 NewDesignator=C94
Change Component Designator: OldDesignator=C98 NewDesignator=C95
Change Component Designator: OldDesignator=C99 NewDesignator=C96
Change Component Designator: OldDesignator=C100 NewDesignator=C97
Change Component Designator: OldDesignator=C101 NewDesignator=C98
Change Component Designator: OldDesignator=C102 NewDesignator=C99
Change Component Designator: OldDesignator=C103 NewDesignator=C100
Change Component Designator: OldDesignator=R4 NewDesignator=R3
Change Component Designator: OldDesignator=R5 NewDesignator=R4
Change Component Designator: OldDesignator=R6 NewDesignator=R5
Change Component Designator: OldDesignator=R7 NewDesignator=R6
Change Component Designator: OldDesignator=R8 NewDesignator=R7
Change Component Designator: OldDesignator=R9 NewDesignator=R8
Change Component Designator: OldDesignator=R10 NewDesignator=R9
Change Component Designator: OldDesignator=R11 NewDesignator=R10
Change Component Designator: OldDesignator=R12 NewDesignator=R11
Change Component Designator: OldDesignator=R13 NewDesignator=R12
Change Component Designator: OldDesignator=R14 NewDesignator=R13
Change Component Designator: OldDesignator=R15 NewDesignator=R14
Change Component Designator: OldDesignator=R16 NewDesignator=R15
Change Component Designator: OldDesignator=R17 NewDesignator=R16
Change Component Designator: OldDesignator=R18 NewDesignator=R17
Change Component Designator: OldDesignator=R19 NewDesignator=R18
Change Component Designator: OldDesignator=R20 NewDesignator=R19
Change Component Designator: OldDesignator=R21 NewDesignator=R20
Change Component Designator: OldDesignator=R22 NewDesignator=R21
Change Component Designator: OldDesignator=R23 NewDesignator=R22
Change Component Designator: OldDesignator=R24 NewDesignator=R23
Change Component Designator: OldDesignator=R25 NewDesignator=R24
Change Component Designator: OldDesignator=R26 NewDesignator=R25
Change Component Designator: OldDesignator=R27 NewDesignator=R26
Change Component Designator: OldDesignator=R28 NewDesignator=R27
Change Component Designator: OldDesignator=R29 NewDesignator=R28
Change Component Designator: OldDesignator=R30 NewDesignator=R29
Change Component Designator: OldDesignator=R31 NewDesignator=R30
Change Component Designator: OldDesignator=R32 NewDesignator=R31
Change Component Designator: OldDesignator=R33 NewDesignator=R32
Change Component Designator: OldDesignator=R34 NewDesignator=R33
Change Component Designator: OldDesignator=R35 NewDesignator=R34
Change Component Designator: OldDesignator=R36 NewDesignator=R35
Change Component Designator: OldDesignator=R37 NewDesignator=R36
Change Component Designator: OldDesignator=R38 NewDesignator=R37
Change Component Designator: OldDesignator=R39 NewDesignator=R38
Change Component Designator: OldDesignator=R40 NewDesignator=R39
Change Component Designator: OldDesignator=R41 NewDesignator=R40
Change Component Designator: OldDesignator=R42 NewDesignator=R41
Change Component Designator: OldDesignator=R43 NewDesignator=R42
Change Component Designator: OldDesignator=R44 NewDesignator=R43
Change Component Designator: OldDesignator=R45 NewDesignator=R44
Change Component Designator: OldDesignator=R46 NewDesignator=R45
Change Component Designator: OldDesignator=R47 NewDesignator=R46
Change Component Designator: OldDesignator=R48 NewDesignator=R47
Change Component Designator: OldDesignator=R49 NewDesignator=R48
Change Component Designator: OldDesignator=R50 NewDesignator=R49
Change Component Designator: OldDesignator=R51 NewDesignator=R50
Change Component Designator: OldDesignator=R52 NewDesignator=R51
Change Component Designator: OldDesignator=R53 NewDesignator=R52
Change Component Designator: OldDesignator=R54 NewDesignator=R53
Change Component Designator: OldDesignator=R55 NewDesignator=R54
Change Component Designator: OldDesignator=R56 NewDesignator=R55
Change Component Designator: OldDesignator=R57 NewDesignator=R56
Change Component Designator: OldDesignator=R58 NewDesignator=R57
Change Component Designator: OldDesignator=R59 NewDesignator=R58
Change Component Designator: OldDesignator=R60 NewDesignator=R59
Change Component Designator: OldDesignator=R61 NewDesignator=R60
Change Component Designator: OldDesignator=R62 NewDesignator=R61
Change Component Designator: OldDesignator=R63 NewDesignator=R62
Change Component Designator: OldDesignator=R64 NewDesignator=R63
Change Component Designator: OldDesignator=R65 NewDesignator=R64
Change Component Designator: OldDesignator=R66 NewDesignator=R65
Change Component Designator: OldDesignator=R67 NewDesignator=R66
Change Component Designator: OldDesignator=R68 NewDesignator=R67
Change Component Designator: OldDesignator=R69 NewDesignator=R68
Change Component Designator: OldDesignator=R70 NewDesignator=R69
Change Component Designator: OldDesignator=R71 NewDesignator=R70
Change Component Designator: OldDesignator=R72 NewDesignator=R71
Change Component Designator: OldDesignator=R73 NewDesignator=R72
Change Component Designator: OldDesignator=R74 NewDesignator=R73
Change Component Designator: OldDesignator=R75 NewDesignator=R74
Change Component Designator: OldDesignator=R76 NewDesignator=R75
Change Component Designator: OldDesignator=R77 NewDesignator=R76
Change Component Designator: OldDesignator=R78 NewDesignator=R77
Change Component Designator: OldDesignator=R79 NewDesignator=R78
Change Component Designator: OldDesignator=R80 NewDesignator=R81
Change Component Designator: OldDesignator=R81 NewDesignator=R79
Change Component Designator: OldDesignator=R82 NewDesignator=R80
Change Component Designator: OldDesignator=R83 NewDesignator=R82
Change Component Designator: OldDesignator=R84 NewDesignator=R83
Change Component Designator: OldDesignator=R85 NewDesignator=R84
Change Component Designator: OldDesignator=R86 NewDesignator=R85
Change Component Designator: OldDesignator=R87 NewDesignator=R86
Change Component Designator: OldDesignator=R88 NewDesignator=R87
Change Component Designator: OldDesignator=R89 NewDesignator=R88
Change Component Designator: OldDesignator=R90 NewDesignator=R89
Change Component Designator: OldDesignator=R91 NewDesignator=R90
Change Component Designator: OldDesignator=R92 NewDesignator=R91
Change Component Designator: OldDesignator=R93 NewDesignator=R92
Change Component Designator: OldDesignator=R94 NewDesignator=R93
Change Component Designator: OldDesignator=R95 NewDesignator=R94
Change Component Designator: OldDesignator=R96 NewDesignator=R95
Change Component Designator: OldDesignator=R97 NewDesignator=R96
Change Component Designator: OldDesignator=R98 NewDesignator=R97
Change Component Designator: OldDesignator=R99 NewDesignator=R98
Change Component Designator: OldDesignator=R100 NewDesignator=R99
Change Component Designator: OldDesignator=R101 NewDesignator=R100
Change Component Designator: OldDesignator=R102 NewDesignator=R101
Change Component Designator: OldDesignator=R103 NewDesignator=R102
Change Component Designator: OldDesignator=R104 NewDesignator=R103
Change Component Designator: OldDesignator=R105 NewDesignator=R104
Change Component Designator: OldDesignator=R106 NewDesignator=R105
Change Component Designator: OldDesignator=R107 NewDesignator=R106
Change Component Designator: OldDesignator=R108 NewDesignator=R107
Change Component Designator: OldDesignator=R109 NewDesignator=R108
Change Component Designator: OldDesignator=R110 NewDesignator=R109
Change Component Designator: OldDesignator=R111 NewDesignator=R110
Change Component Designator: OldDesignator=R112 NewDesignator=R111
Change Component Designator: OldDesignator=R113 NewDesignator=R112
Change Component Designator: OldDesignator=R114 NewDesignator=R113
Change Component Designator: OldDesignator=U3 NewDesignator=U2
Change Component Designator: OldDesignator=U8 NewDesignator=U3
Change Component Designator: OldDesignator=U9 NewDesignator=U8
Change Component Designator: OldDesignator=U10 NewDesignator=U9
Change Component Designator: OldDesignator=U11 NewDesignator=U10
Change Component Designator: OldDesignator=U12 NewDesignator=U11
Change Component Designator: OldDesignator=U13 NewDesignator=U12
Change Component Designator: OldDesignator=U14 NewDesignator=U13
Change Component Designator: OldDesignator=U15 NewDesignator=U14
Added Component: Designator=C2(CAP-SMD-0603)
Add component (AddParameter): Name = "Value"; Value = "33pF"; VariantName = "[No Variations]"
Added Pin To Net: NetName=GND Pin=C2-1
Added Pin To Net: NetName=+1.2V Pin=C2-2
Change Net Name : Old Net Name=NetC5_1 New Net Name=NetC6_1
Change Net Name : Old Net Name=NetC6_1 New Net Name=NetC7_1
Change Net Name : Old Net Name=NetC25_2 New Net Name=NetC22_2
Change Net Name : Old Net Name=NetC27_2 New Net Name=NetC24_2
Change Net Name : Old Net Name=NetC28_2 New Net Name=NetC25_2
Change Net Name : Old Net Name=NetC29_2 New Net Name=NetC26_2
Change Net Name : Old Net Name=NetC30_2 New Net Name=NetC27_2
Change Net Name : Old Net Name=NetC32_2 New Net Name=NetC29_2
Change Net Name : Old Net Name=NetC34_2 New Net Name=NetC31_2
Change Net Name : Old Net Name=NetC35_2 New Net Name=NetC32_2
Change Net Name : Old Net Name=NetC36_2 New Net Name=NetC33_2
Change Net Name : Old Net Name=NetC37_2 New Net Name=NetC34_2
Change Net Name : Old Net Name=NetC38_2 New Net Name=NetC35_2
Change Net Name : Old Net Name=NetC39_2 New Net Name=NetC36_2
Change Net Name : Old Net Name=NetC40_2 New Net Name=NetC37_2
Change Net Name : Old Net Name=NetC42_2 New Net Name=NetC39_2
Change Net Name : Old Net Name=NetC43_1 New Net Name=NetC40_1
Change Net Name : Old Net Name=NetC45_1 New Net Name=NetC42_1
Change Net Name : Old Net Name=NetC45_2 New Net Name=NetC42_2
Change Net Name : Old Net Name=NetC46_1 New Net Name=NetC43_1
Change Net Name : Old Net Name=NetC46_2 New Net Name=NetC43_2
Change Net Name : Old Net Name=NetC47_1 New Net Name=NetC44_1
Change Net Name : Old Net Name=NetC47_2 New Net Name=NetC44_2
Change Net Name : Old Net Name=NetC50_2 New Net Name=NetC47_2
Change Net Name : Old Net Name=NetC51_2 New Net Name=NetC48_2
Change Net Name : Old Net Name=NetC52_1 New Net Name=NetC49_1
Change Net Name : Old Net Name=NetC53_1 New Net Name=NetC50_1
Change Net Name : Old Net Name=NetC54_1 New Net Name=NetC51_1
Change Net Name : Old Net Name=NetC55_1 New Net Name=NetC52_1
Change Net Name : Old Net Name=NetC57_2 New Net Name=NetC54_2
Change Net Name : Old Net Name=NetC60_1 New Net Name=NetC57_1
Change Net Name : Old Net Name=NetC60_2 New Net Name=NetC57_2
Change Net Name : Old Net Name=NetC61_1 New Net Name=NetC58_1
Change Net Name : Old Net Name=NetC61_2 New Net Name=NetC58_2
Change Net Name : Old Net Name=NetC63_1 New Net Name=NetC60_1
Change Net Name : Old Net Name=NetC64_2 New Net Name=NetC61_2
Change Net Name : Old Net Name=NetC67_2 New Net Name=NetC64_2
Change Net Name : Old Net Name=NetC70_1 New Net Name=NetC65_1
Change Net Name : Old Net Name=NetC73_1 New Net Name=NetC66_1
Change Net Name : Old Net Name=NetC74_1 New Net Name=NetC67_1
Change Net Name : Old Net Name=NetC76_1 New Net Name=NetC73_1
Change Net Name : Old Net Name=NetC77_1 New Net Name=NetC74_1
Change Net Name : Old Net Name=NetC80_1 New Net Name=NetC77_1
Change Net Name : Old Net Name=NetC80_2 New Net Name=NetC77_2
Change Net Name : Old Net Name=NetC81_1 New Net Name=NetC78_1
Change Net Name : Old Net Name=NetC81_2 New Net Name=NetC78_2
Change Net Name : Old Net Name=NetC90_1 New Net Name=NetC87_1
Change Net Name : Old Net Name=NetC90_2 New Net Name=NetC87_2
Change Net Name : Old Net Name=NetC91_2 New Net Name=NetC88_2
Change Net Name : Old Net Name=NetC92_1 New Net Name=NetC89_1
Change Net Name : Old Net Name=NetC93_1 New Net Name=NetC90_1
Change Net Name : Old Net Name=NetC94_2 New Net Name=NetC91_2
Change Net Name : Old Net Name=NetC95_2 New Net Name=NetC92_2
Change Net Name : Old Net Name=NetC96_1 New Net Name=NetC93_1
Change Net Name : Old Net Name=NetC96_2 New Net Name=NetC93_2
Change Net Name : Old Net Name=NetC97_1 New Net Name=NetC94_1
Change Net Name : Old Net Name=NetC97_2 New Net Name=NetC94_2
Change Net Name : Old Net Name=NetC99_1 New Net Name=NetC96_1
Change Net Name : Old Net Name=NetC100_2 New Net Name=NetC97_2
Change Net Name : Old Net Name=NetC101_1 New Net Name=NetC98_1
Change Net Name : Old Net Name=NetC102_2 New Net Name=NetC99_2
Change Net Name : Old Net Name=NetC103_1 New Net Name=NetC100_1
Change Net Name : Old Net Name=NetR4_1 New Net Name=NetR3_1
Change Net Name : Old Net Name=NetR4_2 New Net Name=NetR3_2
Change Net Name : Old Net Name=NetR4_3 New Net Name=NetR3_3
Change Net Name : Old Net Name=NetR4_4 New Net Name=NetR3_4
Change Net Name : Old Net Name=NetR4_5 New Net Name=NetR3_5
Change Net Name : Old Net Name=NetR4_6 New Net Name=NetR3_6
Change Net Name : Old Net Name=NetR4_7 New Net Name=NetR3_7
Change Net Name : Old Net Name=NetR4_8 New Net Name=NetR3_8
Change Net Name : Old Net Name=NetR7_2 New Net Name=NetR6_2
Change Net Name : Old Net Name=NetR8_2 New Net Name=NetR7_2
Change Net Name : Old Net Name=NetR10_2 New Net Name=NetR9_2
Change Net Name : Old Net Name=NetR11_1 New Net Name=NetR10_1
Change Net Name : Old Net Name=NetR11_2 New Net Name=NetR10_2
Change Net Name : Old Net Name=NetR11_3 New Net Name=NetR10_3
Change Net Name : Old Net Name=NetR11_4 New Net Name=NetR10_4
Change Net Name : Old Net Name=NetR12_1 New Net Name=NetR11_1
Change Net Name : Old Net Name=NetR12_2 New Net Name=NetR11_2
Change Net Name : Old Net Name=NetR12_3 New Net Name=NetR11_3
Change Net Name : Old Net Name=NetR12_4 New Net Name=NetR11_4
Change Net Name : Old Net Name=NetR12_5 New Net Name=NetR11_5
Change Net Name : Old Net Name=NetR12_6 New Net Name=NetR11_6
Change Net Name : Old Net Name=NetR12_7 New Net Name=NetR11_7
Change Net Name : Old Net Name=NetR12_8 New Net Name=NetR11_8
Change Net Name : Old Net Name=NetR18_2 New Net Name=NetR17_2
Change Net Name : Old Net Name=NetR22_1 New Net Name=NetR21_1
Change Net Name : Old Net Name=NetR25_1 New Net Name=NetR24_1
Change Net Name : Old Net Name=NetR25_2 New Net Name=NetR24_2
Change Net Name : Old Net Name=NetR25_3 New Net Name=NetR24_3
Change Net Name : Old Net Name=NetR25_4 New Net Name=NetR24_4
Change Net Name : Old Net Name=NetR25_5 New Net Name=NetR24_5
Change Net Name : Old Net Name=NetR25_6 New Net Name=NetR24_6
Change Net Name : Old Net Name=NetR25_7 New Net Name=NetR24_7
Change Net Name : Old Net Name=NetR25_8 New Net Name=NetR24_8
Change Net Name : Old Net Name=NetR26_1 New Net Name=NetR25_1
Change Net Name : Old Net Name=NetR29_2 New Net Name=NetR28_2
Change Net Name : Old Net Name=NetR34_2 New Net Name=NetR33_2
Change Net Name : Old Net Name=NetR36_1 New Net Name=NetR35_1
Change Net Name : Old Net Name=NetR37_1 New Net Name=NetR36_1
Change Net Name : Old Net Name=NetR37_2 New Net Name=NetR36_2
Change Net Name : Old Net Name=NetR37_3 New Net Name=NetR36_3
Change Net Name : Old Net Name=NetR37_4 New Net Name=NetR36_4
Change Net Name : Old Net Name=NetR37_5 New Net Name=NetR36_5
Change Net Name : Old Net Name=NetR37_6 New Net Name=NetR36_6
Change Net Name : Old Net Name=NetR37_7 New Net Name=NetR36_7
Change Net Name : Old Net Name=NetR37_8 New Net Name=NetR36_8
Change Net Name : Old Net Name=NetR38_2 New Net Name=NetR37_2
Change Net Name : Old Net Name=NetR39_2 New Net Name=NetR38_2
Change Net Name : Old Net Name=NetR40_2 New Net Name=NetR39_2
Change Net Name : Old Net Name=NetR41_2 New Net Name=NetR40_2
Change Net Name : Old Net Name=NetR44_2 New Net Name=NetR43_2
Change Net Name : Old Net Name=NetR46_1 New Net Name=NetR45_1
Change Net Name : Old Net Name=NetR46_2 New Net Name=NetR45_2
Change Net Name : Old Net Name=NetR46_3 New Net Name=NetR45_3
Change Net Name : Old Net Name=NetR46_4 New Net Name=NetR45_4
Change Net Name : Old Net Name=NetR47_1 New Net Name=NetR46_1
Change Net Name : Old Net Name=NetR47_2 New Net Name=NetR46_2
Change Net Name : Old Net Name=NetR47_3 New Net Name=NetR46_3
Change Net Name : Old Net Name=NetR47_4 New Net Name=NetR46_4
Change Net Name : Old Net Name=NetR47_7 New Net Name=NetR46_7
Change Net Name : Old Net Name=NetR48_1 New Net Name=NetR47_1
Change Net Name : Old Net Name=NetR48_2 New Net Name=NetR47_2
Change Net Name : Old Net Name=NetR48_3 New Net Name=NetR47_3
Change Net Name : Old Net Name=NetR48_4 New Net Name=NetR47_4
Change Net Name : Old Net Name=NetR52_1 New Net Name=NetR51_1
Change Net Name : Old Net Name=NetR71_1 New Net Name=NetR70_1
Change Net Name : Old Net Name=NetR72_1 New Net Name=NetR71_1
Change Net Name : Old Net Name=NetR107_1 New Net Name=NetR106_1
Change Net Name : Old Net Name=NetR111_1 New Net Name=NetR110_1
Change Net Name : Old Net Name=NetU8_8 New Net Name=NetU3_8
Change Net Name : Old Net Name=NetU10_11 New Net Name=NetU9_11
Added Member To Class: ClassName=INV.CTL.V1 Member=Component C7 0603
Added Member To Class: ClassName=INV.CTL.V1 Member=Component C20 104/0603
Added Member To Class: ClassName=INV.CTL.V1 Member=Component C86 0603
Added Member To Class: ClassName=INV.CTL.V1 Member=Component R81 120R
