Removed Pin From Net: NetName=NetC39_1 Pin=U1-88
Removed Pin From Net: NetName=GND Pin=U1-101
Removed Pin From Net: NetName=GND Pin=U1-102
Removed Pin From Net: NetName=GND Pin=U1-103
Removed Pin From Net: NetName=GND Pin=U1-104
Removed Pin From Net: NetName=GND Pin=U1-105
Removed Pin From Net: NetName=GND Pin=U1-106
Removed Pin From Net: NetName=GND Pin=U1-107
Removed Pin From Net: NetName=GND Pin=U1-108
Removed Pin From Net: NetName=GND Pin=U1-109
Removed Pin From Net: NetName=GND Pin=U1-110
Removed Pin From Net: NetName=GND Pin=U1-111
Removed Pin From Net: NetName=GND Pin=U1-112
Removed Pin From Net: NetName=GND Pin=U1-113
Removed Pin From Net: NetName=GND Pin=U1-114
Removed Pin From Net: NetName=GND Pin=U1-115
Removed Pin From Net: NetName=GND Pin=U1-116
Removed Pin From Net: NetName=GND Pin=U1-117
Removed Pin From Net: NetName=GND Pin=U1-118
Removed Pin From Net: NetName=GND Pin=U1-119
Removed Pin From Net: NetName=GND Pin=U1-120
Removed Pin From Net: NetName=GND Pin=U1-121
Removed Pin From Net: NetName=GND Pin=U1-122
Removed Pin From Net: NetName=GND Pin=U1-123
Removed Pin From Net: NetName=GND Pin=U1-124
Removed Pin From Net: NetName=GND Pin=U1-125
Removed Pin From Net: NetName=GND Pin=U1-126
Removed Pin From Net: NetName=GND Pin=U1-127
Removed Pin From Net: NetName=GND Pin=U1-128
Removed Pin From Net: NetName=GND Pin=U1-129
Removed Pin From Net: NetName=GND Pin=U1-130
Removed Pin From Net: NetName=GND Pin=U1-131
Removed Pin From Net: NetName=GND Pin=U1-132
Removed Pin From Net: NetName=GND Pin=U1-133
Removed Pin From Net: NetName=GND Pin=U1-134
Removed Pin From Net: NetName=GND Pin=U1-135
Removed Pin From Net: NetName=GND Pin=U1-136
Removed Pin From Net: NetName=GND Pin=U1-137
Removed Pin From Net: NetName=GND Pin=U1-138
Removed Pin From Net: NetName=GND Pin=U1-139
Removed Pin From Net: NetName=GND Pin=U1-140
Removed Pin From Net: NetName=GND Pin=U1-141
Removed Pin From Net: NetName=GND Pin=U1-142
Removed Pin From Net: NetName=GND Pin=U1-143
Removed Pin From Net: NetName=GND Pin=U1-144
Removed Pin From Net: NetName=GND Pin=U1-145
Removed Pin From Net: NetName=GND Pin=U1-146
Removed Pin From Net: NetName=GND Pin=U1-147
Removed Pin From Net: NetName=GND Pin=U1-148
Removed Pin From Net: NetName=GND Pin=U1-149
Removed Pin From Net: NetName=GND Pin=U1-150
Removed Pin From Net: NetName=GND Pin=U1-151
Removed Pin From Net: NetName=GND Pin=U1-152
Removed Pin From Net: NetName=GND Pin=U1-153
Removed Pin From Net: NetName=GND Pin=U1-154
Removed Pin From Net: NetName=GND Pin=U1-155
Removed Pin From Net: NetName=GND Pin=U1-156
Removed Pin From Net: NetName=GND Pin=U1-157
Removed Pin From Net: NetName=GND Pin=U1-158
Removed Pin From Net: NetName=GND Pin=U1-159
Removed Pin From Net: NetName=GND Pin=U1-160
Removed Pin From Net: NetName=GND Pin=U1-161
Removed Pin From Net: NetName=GND Pin=U1-162
Removed Pin From Net: NetName=GND Pin=U1-163
Removed Pin From Net: NetName=GND Pin=U1-164
Removed Pin From Net: NetName=GND Pin=U1-165
Removed Pin From Net: NetName=GND Pin=U1-166
Removed Pin From Net: NetName=GND Pin=U1-167
Removed Pin From Net: NetName=GND Pin=U1-168
Removed Pin From Net: NetName=GND Pin=U1-169
Removed Pin From Net: NetName=GND Pin=U1-170
Removed Pin From Net: NetName=GND Pin=U1-171
Removed Pin From Net: NetName=GND Pin=U1-172
Removed Pin From Net: NetName=GND Pin=U1-173
Removed Pin From Net: NetName=GND Pin=U1-174
Removed Pin From Net: NetName=GND Pin=U1-175
Removed Pin From Net: NetName=GND Pin=U1-176
Removed Pin From Net: NetName=GND Pin=U1-177
Removed Pin From Net: NetName=GND Pin=U1-178
Removed Pin From Net: NetName=GND Pin=U1-179
Removed Pin From Net: NetName=GND Pin=U1-180
Removed Pin From Net: NetName=GND Pin=U1-181
Removed Pin From Net: NetName=GND Pin=U1-182
Removed Pin From Net: NetName=GND Pin=U1-183
Removed Pin From Net: NetName=GND Pin=U1-184
Removed Pin From Net: NetName=GND Pin=U1-185
Removed Pin From Net: NetName=GND Pin=U1-186
Removed Pin From Net: NetName=GND Pin=U1-187
Removed Pin From Net: NetName=GND Pin=U1-188
Removed Pin From Net: NetName=GND Pin=U1-189
Removed Pin From Net: NetName=GND Pin=U1-190
Removed Pin From Net: NetName=GND Pin=U1-191
Removed Pin From Net: NetName=GND Pin=U1-192
Removed Pin From Net: NetName=GND Pin=U1-193
Removed Pin From Net: NetName=GND Pin=U1-194
Removed Pin From Net: NetName=GND Pin=U1-195
Removed Pin From Net: NetName=GND Pin=U1-196
Removed Pin From Net: NetName=GND Pin=U1-197
Removed Pin From Net: NetName=GND Pin=U1-198
Removed Pin From Net: NetName=GND Pin=U1-199
Removed Pin From Net: NetName=GND Pin=U1-200
Removed Pin From Net: NetName=GND Pin=U1-201
Removed Pin From Net: NetName=GND Pin=U1-202
Removed Pin From Net: NetName=GND Pin=U1-203
Removed Pin From Net: NetName=GND Pin=U1-204
Removed Pin From Net: NetName=GND Pin=U1-205
Removed Pin From Net: NetName=GND Pin=U1-206
Removed Pin From Net: NetName=GND Pin=U1-207
Removed Pin From Net: NetName=GND Pin=U1-208
Removed Pin From Net: NetName=GND Pin=U1-209
Removed Pin From Net: NetName=GND Pin=U1-210
Removed Pin From Net: NetName=GND Pin=U1-211
Removed Pin From Net: NetName=GND Pin=U1-212
Removed Pin From Net: NetName=GND Pin=U1-213
Removed Pin From Net: NetName=GND Pin=U1-214
Removed Pin From Net: NetName=GND Pin=U1-215
Removed Pin From Net: NetName=GND Pin=U1-216
Removed Pin From Net: NetName=GND Pin=U1-217
Removed Pin From Net: NetName=GND Pin=U1-218
Removed Pin From Net: NetName=GND Pin=U1-219
Removed Pin From Net: NetName=GND Pin=U1-220
Removed Pin From Net: NetName=GND Pin=U1-221
Removed Pin From Net: NetName=GND Pin=U1-222
Added Component: Designator=C18(CAP-SMD-0603)
Add component (AddParameter): Name = "Value"; Value = "33pF"; VariantName = "[No Variations]"
Added Pin To Net: NetName=GND Pin=C18-1
Added Pin To Net: NetName=+3.3V Pin=C18-2
Added Pin To Net: NetName=NetC39_1 Pin=U1-42
Added Member To Class: ClassName=INV.CTL.V1 Member=Component C9 104/0603
Added Member To Class: ClassName=INV.CTL.V1 Member=Component C11 104/0603
Added Member To Class: ClassName=INV.CTL.V1 Member=Component C13 104/0603
Added Member To Class: ClassName=INV.CTL.V1 Member=Component C14 104/0603
Added Member To Class: ClassName=INV.CTL.V1 Member=Component C15 104/0603
Added Member To Class: ClassName=INV.CTL.V1 Member=Component C16 104/0603
Added Member To Class: ClassName=INV.CTL.V1 Member=Component C17 104/0603
Added Member To Class: ClassName=INV.CTL.V1 Member=Component C18 104/0603
Added Member To Class: ClassName=INV.CTL.V1 Member=Component C19 104/0603
Added Member To Class: ClassName=INV.CTL.V1 Member=Component C21 0603
Added Member To Class: ClassName=INV.CTL.V1 Member=Component C23 0603
Added Member To Class: ClassName=INV.CTL.V1 Member=Component C25 0603
Added Member To Class: ClassName=INV.CTL.V1 Member=Component C26 104/0603
Added Member To Class: ClassName=INV.CTL.V1 Member=Component C27 0603
Added Member To Class: ClassName=INV.CTL.V1 Member=Component C29 0603
Added Member To Class: ClassName=INV.CTL.V1 Member=Component C31 0603
Added Member To Class: ClassName=INV.CTL.V1 Member=Component C32 0603
Added Member To Class: ClassName=INV.CTL.V1 Member=Component C33 0603
Added Member To Class: ClassName=INV.CTL.V1 Member=Component C35 0603
Added Member To Class: ClassName=INV.CTL.V1 Member=Component C36 0603
Added Member To Class: ClassName=INV.CTL.V1 Member=Component C37 0603
Added Member To Class: ClassName=INV.CTL.V1 Member=Component C39 0603
Added Member To Class: ClassName=INV.CTL.V1 Member=Component C41 0603
Added Member To Class: ClassName=INV.CTL.V1 Member=Component C44 0603
Added Member To Class: ClassName=INV.CTL.V1 Member=Component C46 0603
Added Member To Class: ClassName=INV.CTL.V1 Member=Component C47 0603
Added Member To Class: ClassName=INV.CTL.V1 Member=Component C48 0603
Added Member To Class: ClassName=INV.CTL.V1 Member=Component C49 0805
Added Member To Class: ClassName=INV.CTL.V1 Member=Component C54 0603
Added Member To Class: ClassName=INV.CTL.V1 Member=Component C55 0603
Added Member To Class: ClassName=INV.CTL.V1 Member=Component C56 0805
Added Member To Class: ClassName=INV.CTL.V1 Member=Component C59 0603
Added Member To Class: ClassName=INV.CTL.V1 Member=Component C60 0803
Added Member To Class: ClassName=INV.CTL.V1 Member=Component C62 0603
Added Member To Class: ClassName=INV.CTL.V1 Member=Component C63 0603
Added Member To Class: ClassName=INV.CTL.V1 Member=Component C66 104/0603
Added Member To Class: ClassName=INV.CTL.V1 Member=Component C70 10uF/0805
Added Member To Class: ClassName=INV.CTL.V1 Member=Component C71 0603
Added Member To Class: ClassName=INV.CTL.V1 Member=Component C73 0803
Added Member To Class: ClassName=INV.CTL.V1 Member=Component C74 0805
Added Member To Class: ClassName=INV.CTL.V1 Member=Component C75 0603
Added Member To Class: ClassName=INV.CTL.V1 Member=Component C77 0603
Added Member To Class: ClassName=INV.CTL.V1 Member=Component C78 0603
Added Member To Class: ClassName=INV.CTL.V1 Member=Component C79 0603
Added Member To Class: ClassName=INV.CTL.V1 Member=Component C80 0805
Added Member To Class: ClassName=INV.CTL.V1 Member=Component C81 0805
Added Member To Class: ClassName=INV.CTL.V1 Member=Component C82 0805
Added Member To Class: ClassName=INV.CTL.V1 Member=Component C83 0805
Added Member To Class: ClassName=INV.CTL.V1 Member=Component C84 0603
Added Member To Class: ClassName=INV.CTL.V1 Member=Component C85 0603
Added Member To Class: ClassName=INV.CTL.V1 Member=Component C87 0603
Added Member To Class: ClassName=INV.CTL.V1 Member=Component C89 0603
Added Member To Class: ClassName=INV.CTL.V1 Member=Component C90 0603
Added Member To Class: ClassName=INV.CTL.V1 Member=Component C91 0603
Added Member To Class: ClassName=INV.CTL.V1 Member=Component C92 0603
Added Member To Class: ClassName=INV.CTL.V1 Member=Component C93 0805
Added Member To Class: ClassName=INV.CTL.V1 Member=Component C95 0603
Added Member To Class: ClassName=INV.CTL.V1 Member=Component C96 0603
Added Member To Class: ClassName=INV.CTL.V1 Member=Component C97 0603
Added Member To Class: ClassName=INV.CTL.V1 Member=Component D16 Dual-Diode_CA_1
Added Member To Class: ClassName=INV.CTL.V1 Member=Component D17 Dual-Diode_CA_1
Added Member To Class: ClassName=INV.CTL.V1 Member=Component D20 Dual-Diode_CA_1
Added Member To Class: ClassName=INV.CTL.V1 Member=Component D23 Dual-Diode_CA_1
Added Member To Class: ClassName=INV.CTL.V1 Member=Component D24 Dual-Diode_CA_1
Added Member To Class: ClassName=INV.CTL.V1 Member=Component R4 1K/0603
Added Member To Class: ClassName=INV.CTL.V1 Member=Component R37 10K/0603
Added Member To Class: ClassName=INV.CTL.V1 Member=Component R39 10R/0603
Added Member To Class: ClassName=INV.CTL.V1 Member=Component R40 10R/1206
Added Member To Class: ClassName=INV.CTL.V1 Member=Component R43 10R/0603
Added Member To Class: ClassName=INV.CTL.V1 Member=Component R45 10R/0603
Added Member To Class: ClassName=INV.CTL.V1 Member=Component R46 30K/0603
Added Member To Class: ClassName=INV.CTL.V1 Member=Component R47 10R/0603
Added Member To Class: ClassName=INV.CTL.V1 Member=Component R49 2.2K/0603
Added Member To Class: ClassName=INV.CTL.V1 Member=Component R50 30K/0603
Added Member To Class: ClassName=INV.CTL.V1 Member=Component R52 10R/1206
Added Member To Class: ClassName=INV.CTL.V1 Member=Component R53 10K/0603
Added Member To Class: ClassName=INV.CTL.V1 Member=Component R55 10R/0603
Added Member To Class: ClassName=INV.CTL.V1 Member=Component R56 10R/1206
Added Member To Class: ClassName=INV.CTL.V1 Member=Component R57 5.1K/0603
Added Member To Class: ClassName=INV.CTL.V1 Member=Component R58 10K/0603
Added Member To Class: ClassName=INV.CTL.V1 Member=Component R60 5.1K/0603
Added Member To Class: ClassName=INV.CTL.V1 Member=Component R61 10K/0603
Added Member To Class: ClassName=INV.CTL.V1 Member=Component R63 10R/0603
Added Member To Class: ClassName=INV.CTL.V1 Member=Component R66 30K/0603
Added Member To Class: ClassName=INV.CTL.V1 Member=Component R68 30K/0603
Added Member To Class: ClassName=INV.CTL.V1 Member=Component R69 30K/0603
Added Member To Class: ClassName=INV.CTL.V1 Member=Component R70 5.1K/0603
Added Member To Class: ClassName=INV.CTL.V1 Member=Component R71 5.1K/0603
Added Member To Class: ClassName=INV.CTL.V1 Member=Component R73 5.1K/0603
Added Member To Class: ClassName=INV.CTL.V1 Member=Component R75 10K/0603
Added Member To Class: ClassName=INV.CTL.V1 Member=Component R76 5.1K/0603
Added Member To Class: ClassName=INV.CTL.V1 Member=Component R77 560K/0603
Added Member To Class: ClassName=INV.CTL.V1 Member=Component R80 10K/0603
Added Member To Class: ClassName=INV.CTL.V1 Member=Component R82 30K/0603
Added Member To Class: ClassName=INV.CTL.V1 Member=Component R83 10R/0603
Added Member To Class: ClassName=INV.CTL.V1 Member=Component R84 10K/0603
Added Member To Class: ClassName=INV.CTL.V1 Member=Component R85 10K/0603
Added Member To Class: ClassName=INV.CTL.V1 Member=Component R86 30K/0603
Added Member To Class: ClassName=INV.CTL.V1 Member=Component R87 120R
Added Member To Class: ClassName=INV.CTL.V1 Member=Component R92 10K/0603
Added Member To Class: ClassName=INV.CTL.V1 Member=Component R93 10R/0603
Added Member To Class: ClassName=INV.CTL.V1 Member=Component R94 10K/0603
Added Member To Class: ClassName=INV.CTL.V1 Member=Component R95 1K/0805
Added Member To Class: ClassName=INV.CTL.V1 Member=Component R96 10R/0603
Added Member To Class: ClassName=INV.CTL.V1 Member=Component R100 10R/1206
Added Member To Class: ClassName=INV.CTL.V1 Member=Component R101 220R/0603
Added Member To Class: ClassName=INV.CTL.V1 Member=Component R102 5.1K/0603
Added Member To Class: ClassName=INV.CTL.V1 Member=Component R103 1K/0603
Added Member To Class: ClassName=INV.CTL.V1 Member=Component R104 10K/0603
Added Member To Class: ClassName=INV.CTL.V1 Member=Component R110 10K/0603
Added Member To Class: ClassName=INV.CTL.V1 Member=Component R111 10K/0603
