Removed Pin From Net: NetName=NetC53_1 Pin=U4-3
Removed Pin From Net: NetName=NetR62_1 Pin=U4-5
Removed Pin From Net: NetName=NetR59_2 Pin=U4-6
Removed Pin From Net: NetName=NetR59_2 Pin=U4-7
Removed Pin From Net: NetName=NetC59_1 Pin=U4-8
Removed Pin From Net: NetName=NetC59_2 Pin=U4-9
Removed Pin From Net: NetName=NetC68_2 Pin=U4-10
Removed Pin From Net: NetName=NetR80_2 Pin=U4-12
Removed Pin From Net: NetName=NetR78_1 Pin=U4-13
Removed Pin From Net: NetName=NetR78_1 Pin=U4-14
Change Component Designator: OldDesignator=C11 NewDesignator=C18
Change Component Designator: OldDesignator=C12 NewDesignator=C11
Change Component Designator: OldDesignator=C13 NewDesignator=C12
Change Component Designator: OldDesignator=C14 NewDesignator=C13
Change Component Designator: OldDesignator=C15 NewDesignator=C14
Change Component Designator: OldDesignator=C16 NewDesignator=C15
Change Component Designator: OldDesignator=C17 NewDesignator=C16
Change Component Designator: OldDesignator=C18 NewDesignator=C17
Change Component Designator: OldDesignator=C42 NewDesignator=C43
Change Component Designator: OldDesignator=C43 NewDesignator=C44
Change Component Designator: OldDesignator=C44 NewDesignator=C45
Change Component Designator: OldDesignator=C45 NewDesignator=C46
Change Component Designator: OldDesignator=C46 NewDesignator=C58
Change Component Designator: OldDesignator=C54 NewDesignator=C69
Change Component Designator: OldDesignator=C55 NewDesignator=C70
Change Component Designator: OldDesignator=C56 NewDesignator=C54
Change Component Designator: OldDesignator=C57 NewDesignator=C56
Change Component Designator: OldDesignator=C58 NewDesignator=C57
Change Component Designator: OldDesignator=C59 NewDesignator=C55
Change Component Designator: OldDesignator=C60 NewDesignator=C59
Change Component Designator: OldDesignator=C61 NewDesignator=C60
Change Component Designator: OldDesignator=C62 NewDesignator=C61
Change Component Designator: OldDesignator=C63 NewDesignator=C62
Change Component Designator: OldDesignator=C64 NewDesignator=C63
Change Component Designator: OldDesignator=C65 NewDesignator=C64
Change Component Designator: OldDesignator=C66 NewDesignator=C65
Change Component Designator: OldDesignator=C67 NewDesignator=C66
Change Component Designator: OldDesignator=C68 NewDesignator=C67
Change Component Designator: OldDesignator=C69 NewDesignator=C68
Change Component Designator: OldDesignator=C70 NewDesignator=C71
Change Component Designator: OldDesignator=C71 NewDesignator=C72
Change Component Designator: OldDesignator=C72 NewDesignator=C73
Change Component Designator: OldDesignator=C73 NewDesignator=C74
Change Component Designator: OldDesignator=C74 NewDesignator=C75
Change Component Designator: OldDesignator=C75 NewDesignator=C76
Change Component Designator: OldDesignator=C76 NewDesignator=C77
Change Component Designator: OldDesignator=C77 NewDesignator=C78
Change Component Designator: OldDesignator=C78 NewDesignator=C79
Change Component Designator: OldDesignator=C79 NewDesignator=C80
Change Component Designator: OldDesignator=C80 NewDesignator=C81
Change Component Designator: OldDesignator=C81 NewDesignator=C82
Change Component Designator: OldDesignator=C82 NewDesignator=C83
Change Component Designator: OldDesignator=C83 NewDesignator=C84
Change Component Designator: OldDesignator=C84 NewDesignator=C85
Change Component Designator: OldDesignator=C85 NewDesignator=C86
Change Component Designator: OldDesignator=C86 NewDesignator=C87
Change Component Designator: OldDesignator=C87 NewDesignator=C88
Change Component Designator: OldDesignator=C88 NewDesignator=C89
Change Component Designator: OldDesignator=C89 NewDesignator=C90
Change Component Designator: OldDesignator=C90 NewDesignator=C91
Change Component Designator: OldDesignator=C91 NewDesignator=C92
Change Component Designator: OldDesignator=C92 NewDesignator=C93
Change Component Designator: OldDesignator=C93 NewDesignator=C94
Change Component Designator: OldDesignator=C94 NewDesignator=C95
Change Component Designator: OldDesignator=C95 NewDesignator=C96
Change Component Designator: OldDesignator=C96 NewDesignator=C97
Change Component Designator: OldDesignator=C97 NewDesignator=C98
Change Component Designator: OldDesignator=R73 NewDesignator=R74
Change Component Designator: OldDesignator=R74 NewDesignator=R75
Change Component Designator: OldDesignator=R75 NewDesignator=R73
Added Component: Designator=C42(CAP-SMD-0603)
Add component (AddParameter): Name = "Value"; Value = "33pF"; VariantName = "[No Variations]"
Added Pin To Net: NetName=NetC59_1 Pin=U4-1
Added Pin To Net: NetName=NetC59_2 Pin=U4-2
Added Pin To Net: NetName=NetC68_2 Pin=U4-3
Added Pin To Net: NetName=NetR80_2 Pin=U4-5
Added Pin To Net: NetName=NetR78_1 Pin=U4-6
Added Pin To Net: NetName=NetR78_1 Pin=U4-7
Added Pin To Net: NetName=NetC53_1 Pin=U4-10
Added Pin To Net: NetName=NetR62_1 Pin=U4-12
Added Pin To Net: NetName=NetR59_2 Pin=U4-13
Added Pin To Net: NetName=NetR59_2 Pin=U4-14
Change Net Name : Old Net Name=NetC43_1 New Net Name=NetC44_1
Change Net Name : Old Net Name=NetC44_2 New Net Name=NetC45_2
Change Net Name : Old Net Name=NetC57_1 New Net Name=NetC56_1
Change Net Name : Old Net Name=NetC58_1 New Net Name=NetC57_1
Change Net Name : Old Net Name=NetC58_2 New Net Name=NetC57_2
Change Net Name : Old Net Name=NetC59_1 New Net Name=NetC55_1
Change Net Name : Old Net Name=NetC59_2 New Net Name=NetC55_2
Change Net Name : Old Net Name=NetC60_1 New Net Name=NetC59_1
Change Net Name : Old Net Name=NetC61_1 New Net Name=NetC60_1
Change Net Name : Old Net Name=NetC66_1 New Net Name=NetC65_1
Change Net Name : Old Net Name=NetC66_2 New Net Name=NetC65_2
Change Net Name : Old Net Name=NetC67_1 New Net Name=NetC66_1
Change Net Name : Old Net Name=NetC68_2 New Net Name=NetC67_2
Change Net Name : Old Net Name=NetC69_1 New Net Name=NetC68_1
Change Net Name : Old Net Name=NetC69_2 New Net Name=NetC68_2
Change Net Name : Old Net Name=NetC70_2 New Net Name=NetC71_2
Change Net Name : Old Net Name=NetC71_1 New Net Name=NetC72_1
Change Net Name : Old Net Name=NetC81_2 New Net Name=NetC82_2
Change Net Name : Old Net Name=NetC82_1 New Net Name=NetC83_1
Change Net Name : Old Net Name=NetC82_2 New Net Name=NetC83_2
Change Net Name : Old Net Name=NetC83_1 New Net Name=NetC84_1
Change Net Name : Old Net Name=NetC85_1 New Net Name=NetC86_1
Change Net Name : Old Net Name=NetC85_2 New Net Name=NetC86_2
Change Net Name : Old Net Name=NetC87_2 New Net Name=NetC88_2
Change Net Name : Old Net Name=NetC88_2 New Net Name=NetC89_2
Change Net Name : Old Net Name=NetC91_2 New Net Name=NetC92_2
Change Net Name : Old Net Name=NetC92_1 New Net Name=NetC93_1
Change Net Name : Old Net Name=NetC93_2 New Net Name=NetC94_2
Change Net Name : Old Net Name=NetC94_1 New Net Name=NetC95_1
Change Net Name : Old Net Name=NetC95_1 New Net Name=NetC96_1
Change Net Name : Old Net Name=NetC95_2 New Net Name=NetC96_2
Change Net Name : Old Net Name=NetC96_1 New Net Name=NetC97_1
Change Net Name : Old Net Name=NetC97_1 New Net Name=NetC98_1
Added Pin To Net: NetName=NetC42_1 Pin=C42-1
Added Pin To Net: NetName=NetC42_1 Pin=R44-1
Added Pin To Net: NetName=NetC42_1 Pin=R45-2
Added Pin To Net: NetName=NetC42_1 Pin=U4-9
Added Net: Name=NetC42_1
Added Pin To Net: NetName=NetC42_2 Pin=C42-2
Added Pin To Net: NetName=NetC42_2 Pin=R45-1
Added Pin To Net: NetName=NetC42_2 Pin=R62-2
Added Pin To Net: NetName=NetC42_2 Pin=U4-8
Added Net: Name=NetC42_2
Added Member To Class: ClassName=INV.CTL.V1 Member=Component C13 104/0603
Added Member To Class: ClassName=INV.CTL.V1 Member=Component C15 104/0603
Added Member To Class: ClassName=INV.CTL.V1 Member=Component C17 104/0603
Added Member To Class: ClassName=INV.CTL.V1 Member=Component C18 104/0603
Added Member To Class: ClassName=INV.CTL.V1 Member=Component C45 0805
Added Member To Class: ClassName=INV.CTL.V1 Member=Component C47 0603
Added Member To Class: ClassName=INV.CTL.V1 Member=Component C51 0603
Added Member To Class: ClassName=INV.CTL.V1 Member=Component C58 0603
Added Member To Class: ClassName=INV.CTL.V1 Member=Component C63 104/0603
Added Member To Class: ClassName=INV.CTL.V1 Member=Component C66 0603
Added Member To Class: ClassName=INV.CTL.V1 Member=Component C69 0805
Added Member To Class: ClassName=INV.CTL.V1 Member=Component C70 0603
Added Member To Class: ClassName=INV.CTL.V1 Member=Component C74 0603
Added Member To Class: ClassName=INV.CTL.V1 Member=Component C76 0805
Added Member To Class: ClassName=INV.CTL.V1 Member=Component C78 0805
Added Member To Class: ClassName=INV.CTL.V1 Member=Component C80 0603
Added Member To Class: ClassName=INV.CTL.V1 Member=Component C83 0603
Added Member To Class: ClassName=INV.CTL.V1 Member=Component C84 0603
Added Member To Class: ClassName=INV.CTL.V1 Member=Component C98 0603
Added Member To Class: ClassName=INV.CTL.V1 Member=Component R85 10K/0603
Added Member To Class: ClassName=INV.CTL.V1 Member=Component R86 10K/0603
Added Member To Class: ClassName=INV.CTL.V1 Member=Component R88 10K/0603
Added Member To Class: ClassName=INV.CTL.V1 Member=Component R89 10R/0603
