Removed Pin From Net: NetName=NetC72_2 Pin=U7-5
Removed Pin From Net: NetName=NetC68_2 Pin=U7-6
Removed Pin From Net: NetName=NetC68_1 Pin=U7-7
Added Member To Class: ClassName=INV.CTL.V1 Member=Component C11 104/0603
Added Member To Class: ClassName=INV.CTL.V1 Member=Component C13 104/0603
Added Member To Class: ClassName=INV.CTL.V1 Member=Component C15 104/0603
Added Member To Class: ClassName=INV.CTL.V1 Member=Component C17 104/0603
Added Member To Class: ClassName=INV.CTL.V1 Member=Component C49 0603
Added Member To Class: ClassName=INV.CTL.V1 Member=Component C60 0603
Added Member To Class: ClassName=INV.CTL.V1 Member=Component C61 0803
Added Member To Class: ClassName=INV.CTL.V1 Member=Component C65 10uF/0805
Added Member To Class: ClassName=INV.CTL.V1 Member=Component C68 0603
Added Member To Class: ClassName=INV.CTL.V1 Member=Component C72 0603
Added Member To Class: ClassName=INV.CTL.V1 Member=Component C73 0603
Added Member To Class: ClassName=INV.CTL.V1 Member=Component C75 0603
Added Member To Class: ClassName=INV.CTL.V1 Member=Component C77 0805
Added Member To Class: ClassName=INV.CTL.V1 Member=Component C79 0805
Added Member To Class: ClassName=INV.CTL.V1 Member=Component C81 0603
Added Member To Class: ClassName=INV.CTL.V1 Member=Component C85 0603
Added Member To Class: ClassName=INV.CTL.V1 Member=Component C88 0603
Added Member To Class: ClassName=INV.CTL.V1 Member=Component C91 0603
Added Member To Class: ClassName=INV.CTL.V1 Member=Component D17 Dual-Diode_CA_1
Added Member To Class: ClassName=INV.CTL.V1 Member=Component D20 Dual-Diode_CA_1
Added Member To Class: ClassName=INV.CTL.V1 Member=Component D23 Dual-Diode_CA_1
Added Member To Class: ClassName=INV.CTL.V1 Member=Component R42 10K/0603
Added Member To Class: ClassName=INV.CTL.V1 Member=Component R43 10R/0603
Added Member To Class: ClassName=INV.CTL.V1 Member=Component R48 10K/0603
Added Member To Class: ClassName=INV.CTL.V1 Member=Component R51 10R/1206
Added Member To Class: ClassName=INV.CTL.V1 Member=Component R54 10K/0603
Added Member To Class: ClassName=INV.CTL.V1 Member=Component R62 30K/0603
Added Member To Class: ClassName=INV.CTL.V1 Member=Component R68 5.1K/0603
Added Member To Class: ClassName=INV.CTL.V1 Member=Component R70 33K/0603
Added Member To Class: ClassName=INV.CTL.V1 Member=Component R72 5.1K/0603
Added Member To Class: ClassName=INV.CTL.V1 Member=Component R76 100K/0603
Added Member To Class: ClassName=INV.CTL.V1 Member=Component R79 33K/0603
Added Member To Class: ClassName=INV.CTL.V1 Member=Component R83 560K/0603
Added Member To Class: ClassName=INV.CTL.V1 Member=Component R84 10K/0603
Added Member To Class: ClassName=INV.CTL.V1 Member=Component R85 10K/0603
Added Member To Class: ClassName=INV.CTL.V1 Member=Component R87 10K/0603
Added Member To Class: ClassName=INV.CTL.V1 Member=Component R88 10R/0603
Added Member To Class: ClassName=INV.CTL.V1 Member=Component R90 10K/0603
Added Member To Class: ClassName=INV.CTL.V1 Member=Component R91 1K/0805
Added Member To Class: ClassName=INV.CTL.V1 Member=Component R92 10K/0603
Added Member To Class: ClassName=INV.CTL.V1 Member=Component R94 10K/0603
Added Member To Class: ClassName=INV.CTL.V1 Member=Component R98 10R/1206
Added Member To Class: ClassName=INV.CTL.V1 Member=Component R99 220R/0603
Added Member To Class: ClassName=INV.CTL.V1 Member=Component R100 5.1K/0603
Added Member To Class: ClassName=INV.CTL.V1 Member=Component R101 2.7K/0603
Added Member To Class: ClassName=INV.CTL.V1 Member=Component R104 1.2K/0603
Added Member To Class: ClassName=INV.CTL.V1 Member=Component R105 1.2K/0603
Added Member To Class: ClassName=INV.CTL.V1 Member=Component R107 10R/0603
Added Member To Class: ClassName=INV.CTL.V1 Member=Component R108 2.7K/0603
Added Member To Class: ClassName=INV.CTL.V1 Member=Component U7 TL084
