Removed Pin From Net: NetName=+12V Pin=C46-1
Removed Pin From Net: NetName=GND Pin=C46-2
Removed Pin From Net: NetName=GND Pin=C53-1
Removed Pin From Net: NetName=-12V Pin=C53-2
Removed Pin From Net: NetName=NetC49_1 Pin=R45-5
Removed Pin From Net: NetName=NetC90_1 Pin=R45-6
Removed Pin From Net: NetName=NetC92_2 Pin=R46-6
Removed Pin From Net: NetName=NetC67_1 Pin=R47-7
Removed Pin From Net: NetName=NetC51_1 Pin=R47-8
Removed Pin From Net: NetName=NetJ1_7 Pin=R48-1
Removed Pin From Net: NetName=NetJ1_8 Pin=R55-1
Removed Pin From Net: NetName=NetJ1_9 Pin=R93-2
Removed Pin From Net: NetName=NetJ1_33 Pin=R96-2
Removed Pin From Net: NetName=NetJ1_11 Pin=R97-2
Removed Pin From Net: NetName=NetJ1_33 Pin=R98-1
Removed Pin From Net: NetName=NetJ1_36 Pin=R98-2
Removed Pin From Net: NetName=NetJ1_36 Pin=R100-2
Removed Pin From Net: NetName=NetC74_1 Pin=U4-3
Removed Pin From Net: NetName=GND Pin=U5-9
Removed Pin From Net: NetName=GND Pin=U5-10
Removed Pin From Net: NetName=GND Pin=U5-12
Removed Pin From Net: NetName=GND Pin=U5-13
Removed Pin From Net: NetName=NetC42_1 Pin=U6-1
Removed Pin From Net: NetName=NetC42_2 Pin=U6-2
Removed Pin From Net: NetName=NetC52_1 Pin=U6-3
Removed Pin From Net: NetName=NetC64_2 Pin=U6-5
Removed Pin From Net: NetName=NetC57_2 Pin=U6-6
Removed Pin From Net: NetName=NetC57_1 Pin=U6-7
Removed Pin From Net: NetName=NetC78_1 Pin=U6-8
Removed Pin From Net: NetName=NetC78_2 Pin=U6-9
Removed Pin From Net: NetName=NetC91_2 Pin=U6-10
Removed Pin From Net: NetName=NetC58_2 Pin=U7-1
Removed Pin From Net: NetName=NetC58_1 Pin=U7-2
Removed Pin From Net: NetName=NetC66_1 Pin=U7-3
Removed Pin From Net: NetName=+12V Pin=U7-4
Removed Pin From Net: NetName=NetC50_1 Pin=U7-5
Removed Pin From Net: NetName=NetC44_1 Pin=U7-6
Removed Pin From Net: NetName=NetC44_2 Pin=U7-7
Removed Pin From Net: NetName=NetC77_1 Pin=U7-8
Removed Pin From Net: NetName=NetC77_2 Pin=U7-9
Removed Pin From Net: NetName=NetC88_2 Pin=U7-10
Removed Pin From Net: NetName=-12V Pin=U7-11
Removed Pin From Net: NetName=NetC97_2 Pin=U7-12
Removed Pin From Net: NetName=NetC94_2 Pin=U7-13
Removed Pin From Net: NetName=NetC94_1 Pin=U7-14
Removed Member From Class: ClassName=INV.CTL.V1 Member=C99
Removed Member From Class: ClassName=INV.CTL.V1 Member=C100
Change Component Designator: OldDesignator=C11 NewDesignator=C9
Change Component Designator: OldDesignator=C12 NewDesignator=C10
Change Component Designator: OldDesignator=C19 NewDesignator=C11
Change Component Designator: OldDesignator=C20 NewDesignator=C12
Change Component Designator: OldDesignator=C21 NewDesignator=C19
Change Component Designator: OldDesignator=C22 NewDesignator=C20
Change Component Designator: OldDesignator=C23 NewDesignator=C21
Change Component Designator: OldDesignator=C24 NewDesignator=C22
Change Component Designator: OldDesignator=C25 NewDesignator=C23
Change Component Designator: OldDesignator=C26 NewDesignator=C24
Change Component Designator: OldDesignator=C27 NewDesignator=C25
Change Component Designator: OldDesignator=C28 NewDesignator=C26
Change Component Designator: OldDesignator=C29 NewDesignator=C27
Change Component Designator: OldDesignator=C30 NewDesignator=C28
Change Component Designator: OldDesignator=C31 NewDesignator=C29
Change Component Designator: OldDesignator=C32 NewDesignator=C30
Change Component Designator: OldDesignator=C33 NewDesignator=C31
Change Component Designator: OldDesignator=C34 NewDesignator=C32
Change Component Designator: OldDesignator=C35 NewDesignator=C33
Change Component Designator: OldDesignator=C36 NewDesignator=C34
Change Component Designator: OldDesignator=C37 NewDesignator=C35
Change Component Designator: OldDesignator=C38 NewDesignator=C36
Change Component Designator: OldDesignator=C39 NewDesignator=C37
Change Component Designator: OldDesignator=C40 NewDesignator=C38
Change Component Designator: OldDesignator=C41 NewDesignator=C39
Change Component Designator: OldDesignator=C42 NewDesignator=C96
Change Component Designator: OldDesignator=C43 NewDesignator=C82
Change Component Designator: OldDesignator=C44 NewDesignator=C59
Change Component Designator: OldDesignator=C45 NewDesignator=C86
Change Component Designator: OldDesignator=C47 NewDesignator=C88
Change Component Designator: OldDesignator=C48 NewDesignator=C89
Change Component Designator: OldDesignator=C49 NewDesignator=C97
Change Component Designator: OldDesignator=C50 NewDesignator=C62
Change Component Designator: OldDesignator=C51 NewDesignator=C64
Change Component Designator: OldDesignator=C52 NewDesignator=C98
Change Component Designator: OldDesignator=C54 NewDesignator=C91
Change Component Designator: OldDesignator=C55 NewDesignator=C92
Change Component Designator: OldDesignator=C56 NewDesignator=C93
Change Component Designator: OldDesignator=C57 NewDesignator=C58
Change Component Designator: OldDesignator=C58 NewDesignator=C41
Change Component Designator: OldDesignator=C59 NewDesignator=C44
Change Component Designator: OldDesignator=C60 NewDesignator=C43
Change Component Designator: OldDesignator=C61 NewDesignator=C45
Change Component Designator: OldDesignator=C62 NewDesignator=C46
Change Component Designator: OldDesignator=C63 NewDesignator=C47
Change Component Designator: OldDesignator=C64 NewDesignator=C61
Change Component Designator: OldDesignator=C65 NewDesignator=C63
Change Component Designator: OldDesignator=C66 NewDesignator=C50
Change Component Designator: OldDesignator=C67 NewDesignator=C51
Change Component Designator: OldDesignator=C68 NewDesignator=C65
Change Component Designator: OldDesignator=C69 NewDesignator=C66
Change Component Designator: OldDesignator=C70 NewDesignator=C67
Change Component Designator: OldDesignator=C71 NewDesignator=C68
Change Component Designator: OldDesignator=C72 NewDesignator=C54
Change Component Designator: OldDesignator=C73 NewDesignator=C53
Change Component Designator: OldDesignator=C74 NewDesignator=C55
Change Component Designator: OldDesignator=C75 NewDesignator=C56
Change Component Designator: OldDesignator=C76 NewDesignator=C57
Change Component Designator: OldDesignator=C77 NewDesignator=C40
Change Component Designator: OldDesignator=C78 NewDesignator=C60
Change Component Designator: OldDesignator=C79 NewDesignator=C73
Change Component Designator: OldDesignator=C80 NewDesignator=C74
Change Component Designator: OldDesignator=C81 NewDesignator=C75
Change Component Designator: OldDesignator=C82 NewDesignator=C76
Change Component Designator: OldDesignator=C83 NewDesignator=C77
Change Component Designator: OldDesignator=C84 NewDesignator=C78
Change Component Designator: OldDesignator=C85 NewDesignator=C79
Change Component Designator: OldDesignator=C86 NewDesignator=C80
Change Component Designator: OldDesignator=C87 NewDesignator=C72
Change Component Designator: OldDesignator=C88 NewDesignator=C48
Change Component Designator: OldDesignator=C89 NewDesignator=C49
Change Component Designator: OldDesignator=C90 NewDesignator=C69
Change Component Designator: OldDesignator=C91 NewDesignator=C70
Change Component Designator: OldDesignator=C92 NewDesignator=C84
Change Component Designator: OldDesignator=C93 NewDesignator=C85
Change Component Designator: OldDesignator=C94 NewDesignator=C71
Change Component Designator: OldDesignator=C95 NewDesignator=C87
Change Component Designator: OldDesignator=C96 NewDesignator=C90
Change Component Designator: OldDesignator=C97 NewDesignator=C81
Change Component Designator: OldDesignator=C98 NewDesignator=C83
Change Component Designator: OldDesignator=C99 NewDesignator=C94
Change Component Designator: OldDesignator=C100 NewDesignator=C95
Change Component Designator: OldDesignator=D14 NewDesignator=D22
Change Component Designator: OldDesignator=D15 NewDesignator=D16
Change Component Designator: OldDesignator=D16 NewDesignator=D17
Change Component Designator: OldDesignator=D17 NewDesignator=D15
Change Component Designator: OldDesignator=D18 NewDesignator=D14
Change Component Designator: OldDesignator=D19 NewDesignator=D18
Change Component Designator: OldDesignator=D20 NewDesignator=D19
Change Component Designator: OldDesignator=D21 NewDesignator=D20
Change Component Designator: OldDesignator=D22 NewDesignator=D21
Change Component Designator: OldDesignator=R41 NewDesignator=R90
Change Component Designator: OldDesignator=R42 NewDesignator=R109
Change Component Designator: OldDesignator=R43 NewDesignator=R42
Change Component Designator: OldDesignator=R44 NewDesignator=R68
Change Component Designator: OldDesignator=R45 NewDesignator=R47
Change Component Designator: OldDesignator=R46 NewDesignator=R53
Change Component Designator: OldDesignator=R47 NewDesignator=R48
Change Component Designator: OldDesignator=R48 NewDesignator=R110
Change Component Designator: OldDesignator=R49 NewDesignator=R99
Change Component Designator: OldDesignator=R50 NewDesignator=R72
Change Component Designator: OldDesignator=R51 NewDesignator=R100
Change Component Designator: OldDesignator=R52 NewDesignator=R73
Change Component Designator: OldDesignator=R53 NewDesignator=R101
Change Component Designator: OldDesignator=R54 NewDesignator=R55
Change Component Designator: OldDesignator=R55 NewDesignator=R111
Change Component Designator: OldDesignator=R56 NewDesignator=R112
Change Component Designator: OldDesignator=R58 NewDesignator=R77
Change Component Designator: OldDesignator=R59 NewDesignator=R103
Change Component Designator: OldDesignator=R60 NewDesignator=R79
Change Component Designator: OldDesignator=R61 NewDesignator=R60
Change Component Designator: OldDesignator=R62 NewDesignator=R113
Change Component Designator: OldDesignator=R63 NewDesignator=R105
Change Component Designator: OldDesignator=R64 NewDesignator=R65
Change Component Designator: OldDesignator=R65 NewDesignator=R66
Change Component Designator: OldDesignator=R66 NewDesignator=R41
Change Component Designator: OldDesignator=R68 NewDesignator=R69
Change Component Designator: OldDesignator=R69 NewDesignator=R70
Change Component Designator: OldDesignator=R70 NewDesignator=R44
Change Component Designator: OldDesignator=R71 NewDesignator=R45
Change Component Designator: OldDesignator=R72 NewDesignator=R71
Change Component Designator: OldDesignator=R73 NewDesignator=R49
Change Component Designator: OldDesignator=R75 NewDesignator=R50
Change Component Designator: OldDesignator=R77 NewDesignator=R54
Change Component Designator: OldDesignator=R78 NewDesignator=R58
Change Component Designator: OldDesignator=R79 NewDesignator=R80
Change Component Designator: OldDesignator=R80 NewDesignator=R61
Change Component Designator: OldDesignator=R81 NewDesignator=R83
Change Component Designator: OldDesignator=R82 NewDesignator=R62
Change Component Designator: OldDesignator=R83 NewDesignator=R63
Change Component Designator: OldDesignator=R84 NewDesignator=R64
Change Component Designator: OldDesignator=R85 NewDesignator=R43
Change Component Designator: OldDesignator=R86 NewDesignator=R87
Change Component Designator: OldDesignator=R87 NewDesignator=R46
Change Component Designator: OldDesignator=R88 NewDesignator=R85
Change Component Designator: OldDesignator=R89 NewDesignator=R51
Change Component Designator: OldDesignator=R90 NewDesignator=R52
Change Component Designator: OldDesignator=R91 NewDesignator=R75
Change Component Designator: OldDesignator=R92 NewDesignator=R56
Change Component Designator: OldDesignator=R93 NewDesignator=R78
Change Component Designator: OldDesignator=R94 NewDesignator=R59
Change Component Designator: OldDesignator=R95 NewDesignator=R81
Change Component Designator: OldDesignator=R96 NewDesignator=R89
Change Component Designator: OldDesignator=R97 NewDesignator=R82
Change Component Designator: OldDesignator=R98 NewDesignator=R93
Change Component Designator: OldDesignator=R99 NewDesignator=R95
Change Component Designator: OldDesignator=R100 NewDesignator=R96
Change Component Designator: OldDesignator=R101 NewDesignator=R84
Change Component Designator: OldDesignator=R102 NewDesignator=R98
Change Component Designator: OldDesignator=R103 NewDesignator=R86
Change Component Designator: OldDesignator=R104 NewDesignator=R102
Change Component Designator: OldDesignator=R105 NewDesignator=R88
Change Component Designator: OldDesignator=R106 NewDesignator=R104
Change Component Designator: OldDesignator=R107 NewDesignator=R91
Change Component Designator: OldDesignator=R108 NewDesignator=R92
Change Component Designator: OldDesignator=R109 NewDesignator=R94
Change Component Designator: OldDesignator=R110 NewDesignator=R106
Change Component Designator: OldDesignator=R111 NewDesignator=R107
Change Component Designator: OldDesignator=R112 NewDesignator=R97
Change Component Designator: OldDesignator=R113 NewDesignator=R108
Change Component Designator: OldDesignator=U4 NewDesignator=U7
Added Component: Designator=C42(CAP-SMD-0603)
Add component (AddParameter): Name = "Value"; Value = "33pF"; VariantName = "[No Variations]"
Added Component: Designator=C52(CAP-SMD-0603)
Add component (AddParameter): Name = "Value"; Value = "33pF"; VariantName = "[No Variations]"
Added Component: Designator=U4(SO14)
Add component (AddParameter): Name = "Amplifier Type"; Value = "J-FET"; VariantName = "[No Variations]"
Add component (AddParameter): Name = "Category"; Value = "Integrated Circuits (ICs)"; VariantName = "[No Variations]"
Add component (AddParameter): Name = "Current - Input Bias"; Value = "50pA"; VariantName = "[No Variations]"
Add component (AddParameter): Name = "Current - Output / Channel"; Value = "-"; VariantName = "[No Variations]"
Add component (AddParameter): Name = "Current - Supply"; Value = "8mA"; VariantName = "[No Variations]"
Add component (AddParameter): Name = "Gain Bandwidth Product"; Value = "3MHz"; VariantName = "[No Variations]"
Add component (AddParameter): Name = "Manufacturer"; Value = "Texas Instruments"; VariantName = "[No Variations]"
Add component (AddParameter): Name = "Manufacturer Part Number"; Value = "LF347BD"; VariantName = "[No Variations]"
Add component (AddParameter): Name = "Number of Circuits"; Value = "4"; VariantName = "[No Variations]"
Add component (AddParameter): Name = "Operating Temperature"; Value = "0°C ~ 70°C"; VariantName = "[No Variations]"
Add component (AddParameter): Name = "Output Type"; Value = "-"; VariantName = "[No Variations]"
Add component (AddParameter): Name = "Package / Case"; Value = "14-SOIC (3.9mm Width), 14-SOL"; VariantName = "[No Variations]"
Add component (AddParameter): Name = "Packaging"; Value = "Tube"; VariantName = "[No Variations]"
Add component (AddParameter): Name = "RoHS"; Value = "RoHS Compliant"; VariantName = "[No Variations]"
Add component (AddParameter): Name = "Slew Rate"; Value = "13 V/µs"; VariantName = "[No Variations]"
Add component (AddParameter): Name = "Supplier"; Value = "Digi-Key"; VariantName = "[No Variations]"
Add component (AddParameter): Name = "Supplier 1"; Value = "Digi-Key"; VariantName = "[No Variations]"
Add component (AddParameter): Name = "Supplier Part Number"; Value = "296-7136-5-ND"; VariantName = "[No Variations]"
Add component (AddParameter): Name = "Supplier Part Number 1"; Value = "296-7136-5-ND"; VariantName = "[No Variations]"
Add component (AddParameter): Name = "Text Field1"; Value = "pristel=Nsc\nsanopea\<parttype>.ckt"; VariantName = "[No Variations]"
Add component (AddParameter): Name = "Voltage - Input Offset"; Value = "3000µV"; VariantName = "[No Variations]"
Add component (AddParameter): Name = "Voltage - Supply, Single/Dual (±)"; Value = "7 V ~ 36 V, ±3.5 V ~ 18 V"; VariantName = "[No Variations]"
Added Pin To Net: NetName=+12V Pin=C42-1
Added Pin To Net: NetName=GND Pin=C42-2
Added Pin To Net: NetName=GND Pin=C52-1
Added Pin To Net: NetName=-12V Pin=C52-2
Added Pin To Net: NetName=NetC92_2 Pin=R47-6
Added Pin To Net: NetName=NetC51_1 Pin=R48-7
Added Pin To Net: NetName=NetC67_1 Pin=R48-8
Added Pin To Net: NetName=NetJ1_33 Pin=R78-2
Added Pin To Net: NetName=NetJ1_36 Pin=R82-2
Added Pin To Net: NetName=NetJ1_7 Pin=R89-2
Added Pin To Net: NetName=NetJ1_7 Pin=R93-1
Added Pin To Net: NetName=NetJ1_8 Pin=R93-2
Added Pin To Net: NetName=NetJ1_8 Pin=R96-2
Added Pin To Net: NetName=NetJ1_9 Pin=R110-1
Added Pin To Net: NetName=NetJ1_11 Pin=R111-1
Added Pin To Net: NetName=NetC74_1 Pin=U4-3
Added Pin To Net: NetName=+12V Pin=U4-4
Added Pin To Net: NetName=NetC78_1 Pin=U4-8
Added Pin To Net: NetName=NetC78_2 Pin=U4-9
Added Pin To Net: NetName=NetC91_2 Pin=U4-10
Added Pin To Net: NetName=-12V Pin=U4-11
Added Pin To Net: NetName=NetC90_1 Pin=U4-12
Added Pin To Net: NetName=NetC42_1 Pin=U5-8
Added Pin To Net: NetName=NetC42_2 Pin=U5-9
Added Pin To Net: NetName=NetC52_1 Pin=U5-10
Added Pin To Net: NetName=NetC49_1 Pin=U5-12
Added Pin To Net: NetName=NetC58_2 Pin=U6-1
Added Pin To Net: NetName=NetC58_1 Pin=U6-2
Added Pin To Net: NetName=NetC66_1 Pin=U6-3
Added Pin To Net: NetName=NetC50_1 Pin=U6-5
Added Pin To Net: NetName=NetC44_1 Pin=U6-6
Added Pin To Net: NetName=NetC44_2 Pin=U6-7
Added Pin To Net: NetName=NetC94_1 Pin=U6-8
Added Pin To Net: NetName=NetC94_2 Pin=U6-9
Added Pin To Net: NetName=NetC97_2 Pin=U6-10
Added Pin To Net: NetName=NetC77_1 Pin=U7-1
Added Pin To Net: NetName=NetC77_2 Pin=U7-2
Added Pin To Net: NetName=NetC88_2 Pin=U7-3
Added Pin To Net: NetName=NetC64_2 Pin=U7-5
Added Pin To Net: NetName=NetC57_2 Pin=U7-6
Added Pin To Net: NetName=NetC57_1 Pin=U7-7
Change Net Name : Old Net Name=NetC22_2 New Net Name=NetC20_2
Change Net Name : Old Net Name=NetC24_2 New Net Name=NetC22_2
Change Net Name : Old Net Name=NetC25_2 New Net Name=NetC23_2
Change Net Name : Old Net Name=NetC26_2 New Net Name=NetC24_2
Change Net Name : Old Net Name=NetC27_2 New Net Name=NetC25_2
Change Net Name : Old Net Name=NetC29_2 New Net Name=NetC27_2
Change Net Name : Old Net Name=NetC31_2 New Net Name=NetC29_2
Change Net Name : Old Net Name=NetC32_2 New Net Name=NetC30_2
Change Net Name : Old Net Name=NetC33_2 New Net Name=NetC31_2
Change Net Name : Old Net Name=NetC34_2 New Net Name=NetC32_2
Change Net Name : Old Net Name=NetC35_2 New Net Name=NetC33_2
Change Net Name : Old Net Name=NetC36_2 New Net Name=NetC34_2
Change Net Name : Old Net Name=NetC37_2 New Net Name=NetC35_2
Change Net Name : Old Net Name=NetC39_2 New Net Name=NetC37_2
Change Net Name : Old Net Name=NetC40_1 New Net Name=NetC38_1
Change Net Name : Old Net Name=NetC42_1 New Net Name=NetC96_1
Change Net Name : Old Net Name=NetC42_2 New Net Name=NetC96_2
Change Net Name : Old Net Name=NetC43_1 New Net Name=NetC82_1
Change Net Name : Old Net Name=NetC43_2 New Net Name=NetC82_2
Change Net Name : Old Net Name=NetC44_1 New Net Name=NetC59_1
Change Net Name : Old Net Name=NetC44_2 New Net Name=NetC59_2
Change Net Name : Old Net Name=NetC48_2 New Net Name=NetC89_2
Change Net Name : Old Net Name=NetC49_1 New Net Name=NetC97_1
Change Net Name : Old Net Name=NetC50_1 New Net Name=NetC62_1
Change Net Name : Old Net Name=NetC51_1 New Net Name=NetC64_1
Change Net Name : Old Net Name=NetC52_1 New Net Name=NetC98_1
Change Net Name : Old Net Name=NetC54_2 New Net Name=NetC91_2
Change Net Name : Old Net Name=NetC57_1 New Net Name=NetC58_1
Change Net Name : Old Net Name=NetC57_2 New Net Name=NetC58_2
Change Net Name : Old Net Name=NetC58_1 New Net Name=NetC41_1
Change Net Name : Old Net Name=NetC58_2 New Net Name=NetC41_2
Change Net Name : Old Net Name=NetC60_1 New Net Name=NetC43_1
Change Net Name : Old Net Name=NetC61_2 New Net Name=NetC45_2
Change Net Name : Old Net Name=NetC64_2 New Net Name=NetC61_2
Change Net Name : Old Net Name=NetC65_1 New Net Name=NetC63_1
Change Net Name : Old Net Name=NetC66_1 New Net Name=NetC50_1
Change Net Name : Old Net Name=NetC67_1 New Net Name=NetC51_1
Change Net Name : Old Net Name=NetC74_1 New Net Name=NetC55_1
Change Net Name : Old Net Name=NetC77_1 New Net Name=NetC40_1
Change Net Name : Old Net Name=NetC77_2 New Net Name=NetC40_2
Change Net Name : Old Net Name=NetC78_1 New Net Name=NetC60_1
Change Net Name : Old Net Name=NetC78_2 New Net Name=NetC60_2
Change Net Name : Old Net Name=NetC87_1 New Net Name=NetC72_1
Change Net Name : Old Net Name=NetC87_2 New Net Name=NetC72_2
Change Net Name : Old Net Name=NetC88_2 New Net Name=NetC48_2
Change Net Name : Old Net Name=NetC89_1 New Net Name=NetC49_1
Change Net Name : Old Net Name=NetC90_1 New Net Name=NetC69_1
Change Net Name : Old Net Name=NetC91_2 New Net Name=NetC70_2
Change Net Name : Old Net Name=NetC92_2 New Net Name=NetC84_2
Change Net Name : Old Net Name=NetC93_1 New Net Name=NetC85_1
Change Net Name : Old Net Name=NetC93_2 New Net Name=NetC85_2
Change Net Name : Old Net Name=NetC94_1 New Net Name=NetC71_1
Change Net Name : Old Net Name=NetC94_2 New Net Name=NetC71_2
Change Net Name : Old Net Name=NetC97_2 New Net Name=NetC81_2
Change Net Name : Old Net Name=NetC98_1 New Net Name=NetC83_1
Change Net Name : Old Net Name=NetC99_2 New Net Name=NetC94_2
Change Net Name : Old Net Name=NetC100_1 New Net Name=NetC95_1
Change Net Name : Old Net Name=NetR43_2 New Net Name=NetR42_2
Change Net Name : Old Net Name=NetR45_1 New Net Name=NetR47_1
Change Net Name : Old Net Name=NetR45_2 New Net Name=NetR47_2
Change Net Name : Old Net Name=NetR45_3 New Net Name=NetR47_3
Change Net Name : Old Net Name=NetR45_4 New Net Name=NetR47_4
Change Net Name : Old Net Name=NetR46_1 New Net Name=NetR53_1
Change Net Name : Old Net Name=NetR46_2 New Net Name=NetR53_2
Change Net Name : Old Net Name=NetR46_3 New Net Name=NetR53_3
Change Net Name : Old Net Name=NetR46_4 New Net Name=NetR53_4
Change Net Name : Old Net Name=NetR47_1 New Net Name=NetR48_1
Change Net Name : Old Net Name=NetR47_2 New Net Name=NetR48_2
Change Net Name : Old Net Name=NetR47_3 New Net Name=NetR48_3
Change Net Name : Old Net Name=NetR47_4 New Net Name=NetR48_4
Change Net Name : Old Net Name=NetR51_1 New Net Name=NetR100_1
Change Net Name : Old Net Name=NetR106_1 New Net Name=NetR104_1
Change Net Name : Old Net Name=NetR110_1 New Net Name=NetR106_1
Added Pin To Net: NetName=NetC53_1 Pin=C53-1
Added Pin To Net: NetName=NetC53_1 Pin=R62-1
Added Pin To Net: NetName=NetC53_1 Pin=U4-5
Added Net: Name=NetC53_1
Added Pin To Net: NetName=NetC88_2 Pin=C88-2
Added Pin To Net: NetName=NetC88_2 Pin=R53-6
Added Pin To Net: NetName=NetC88_2 Pin=R100-2
Added Net: Name=NetC88_2
Added Pin To Net: NetName=NetC90_1 Pin=C90-1
Added Pin To Net: NetName=NetC90_1 Pin=R47-5
Added Pin To Net: NetName=NetC90_1 Pin=R104-2
Added Net: Name=NetC90_1
Added Pin To Net: NetName=NetR44_1 Pin=R44-1
Added Pin To Net: NetName=NetR44_1 Pin=R45-2
Added Pin To Net: NetName=NetR44_1 Pin=U4-2
Added Net: Name=NetR44_1
Added Pin To Net: NetName=NetR45_1 Pin=R45-1
Added Pin To Net: NetName=NetR45_1 Pin=R62-2
Added Pin To Net: NetName=NetR45_1 Pin=U4-1
Added Net: Name=NetR45_1
Added Pin To Net: NetName=NetR53_5 Pin=R53-5
Added Pin To Net: NetName=NetR53_5 Pin=U5-13
Added Pin To Net: NetName=NetR53_5 Pin=U5-14
Added Net: Name=NetR53_5
Added Pin To Net: NetName=NetR53_7 Pin=R53-7
Added Pin To Net: NetName=NetR53_7 Pin=U4-13
Added Pin To Net: NetName=NetR53_7 Pin=U4-14
Added Net: Name=NetR53_7
Added Pin To Net: NetName=NetR53_8 Pin=R53-8
Added Pin To Net: NetName=NetR53_8 Pin=U4-6
Added Pin To Net: NetName=NetR53_8 Pin=U4-7
Added Net: Name=NetR53_8
Added Member To Class: ClassName=INV.CTL.V1 Member=Component C58 0603
Added Member To Class: ClassName=INV.CTL.V1 Member=Component C98 0603
