Change Component Designator: Old Designator=* New Designator=*13
Change Component Designator: Old Designator=*? New Designator=*1
Change Component Designator: Old Designator=*? New Designator=*2
Change Component Designator: Old Designator=*? New Designator=*3
Change Component Designator: Old Designator=*? New Designator=*4
Change Component Designator: Old Designator=*? New Designator=*5
Change Component Designator: Old Designator=*? New Designator=*6
Change Component Designator: Old Designator=*? New Designator=*7
Change Component Designator: Old Designator=*? New Designator=*8
Change Component Designator: Old Designator=*? New Designator=*9
Change Component Designator: Old Designator=*? New Designator=*10
Change Component Designator: Old Designator=*? New Designator=*11
Change Component Designator: Old Designator=*? New Designator=*12
Change Component Designator: Old Designator=*? New Designator=*14
Change Component Designator: Old Designator=*? New Designator=*15
Change Component Designator: Old Designator=*? New Designator=*16
Change Component Designator: Old Designator=*? New Designator=*17
Change Component Designator: Old Designator=*? New Designator=*18
Change Component Designator: Old Designator=376 New Designator=1
Change Component Designator: Old Designator=C1 New Designator=C86
Change Component Designator: Old Designator=C2 New Designator=C85
Change Component Designator: Old Designator=C3 New Designator=C88
Change Component Designator: Old Designator=C4 New Designator=C89
Change Component Designator: Old Designator=C5 New Designator=C92
Change Component Designator: Old Designator=C6 New Designator=C8
Change Component Designator: Old Designator=C7 New Designator=C91
Change Component Designator: Old Designator=C8 New Designator=C87
Change Component Designator: Old Designator=C12 New Designator=C66
Change Component Designator: Old Designator=C14 New Designator=C9
Change Component Designator: Old Designator=C15 New Designator=C38
Change Component Designator: Old Designator=C16 New Designator=C68
Change Component Designator: Old Designator=C22 New Designator=C13
Change Component Designator: Old Designator=C23 New Designator=C12
Change Component Designator: Old Designator=C25 New Designator=C62
Change Component Designator: Old Designator=C27 New Designator=C14
Change Component Designator: Old Designator=C37 New Designator=C15
Change Component Designator: Old Designator=C53 New Designator=C16
Change Component Designator: Old Designator=C56 New Designator=C10
Change Component Designator: Old Designator=C63 New Designator=C3
Change Component Designator: Old Designator=C66 New Designator=C48
Change Component Designator: Old Designator=C143 New Designator=C18
Change Component Designator: Old Designator=C147 New Designator=C67
Change Component Designator: Old Designator=C152 New Designator=C6
Change Component Designator: Old Designator=C153 New Designator=C7
Change Component Designator: Old Designator=C155 New Designator=C5
Change Component Designator: Old Designator=C156 New Designator=C4
Change Component Designator: Old Designator=C157 New Designator=C1
Change Component Designator: Old Designator=C158 New Designator=C2
Change Component Designator: Old Designator=C166 New Designator=C73
Change Component Designator: Old Designator=C167 New Designator=C81
Change Component Designator: Old Designator=C168 New Designator=C71
Change Component Designator: Old Designator=C169 New Designator=C82
Change Component Designator: Old Designator=C196 New Designator=C35
Change Component Designator: Old Designator=C197 New Designator=C20
Change Component Designator: Old Designator=C198 New Designator=C22
Change Component Designator: Old Designator=C199 New Designator=C21
Change Component Designator: Old Designator=C202 New Designator=C19
Change Component Designator: Old Designator=C203 New Designator=C51
Change Component Designator: Old Designator=C204 New Designator=C50
Change Component Designator: Old Designator=C205 New Designator=C52
Change Component Designator: Old Designator=C206 New Designator=C31
Change Component Designator: Old Designator=C207 New Designator=C32
Change Component Designator: Old Designator=C208 New Designator=C30
Change Component Designator: Old Designator=C209 New Designator=C23
Change Component Designator: Old Designator=C210 New Designator=C39
Change Component Designator: Old Designator=C211 New Designator=C70
Change Component Designator: Old Designator=C211 New Designator=C93
Change Component Designator: Old Designator=C212 New Designator=C75
Change Component Designator: Old Designator=C214 New Designator=C74
Change Component Designator: Old Designator=C215 New Designator=C69
Change Component Designator: Old Designator=C216 New Designator=C72
Change Component Designator: Old Designator=C217 New Designator=C79
Change Component Designator: Old Designator=C218 New Designator=C78
Change Component Designator: Old Designator=C219 New Designator=C77
Change Component Designator: Old Designator=C220 New Designator=C90
Change Component Designator: Old Designator=C221 New Designator=C24
Change Component Designator: Old Designator=C223 New Designator=C33
Change Component Designator: Old Designator=C224 New Designator=C29
Change Component Designator: Old Designator=C225 New Designator=C28
Change Component Designator: Old Designator=C226 New Designator=C26
Change Component Designator: Old Designator=C227 New Designator=C25
Change Component Designator: Old Designator=C228 New Designator=C27
Change Component Designator: Old Designator=C229 New Designator=C42
Change Component Designator: Old Designator=C230 New Designator=C47
Change Component Designator: Old Designator=C231 New Designator=C43
Change Component Designator: Old Designator=C232 New Designator=C46
Change Component Designator: Old Designator=C233 New Designator=C45
Change Component Designator: Old Designator=C234 New Designator=C44
Change Component Designator: Old Designator=C235 New Designator=C49
Change Component Designator: Old Designator=C236 New Designator=C41
Change Component Designator: Old Designator=C239 New Designator=C57
Change Component Designator: Old Designator=C240 New Designator=C56
Change Component Designator: Old Designator=C241 New Designator=C61
Change Component Designator: Old Designator=C242 New Designator=C60
Change Component Designator: Old Designator=C243 New Designator=C53
Change Component Designator: Old Designator=C244 New Designator=C59
Change Component Designator: Old Designator=C245 New Designator=C55
Change Component Designator: Old Designator=C246 New Designator=C54
Change Component Designator: Old Designator=C247 New Designator=C58
Change Component Designator: Old Designator=C248 New Designator=C64
Change Component Designator: Old Designator=C249 New Designator=C65
Change Component Designator: Old Designator=C250 New Designator=C63
Change Component Designator: Old Designator=C252 New Designator=C76
Change Component Designator: Old Designator=C253 New Designator=C80
Change Component Designator: Old Designator=C254 New Designator=C84
Change Component Designator: Old Designator=C312 New Designator=C40
Change Component Designator: Old Designator=C433 New Designator=C11
Change Component Designator: Old Designator=C433 New Designator=C17
Change Component Designator: Old Designator=C436 New Designator=C83
Change Component Designator: Old Designator=C? New Designator=C34
Change Component Designator: Old Designator=C? New Designator=C36
Change Component Designator: Old Designator=C? New Designator=C37
Change Component Designator: Old Designator=D4 New Designator=D6
Change Component Designator: Old Designator=D26 New Designator=D17
Change Component Designator: Old Designator=D34 New Designator=D5
Change Component Designator: Old Designator=D35 New Designator=D1
Change Component Designator: Old Designator=D36 New Designator=D2
Change Component Designator: Old Designator=D42 New Designator=D3
Change Component Designator: Old Designator=D44 New Designator=D4
Change Component Designator: Old Designator=D53 New Designator=D8
Change Component Designator: Old Designator=D54 New Designator=D18
Change Component Designator: Old Designator=D55 New Designator=D19
Change Component Designator: Old Designator=D56 New Designator=D25
Change Component Designator: Old Designator=D57 New Designator=D12
Change Component Designator: Old Designator=D58 New Designator=D22
Change Component Designator: Old Designator=D59 New Designator=D27
Change Component Designator: Old Designator=D60 New Designator=D13
Change Component Designator: Old Designator=D61 New Designator=D26
Change Component Designator: Old Designator=D62 New Designator=D24
Change Component Designator: Old Designator=D63 New Designator=D7
Change Component Designator: Old Designator=D64 New Designator=D14
Change Component Designator: Old Designator=D65 New Designator=D15
Change Component Designator: Old Designator=D66 New Designator=D20
Change Component Designator: Old Designator=D67 New Designator=D16
Change Component Designator: Old Designator=D68 New Designator=D21
Change Component Designator: Old Designator=D69 New Designator=D23
Change Component Designator: Old Designator=D70 New Designator=D9
Change Component Designator: Old Designator=D71 New Designator=D11
Change Component Designator: Old Designator=D72 New Designator=D10
Change Component Designator: Old Designator=H? New Designator=H1
Change Component Designator: Old Designator=H? New Designator=H2
Change Component Designator: Old Designator=J3 New Designator=J5
Change Component Designator: Old Designator=J4 New Designator=J1
Change Component Designator: Old Designator=J11 New Designator=J3
Change Component Designator: Old Designator=J? New Designator=J4
Change Component Designator: Old Designator=K1 New Designator=K3
Change Component Designator: Old Designator=K2 New Designator=K4
Change Component Designator: Old Designator=K3 New Designator=K5
Change Component Designator: Old Designator=K4 New Designator=K1
Change Component Designator: Old Designator=K5 New Designator=K2
Change Component Designator: Old Designator=L1A New Designator=L10
Change Component Designator: Old Designator=L1B New Designator=L11
Change Component Designator: Old Designator=L2A New Designator=L3
Change Component Designator: Old Designator=L2B New Designator=L4
Change Component Designator: Old Designator=L4A New Designator=L2
Change Component Designator: Old Designator=L4B New Designator=L5
Change Component Designator: Old Designator=L11 New Designator=L1
Change Component Designator: Old Designator=L12 New Designator=L6
Change Component Designator: Old Designator=L13 New Designator=L7
Change Component Designator: Old Designator=L15 New Designator=L8
Change Component Designator: Old Designator=L16 New Designator=L9
Change Component Designator: Old Designator=P46 New Designator=P1
Change Component Designator: Old Designator=PV +? New Designator=PV +1
Change Component Designator: Old Designator=Q19 New Designator=Q1
Change Component Designator: Old Designator=Q23 New Designator=Q4
Change Component Designator: Old Designator=Q24 New Designator=Q3
Change Component Designator: Old Designator=Q25 New Designator=Q5
Change Component Designator: Old Designator=R1 New Designator=R131
Change Component Designator: Old Designator=R2 New Designator=R137
Change Component Designator: Old Designator=R3 New Designator=R99
Change Component Designator: Old Designator=R3 New Designator=R138
Change Component Designator: Old Designator=R4 New Designator=R144
Change Component Designator: Old Designator=R10 New Designator=R19
Change Component Designator: Old Designator=R12 New Designator=R30
Change Component Designator: Old Designator=R13 New Designator=R77
Change Component Designator: Old Designator=R14 New Designator=R101
Change Component Designator: Old Designator=R16 New Designator=R40
Change Component Designator: Old Designator=R17 New Designator=R76
Change Component Designator: Old Designator=R18 New Designator=R114
Change Component Designator: Old Designator=R19 New Designator=R80
Change Component Designator: Old Designator=R20 New Designator=R49
Change Component Designator: Old Designator=R21 New Designator=R123
Change Component Designator: Old Designator=R23 New Designator=R146
Change Component Designator: Old Designator=R24 New Designator=R61
Change Component Designator: Old Designator=R25 New Designator=R4
Change Component Designator: Old Designator=R26 New Designator=R92
Change Component Designator: Old Designator=R28 New Designator=R120
Change Component Designator: Old Designator=R30 New Designator=R119
Change Component Designator: Old Designator=R39 New Designator=R50
Change Component Designator: Old Designator=R42 New Designator=R31
Change Component Designator: Old Designator=R44 New Designator=R20
Change Component Designator: Old Designator=R45 New Designator=R82
Change Component Designator: Old Designator=R46 New Designator=R147
Change Component Designator: Old Designator=R50 New Designator=R102
Change Component Designator: Old Designator=R51 New Designator=R95
Change Component Designator: Old Designator=R70 New Designator=R143
Change Component Designator: Old Designator=R189 New Designator=R96
Change Component Designator: Old Designator=R190 New Designator=R66
Change Component Designator: Old Designator=R191 New Designator=R87
Change Component Designator: Old Designator=R199 New Designator=R9
Change Component Designator: Old Designator=R200 New Designator=R11
Change Component Designator: Old Designator=R201 New Designator=R12
Change Component Designator: Old Designator=R202 New Designator=R18
Change Component Designator: Old Designator=R203 New Designator=R21
Change Component Designator: Old Designator=R204 New Designator=R39
Change Component Designator: Old Designator=R205 New Designator=R51
Change Component Designator: Old Designator=R207 New Designator=R53
Change Component Designator: Old Designator=R208 New Designator=R17
Change Component Designator: Old Designator=R209 New Designator=R42
Change Component Designator: Old Designator=R218 New Designator=R1
Change Component Designator: Old Designator=R219 New Designator=R5
Change Component Designator: Old Designator=R221 New Designator=R85
Change Component Designator: Old Designator=R222 New Designator=R3
Change Component Designator: Old Designator=R224 New Designator=R2
Change Component Designator: Old Designator=R231 New Designator=R10
Change Component Designator: Old Designator=R232 New Designator=R32
Change Component Designator: Old Designator=R239 New Designator=R126
Change Component Designator: Old Designator=R240 New Designator=R116
Change Component Designator: Old Designator=R241 New Designator=R29
Change Component Designator: Old Designator=R242 New Designator=R28
Change Component Designator: Old Designator=R243 New Designator=R27
Change Component Designator: Old Designator=R244 New Designator=R26
Change Component Designator: Old Designator=R245 New Designator=R108
Change Component Designator: Old Designator=R246 New Designator=R38
Change Component Designator: Old Designator=R247 New Designator=R37
Change Component Designator: Old Designator=R248 New Designator=R36
Change Component Designator: Old Designator=R249 New Designator=R35
Change Component Designator: Old Designator=R251 New Designator=R105
Change Component Designator: Old Designator=R261 New Designator=R43
Change Component Designator: Old Designator=R262 New Designator=R44
Change Component Designator: Old Designator=R263 New Designator=R45
Change Component Designator: Old Designator=R264 New Designator=R46
Change Component Designator: Old Designator=R267 New Designator=R13
Change Component Designator: Old Designator=R268 New Designator=R14
Change Component Designator: Old Designator=R269 New Designator=R15
Change Component Designator: Old Designator=R270 New Designator=R16
Change Component Designator: Old Designator=R290 New Designator=R25
Change Component Designator: Old Designator=R291 New Designator=R24
Change Component Designator: Old Designator=R292 New Designator=R23
Change Component Designator: Old Designator=R293 New Designator=R22
Change Component Designator: Old Designator=R294 New Designator=R57
Change Component Designator: Old Designator=R295 New Designator=R60
Change Component Designator: Old Designator=R311 New Designator=R8
Change Component Designator: Old Designator=R318 New Designator=R58
Change Component Designator: Old Designator=R319 New Designator=R55
Change Component Designator: Old Designator=R320 New Designator=R48
Change Component Designator: Old Designator=R321 New Designator=R34
Change Component Designator: Old Designator=R322 New Designator=R132
Change Component Designator: Old Designator=R323 New Designator=R133
Change Component Designator: Old Designator=R324 New Designator=R134
Change Component Designator: Old Designator=R325 New Designator=R135
Change Component Designator: Old Designator=R326 New Designator=R139
Change Component Designator: Old Designator=R327 New Designator=R140
Change Component Designator: Old Designator=R328 New Designator=R141
Change Component Designator: Old Designator=R329 New Designator=R142
Change Component Designator: Old Designator=R351 New Designator=R63
Change Component Designator: Old Designator=R352 New Designator=R83
Change Component Designator: Old Designator=R354 New Designator=R84
Change Component Designator: Old Designator=R355 New Designator=R88
Change Component Designator: Old Designator=R356 New Designator=R62
Change Component Designator: Old Designator=R357 New Designator=R127
Change Component Designator: Old Designator=R358 New Designator=R130
Change Component Designator: Old Designator=R359 New Designator=R68
Change Component Designator: Old Designator=R360 New Designator=R69
Change Component Designator: Old Designator=R361 New Designator=R64
Change Component Designator: Old Designator=R362 New Designator=R103
Change Component Designator: Old Designator=R363 New Designator=R145
Change Component Designator: Old Designator=R364 New Designator=R109
Change Component Designator: Old Designator=R365 New Designator=R121
Change Component Designator: Old Designator=R366 New Designator=R122
Change Component Designator: Old Designator=R368 New Designator=R118
Change Component Designator: Old Designator=R369 New Designator=R104
Change Component Designator: Old Designator=R370 New Designator=R117
Change Component Designator: Old Designator=R371 New Designator=R112
Change Component Designator: Old Designator=R372 New Designator=R110
Change Component Designator: Old Designator=R373 New Designator=R136
Change Component Designator: Old Designator=R374 New Designator=R125
Change Component Designator: Old Designator=R375 New Designator=R65
Change Component Designator: Old Designator=R376 New Designator=R73
Change Component Designator: Old Designator=R377 New Designator=R70
Change Component Designator: Old Designator=R378 New Designator=R71
Change Component Designator: Old Designator=R379 New Designator=R74
Change Component Designator: Old Designator=R380 New Designator=R67
Change Component Designator: Old Designator=R381 New Designator=R72
Change Component Designator: Old Designator=R382 New Designator=R75
Change Component Designator: Old Designator=R383 New Designator=R89
Change Component Designator: Old Designator=R385 New Designator=R93
Change Component Designator: Old Designator=R386 New Designator=R79
Change Component Designator: Old Designator=R387 New Designator=R98
Change Component Designator: Old Designator=R388 New Designator=R90
Change Component Designator: Old Designator=R390 New Designator=R86
Change Component Designator: Old Designator=R391 New Designator=R81
Change Component Designator: Old Designator=R392 New Designator=R78
Change Component Designator: Old Designator=R393 New Designator=R91
Change Component Designator: Old Designator=R394 New Designator=R111
Change Component Designator: Old Designator=R395 New Designator=R106
Change Component Designator: Old Designator=R396 New Designator=R97
Change Component Designator: Old Designator=R397 New Designator=R100
Change Component Designator: Old Designator=R398 New Designator=R113
Change Component Designator: Old Designator=R399 New Designator=R129
Change Component Designator: Old Designator=R400 New Designator=R128
Change Component Designator: Old Designator=R401 New Designator=R124
Change Component Designator: Old Designator=R420 New Designator=R115
Change Component Designator: Old Designator=R421 New Designator=R107
Change Component Designator: Old Designator=R424 New Designator=R7
Change Component Designator: Old Designator=R425 New Designator=R6
Change Component Designator: Old Designator=R426 New Designator=R94
Change Component Designator: Old Designator=R435 New Designator=R52
Change Component Designator: Old Designator=R436 New Designator=R56
Change Component Designator: Old Designator=R437 New Designator=R59
Change Component Designator: Old Designator=R438 New Designator=R33
Change Component Designator: Old Designator=R439 New Designator=R47
Change Component Designator: Old Designator=R440 New Designator=R54
Change Component Designator: Old Designator=RV3 New Designator=RV4
Change Component Designator: Old Designator=RV7 New Designator=RV1
Change Component Designator: Old Designator=RV8 New Designator=RV3
Change Component Designator: Old Designator=RV9 New Designator=RV2
Change Component Designator: Old Designator=T4 New Designator=T1
Change Component Designator: Old Designator=T5 New Designator=T2
Change Component Designator: Old Designator=U1 New Designator=U10
Change Component Designator: Old Designator=U8 New Designator=U2
Change Component Designator: Old Designator=U26 New Designator=U1
Change Component Designator: Old Designator=U34 New Designator=U7
Change Component Designator: Old Designator=U40 New Designator=U6
Change Component Designator: Old Designator=U41 New Designator=U5
Change Component Designator: Old Designator=U42 New Designator=U3
Change Component Designator: Old Designator=U43 New Designator=U4
Change Component Designator: Old Designator=U44 New Designator=U8
Change Component Designator: Old Designator=U45 New Designator=U9
Change Component Designator: Old Designator=V1 New Designator=V2
Change Component Designator: Old Designator=V2 New Designator=V1
